#
# There is insufficient memory for the Java Runtime Environment to continue.
# Native memory allocation (malloc) failed to allocate 1074672 bytes. Error detail: Chunk::new
# Possible reasons:
#   The system is out of physical RAM or swap space
#   This process is running with CompressedOops enabled, and the Java Heap may be blocking the growth of the native heap
# Possible solutions:
#   Reduce memory load on the system
#   Increase physical memory or swap space
#   Check if swap backing store is full
#   Decrease Java heap size (-Xmx/-Xms)
#   Decrease number of Java threads
#   Decrease Java thread stack sizes (-Xss)
#   Set larger code cache with -XX:ReservedCodeCacheSize=
#   JVM is running with Unscaled Compressed Oops mode in which the Java heap is
#     placed in the first 4GB address space. The Java Heap base address is the
#     maximum limit for the native heap growth. Please use -XX:HeapBaseMinAddress
#     to set the Java Heap base and to place the Java Heap above 4GB virtual address.
# This output file may be truncated or incomplete.
#
#  Out of Memory Error (arena.cpp:168), pid=14200, tid=17724
#
# JRE version: OpenJDK Runtime Environment Temurin-21.0.10+7 (21.0.10+7) (build 21.0.10+7-LTS)
# Java VM: OpenJDK 64-Bit Server VM Temurin-21.0.10+7 (21.0.10+7-LTS, mixed mode, sharing, tiered, compressed oops, compressed class ptrs, parallel gc, windows-amd64)
# No core dump will be written. Minidumps are not enabled by default on client versions of Windows
#

---------------  S U M M A R Y ------------

Command Line: --add-modules=ALL-SYSTEM --add-opens=java.base/java.util=ALL-UNNAMED --add-opens=java.base/java.lang=ALL-UNNAMED --add-opens=java.base/sun.nio.fs=ALL-UNNAMED -Declipse.application=org.eclipse.jdt.ls.core.id1 -Dosgi.bundles.defaultStartLevel=4 -Declipse.product=org.eclipse.jdt.ls.core.product -Djava.import.generatesMetadataFilesAtProjectRoot=false -DDetectVMInstallationsJob.disabled=true -Dfile.encoding=utf8 -XX:+UseParallelGC -XX:GCTimeRatio=4 -XX:AdaptiveSizePolicyWeight=90 -Dsun.zip.disableMemoryMapping=true -Xmx2G -Xms100m -Xlog:disable -javaagent:c:\Users\Admin\.antigravity\extensions\redhat.java-1.54.0-win32-x64\lombok\lombok-1.18.39-4050.jar -XX:+HeapDumpOnOutOfMemoryError -XX:HeapDumpPath=c:\Users\Admin\AppData\Roaming\Antigravity\User\workspaceStorage\dffee3d69171cb4c4b6eecd46c920398\redhat.java -Daether.dependencyCollector.impl=bf c:\Users\Admin\.antigravity\extensions\redhat.java-1.54.0-win32-x64\server\plugins\org.eclipse.equinox.launcher_1.7.100.v20251111-0406.jar -configuration c:\Users\Admin\AppData\Roaming\Antigravity\User\globalStorage\redhat.java\1.54.0\config_win -data c:\Users\Admin\AppData\Roaming\Antigravity\User\workspaceStorage\dffee3d69171cb4c4b6eecd46c920398\redhat.java\jdt_ws --pipe=\\.\pipe\lsp-c648d78b2bcfad10c2cd8a655de010b4-sock

Host: Intel(R) Core(TM) i5-10310U CPU @ 1.70GHz, 8 cores, 15G,  Windows 11 , 64 bit Build 26100 (10.0.26100.8246)
Time: Wed Apr 22 12:50:28 2026 India Standard Time elapsed time: 1719.731342 seconds (0d 0h 28m 39s)

---------------  T H R E A D  ---------------

Current thread (0x0000027abeddba30):  JavaThread "C2 CompilerThread0" daemon [_thread_in_native, id=17724, stack(0x000000a02a400000,0x000000a02a500000) (1024K)]


Current CompileTask:
C2:1719731 14988       4       java.lang.invoke.DirectMethodHandle::make (275 bytes)

Stack: [0x000000a02a400000,0x000000a02a500000]
Native frames: (J=compiled Java code, j=interpreted, Vv=VM code, C=native code)
V  [jvm.dll+0x6d7a39]
V  [jvm.dll+0x8b4b26]
V  [jvm.dll+0x8b70de]
V  [jvm.dll+0x8b77c3]
V  [jvm.dll+0x284346]
V  [jvm.dll+0xc66ed]
V  [jvm.dll+0xc6c31]
V  [jvm.dll+0x3bec3b]
V  [jvm.dll+0x38b162]
V  [jvm.dll+0x38a5aa]
V  [jvm.dll+0x24c560]
V  [jvm.dll+0x24bb40]
V  [jvm.dll+0x1cb34e]
V  [jvm.dll+0x25b85d]
V  [jvm.dll+0x259dea]
V  [jvm.dll+0x3f857e]
V  [jvm.dll+0x85f59d]
V  [jvm.dll+0x6d626d]
C  [ucrtbase.dll+0x37b0]
C  [KERNEL32.DLL+0x2e8d7]
C  [ntdll.dll+0x8c3fc]


---------------  P R O C E S S  ---------------

Threads class SMR info:
_java_thread_list=0x0000027b1f885030, length=49, elements={
0x0000027abee5dc70, 0x0000027abef19f00, 0x0000027abef1c650, 0x0000027abedd8b00,
0x0000027abedd97e0, 0x0000027abedda240, 0x0000027abeddaca0, 0x0000027abeddba30,
0x0000027b18118120, 0x0000027b1833d0f0, 0x0000027b1840b2f0, 0x0000027b188255b0,
0x0000027b181ea240, 0x0000027b185fed30, 0x0000027b18127d90, 0x0000027b18889c20,
0x0000027b18c282c0, 0x0000027b1d461000, 0x0000027b18938190, 0x0000027b18763c30,
0x0000027b187621f0, 0x0000027b18764950, 0x0000027b187614d0, 0x0000027b18764fe0,
0x0000027b18765d00, 0x0000027b18765670, 0x0000027b18762880, 0x0000027b18766390,
0x0000027b18762f10, 0x0000027b187670b0, 0x0000027b18766a20, 0x0000027b18768460,
0x0000027b18768af0, 0x0000027b201469b0, 0x0000027b187642c0, 0x0000027b20146320,
0x0000027b1f936350, 0x0000027b1f939140, 0x0000027b1f939e60, 0x0000027b1f9369e0,
0x0000027b1f937700, 0x0000027b20145600, 0x0000027b187635a0, 0x0000027b18761b60,
0x0000027b18767740, 0x0000027b18767dd0, 0x0000027b2b86a0d0, 0x0000027b2b86de20,
0x0000027b1f93b8a0
}

Java Threads: ( => current thread )
  0x0000027abee5dc70 JavaThread "main"                              [_thread_blocked, id=24132, stack(0x000000a029a00000,0x000000a029b00000) (1024K)]
  0x0000027abef19f00 JavaThread "Reference Handler"          daemon [_thread_blocked, id=23924, stack(0x000000a029e00000,0x000000a029f00000) (1024K)]
  0x0000027abef1c650 JavaThread "Finalizer"                  daemon [_thread_blocked, id=12436, stack(0x000000a029f00000,0x000000a02a000000) (1024K)]
  0x0000027abedd8b00 JavaThread "Signal Dispatcher"          daemon [_thread_blocked, id=24556, stack(0x000000a02a000000,0x000000a02a100000) (1024K)]
  0x0000027abedd97e0 JavaThread "Attach Listener"            daemon [_thread_blocked, id=21740, stack(0x000000a02a100000,0x000000a02a200000) (1024K)]
  0x0000027abedda240 JavaThread "Service Thread"             daemon [_thread_blocked, id=13132, stack(0x000000a02a200000,0x000000a02a300000) (1024K)]
  0x0000027abeddaca0 JavaThread "Monitor Deflation Thread"   daemon [_thread_blocked, id=9464, stack(0x000000a02a300000,0x000000a02a400000) (1024K)]
=>0x0000027abeddba30 JavaThread "C2 CompilerThread0"         daemon [_thread_in_native, id=17724, stack(0x000000a02a400000,0x000000a02a500000) (1024K)]
  0x0000027b18118120 JavaThread "C1 CompilerThread0"         daemon [_thread_blocked, id=10780, stack(0x000000a02a500000,0x000000a02a600000) (1024K)]
  0x0000027b1833d0f0 JavaThread "Common-Cleaner"             daemon [_thread_blocked, id=12428, stack(0x000000a02a600000,0x000000a02a700000) (1024K)]
  0x0000027b1840b2f0 JavaThread "Notification Thread"        daemon [_thread_blocked, id=14872, stack(0x000000a02a700000,0x000000a02a800000) (1024K)]
  0x0000027b188255b0 JavaThread "Active Thread: Equinox Container: 9442e579-3119-40e3-a644-e1c869f44e8c"        [_thread_blocked, id=5616, stack(0x000000a02a800000,0x000000a02a900000) (1024K)]
  0x0000027b181ea240 JavaThread "Refresh Thread: Equinox Container: 9442e579-3119-40e3-a644-e1c869f44e8c" daemon [_thread_blocked, id=22376, stack(0x000000a029800000,0x000000a029900000) (1024K)]
  0x0000027b185fed30 JavaThread "Framework Event Dispatcher: Equinox Container: 9442e579-3119-40e3-a644-e1c869f44e8c" daemon [_thread_blocked, id=20668, stack(0x000000a02b000000,0x000000a02b100000) (1024K)]
  0x0000027b18127d90 JavaThread "Start Level: Equinox Container: 9442e579-3119-40e3-a644-e1c869f44e8c" daemon [_thread_blocked, id=18984, stack(0x000000a02b100000,0x000000a02b200000) (1024K)]
  0x0000027b18889c20 JavaThread "Bundle File Closer"         daemon [_thread_blocked, id=19160, stack(0x000000a02b200000,0x000000a02b300000) (1024K)]
  0x0000027b18c282c0 JavaThread "SCR Component Actor"        daemon [_thread_blocked, id=20880, stack(0x000000a029700000,0x000000a029800000) (1024K)]
  0x0000027b1d461000 JavaThread "Worker-JM"                         [_thread_blocked, id=9832, stack(0x000000a029900000,0x000000a029a00000) (1024K)]
  0x0000027b18938190 JavaThread "JNA Cleaner"                daemon [_thread_blocked, id=5596, stack(0x000000a02b500000,0x000000a02b600000) (1024K)]
  0x0000027b18763c30 JavaThread "Java indexing"              daemon [_thread_blocked, id=24012, stack(0x000000a02bc00000,0x000000a02bd00000) (1024K)]
  0x0000027b187621f0 JavaThread "Worker-4"                          [_thread_blocked, id=20120, stack(0x000000a02bf00000,0x000000a02c000000) (1024K)]
  0x0000027b18764950 JavaThread "Thread-1"                   daemon [_thread_in_native, id=19660, stack(0x000000a02c100000,0x000000a02c200000) (1024K)]
  0x0000027b187614d0 JavaThread "Thread-2"                   daemon [_thread_in_native, id=1444, stack(0x000000a02c200000,0x000000a02c300000) (1024K)]
  0x0000027b18764fe0 JavaThread "Thread-3"                   daemon [_thread_in_native, id=23312, stack(0x000000a02c300000,0x000000a02c400000) (1024K)]
  0x0000027b18765d00 JavaThread "Thread-4"                   daemon [_thread_in_native, id=608, stack(0x000000a02c400000,0x000000a02c500000) (1024K)]
  0x0000027b18765670 JavaThread "Thread-5"                   daemon [_thread_in_native, id=8968, stack(0x000000a02c500000,0x000000a02c600000) (1024K)]
  0x0000027b18762880 JavaThread "Thread-6"                   daemon [_thread_in_native, id=20520, stack(0x000000a02c600000,0x000000a02c700000) (1024K)]
  0x0000027b18766390 JavaThread "Thread-7"                   daemon [_thread_in_native, id=15440, stack(0x000000a02c700000,0x000000a02c800000) (1024K)]
  0x0000027b18762f10 JavaThread "Thread-8"                   daemon [_thread_in_native, id=20836, stack(0x000000a02c800000,0x000000a02c900000) (1024K)]
  0x0000027b187670b0 JavaThread "Thread-9"                   daemon [_thread_in_native, id=23756, stack(0x000000a02c900000,0x000000a02ca00000) (1024K)]
  0x0000027b18766a20 JavaThread "pool-2-thread-1"                   [_thread_blocked, id=18316, stack(0x000000a02ca00000,0x000000a02cb00000) (1024K)]
  0x0000027b18768460 JavaThread "WorkspaceEventsHandler"            [_thread_blocked, id=22948, stack(0x000000a02cc00000,0x000000a02cd00000) (1024K)]
  0x0000027b18768af0 JavaThread "pool-1-thread-1"                   [_thread_blocked, id=11632, stack(0x000000a02cd00000,0x000000a02ce00000) (1024K)]
  0x0000027b201469b0 JavaThread "Timer-0"                           [_thread_blocked, id=3692, stack(0x000000a02d200000,0x000000a02d300000) (1024K)]
  0x0000027b187642c0 JavaThread "Timer-1"                           [_thread_blocked, id=21572, stack(0x000000a02bb00000,0x000000a02bc00000) (1024K)]
  0x0000027b20146320 JavaThread "Timer-2"                           [_thread_blocked, id=16972, stack(0x000000a02d500000,0x000000a02d600000) (1024K)]
  0x0000027b1f936350 JavaThread "Timer-3"                           [_thread_blocked, id=21792, stack(0x000000a02d700000,0x000000a02d800000) (1024K)]
  0x0000027b1f939140 JavaThread "Timer-4"                           [_thread_blocked, id=22960, stack(0x000000a02d800000,0x000000a02d900000) (1024K)]
  0x0000027b1f939e60 JavaThread "Timer-5"                           [_thread_blocked, id=23164, stack(0x000000a02d900000,0x000000a02da00000) (1024K)]
  0x0000027b1f9369e0 JavaThread "Timer-6"                           [_thread_blocked, id=12376, stack(0x000000a02da00000,0x000000a02db00000) (1024K)]
  0x0000027b1f937700 JavaThread "Worker-6"                          [_thread_blocked, id=6720, stack(0x000000a02b300000,0x000000a02b400000) (1024K)]
  0x0000027b20145600 JavaThread "Worker-7: Publish Diagnostics"        [_thread_blocked, id=16360, stack(0x000000a02b400000,0x000000a02b500000) (1024K)]
  0x0000027b187635a0 JavaThread "ForkJoinPool.commonPool-worker-11" daemon [_thread_in_vm, id=18532, stack(0x000000a02b600000,0x000000a02b700000) (1024K)]
  0x0000027b18761b60 JavaThread "ForkJoinPool.commonPool-worker-12" daemon [_thread_blocked, id=20768, stack(0x000000a02b700000,0x000000a02b800000) (1024K)]
  0x0000027b18767740 JavaThread "ForkJoinPool.commonPool-worker-13" daemon [_thread_blocked, id=24468, stack(0x000000a02b800000,0x000000a02b900000) (1024K)]
  0x0000027b18767dd0 JavaThread "ForkJoinPool.commonPool-worker-14" daemon [_thread_blocked, id=11884, stack(0x000000a02b900000,0x000000a02ba00000) (1024K)]
  0x0000027b2b86a0d0 JavaThread "C2 CompilerThread1"         daemon [_thread_blocked, id=19784, stack(0x000000a02ba00000,0x000000a02bb00000) (1024K)]
  0x0000027b2b86de20 JavaThread "C2 CompilerThread2"         daemon [_thread_in_native, id=144, stack(0x000000a02bd00000,0x000000a02be00000) (1024K)]
  0x0000027b1f93b8a0 JavaThread "Cleaner-0"                  daemon [_thread_blocked, id=23536, stack(0x000000a02be00000,0x000000a02bf00000) (1024K)]
Total: 49

Other Threads:
  0x0000027abeefe760 VMThread "VM Thread"                           [id=17992, stack(0x000000a029d00000,0x000000a029e00000) (1024K)]
  0x0000027abececa00 WatcherThread "VM Periodic Task Thread"        [id=336, stack(0x000000a029c00000,0x000000a029d00000) (1024K)]
  0x0000027abee7cfc0 WorkerThread "GC Thread#0"                     [id=19180, stack(0x000000a029b00000,0x000000a029c00000) (1024K)]
  0x0000027b18d06960 WorkerThread "GC Thread#1"                     [id=17644, stack(0x000000a02aa00000,0x000000a02ab00000) (1024K)]
  0x0000027b187d8710 WorkerThread "GC Thread#2"                     [id=12416, stack(0x000000a02ab00000,0x000000a02ac00000) (1024K)]
  0x0000027b187d8ac0 WorkerThread "GC Thread#3"                     [id=3200, stack(0x000000a02ac00000,0x000000a02ad00000) (1024K)]
  0x0000027b1880c870 WorkerThread "GC Thread#4"                     [id=17812, stack(0x000000a02ad00000,0x000000a02ae00000) (1024K)]
  0x0000027b1880cc20 WorkerThread "GC Thread#5"                     [id=8672, stack(0x000000a02ae00000,0x000000a02af00000) (1024K)]
  0x0000027b1883aac0 WorkerThread "GC Thread#6"                     [id=21744, stack(0x000000a02af00000,0x000000a02b000000) (1024K)]
  0x0000027b181e9940 WorkerThread "GC Thread#7"                     [id=1428, stack(0x000000a02a900000,0x000000a02aa00000) (1024K)]
Total: 10

Threads with active compile tasks:
C2 CompilerThread0  1719848 14988       4       java.lang.invoke.DirectMethodHandle::make (275 bytes)
C2 CompilerThread2  1719848 15150       4       org.eclipse.jdt.core.dom.ASTNode::acceptChild (11 bytes)
Total: 2

VM state: not at safepoint (normal execution)

VM Mutex/Monitor currently owned by a thread: None

Heap address: 0x0000000080000000, size: 2048 MB, Compressed Oops mode: 32-bit

CDS archive(s) mapped at: [0x0000027ad6000000-0x0000027ad6ba0000-0x0000027ad6ba0000), size 12189696, SharedBaseAddress: 0x0000027ad6000000, ArchiveRelocationMode: 1.
Compressed class space mapped at: 0x0000027ad7000000-0x0000027b17000000, reserved size: 1073741824
Narrow klass base: 0x0000027ad6000000, Narrow klass shift: 0, Narrow klass range: 0x100000000

GC Precious Log:
 CardTable entry size: 512
 CPUs: 8 total, 8 available
 Memory: 16087M
 Large Page Support: Disabled
 NUMA Support: Disabled
 Compressed Oops: Enabled (32-bit)
 Alignments: Space 512K, Generation 512K, Heap 2M
 Heap Min Capacity: 100M
 Heap Initial Capacity: 100M
 Heap Max Capacity: 2G
 Pre-touch: Disabled
 Parallel Workers: 8

Heap:
 PSYoungGen      total 2560K, used 1838K [0x00000000d5580000, 0x00000000d5980000, 0x0000000100000000)
  eden space 2048K, 75% used [0x00000000d5580000,0x00000000d5703b28,0x00000000d5780000)
  from space 512K, 56% used [0x00000000d5880000,0x00000000d58c8000,0x00000000d5900000)
  to   space 512K, 0% used [0x00000000d5900000,0x00000000d5900000,0x00000000d5980000)
 ParOldGen       total 215040K, used 74735K [0x0000000080000000, 0x000000008d200000, 0x00000000d5580000)
  object space 215040K, 34% used [0x0000000080000000,0x00000000848fbe80,0x000000008d200000)
 Metaspace       used 88348K, committed 90112K, reserved 1179648K
  class space    used 10329K, committed 11136K, reserved 1048576K

Card table byte_map: [0x0000027abe800000,0x0000027abec10000] _byte_map_base: 0x0000027abe400000

Marking Bits: (ParMarkBitMap*) 0x00007ff8af663450
 Begin Bits: [0x0000027ad1310000, 0x0000027ad3310000)
 End Bits:   [0x0000027ad3310000, 0x0000027ad5310000)

Polling page: 0x0000027abcc50000

Metaspace:

Usage:
  Non-class:     76.19 MB used.
      Class:     10.09 MB used.
       Both:     86.28 MB used.

Virtual space:
  Non-class space:      128.00 MB reserved,      77.12 MB ( 60%) committed,  2 nodes.
      Class space:        1.00 GB reserved,      10.88 MB (  1%) committed,  1 nodes.
             Both:        1.12 GB reserved,      88.00 MB (  8%) committed. 

Chunk freelists:
   Non-Class:  2.80 MB
       Class:  5.11 MB
        Both:  7.91 MB

MaxMetaspaceSize: unlimited
CompressedClassSpaceSize: 1.00 GB
Initial GC threshold: 21.00 MB
Current GC threshold: 144.00 MB
CDS: on
 - commit_granule_bytes: 65536.
 - commit_granule_words: 8192.
 - virtual_space_node_default_size: 8388608.
 - enlarge_chunks_in_place: 1.
 - use_allocation_guard: 0.


Internal statistics:

num_allocs_failed_limit: 9.
num_arena_births: 1564.
num_arena_deaths: 52.
num_vsnodes_births: 3.
num_vsnodes_deaths: 0.
num_space_committed: 1408.
num_space_uncommitted: 0.
num_chunks_returned_to_freelist: 72.
num_chunks_taken_from_freelist: 5593.
num_chunk_merges: 17.
num_chunk_splits: 3472.
num_chunks_enlarged: 2045.
num_inconsistent_stats: 0.

CodeHeap 'non-profiled nmethods': size=120000Kb used=12378Kb max_used=12572Kb free=107622Kb
 bounds [0x0000027ac9b30000, 0x0000027aca780000, 0x0000027ad1060000]
CodeHeap 'profiled nmethods': size=120000Kb used=32065Kb max_used=33580Kb free=87934Kb
 bounds [0x0000027ac2060000, 0x0000027ac4130000, 0x0000027ac9590000]
CodeHeap 'non-nmethods': size=5760Kb used=1500Kb max_used=1589Kb free=4259Kb
 bounds [0x0000027ac9590000, 0x0000027ac9800000, 0x0000027ac9b30000]
CodeCache: size=245760Kb, used=45943Kb, max_used=47741Kb, free=199815Kb
 total_blobs=14364, nmethods=13538, adapters=729, full_count=0
Compilation: enabled, stopped_count=0, restarted_count=0

Compilation events (20 events):
Event: 1719.619 Thread 0x0000027b18118120 15130       3       java.text.MessageFormat::subformat (542 bytes)
Event: 1719.638 Thread 0x0000027b18118120 nmethod 15130 0x0000027ac28e0590 code [0x0000027ac28e0c00, 0x0000027ac28e5130]
Event: 1719.639 Thread 0x0000027b18118120 15129       3       java.text.MessageFormat::format (12 bytes)
Event: 1719.640 Thread 0x0000027b18118120 nmethod 15129 0x0000027ac2219590 code [0x0000027ac2219740, 0x0000027ac2219978]
Event: 1719.654 Thread 0x0000027b2b86de20 nmethod 15127 0x0000027ac9cfed90 code [0x0000027ac9cfefa0, 0x0000027ac9cff5b8]
Event: 1719.654 Thread 0x0000027b2b86de20 15073       4       org.eclipse.jdt.core.dom.ASTNode::getNodeType (8 bytes)
Event: 1719.657 Thread 0x0000027b2b86de20 nmethod 15073 0x0000027ac9cfe990 code [0x0000027ac9cfeb20, 0x0000027ac9cfebb0]
Event: 1719.658 Thread 0x0000027b2b86de20 15128       4       org.eclipse.jdt.core.dom.ASTNode::getRoot (18 bytes)
Event: 1719.663 Thread 0x0000027b2b86de20 nmethod 15128 0x0000027ac9e6ef10 code [0x0000027ac9e6f0a0, 0x0000027ac9e6f150]
Event: 1719.663 Thread 0x0000027b2b86de20 14995       4       org.eclipse.jdt.internal.core.PackageFragment::<init> (19 bytes)
Event: 1719.671 Thread 0x0000027b18118120 15131       3       java.text.MessageFormat::<init> (56 bytes)
Event: 1719.672 Thread 0x0000027b18118120 nmethod 15131 0x0000027ac240e790 code [0x0000027ac240e960, 0x0000027ac240edf8]
Event: 1719.677 Thread 0x0000027b2b86a0d0 nmethod 15114 0x0000027ac9c42f90 code [0x0000027ac9c43260, 0x0000027ac9c44218]
Event: 1719.679 Thread 0x0000027b18118120 15132       3       org.eclipse.jdt.core.Signature::toCharArray (83 bytes)
Event: 1719.681 Thread 0x0000027b18118120 nmethod 15132 0x0000027ac21c5b90 code [0x0000027ac21c5dc0, 0x0000027ac21c63d8]
Event: 1719.686 Thread 0x0000027b2b86a0d0 14916       4       org.eclipse.jdt.internal.compiler.lookup.MethodBinding::doesParameterLengthMatch (29 bytes)
Event: 1719.690 Thread 0x0000027b2b86a0d0 nmethod 14916 0x0000027ac9eb5510 code [0x0000027ac9eb56a0, 0x0000027ac9eb5780]
Event: 1719.696 Thread 0x0000027b2b86de20 nmethod 14995 0x0000027ac9ce4b10 code [0x0000027ac9ce4d00, 0x0000027ac9ce5060]
Event: 1719.699 Thread 0x0000027b2b86de20 15133       4       org.eclipse.jdt.internal.core.CompilationUnit::equals (43 bytes)
Event: 1719.715 Thread 0x0000027b2b86de20 nmethod 15133 0x0000027ac9c16990 code [0x0000027ac9c16b40, 0x0000027ac9c16e68]

GC Heap History (20 events):
Event: 1718.664 GC heap before
{Heap before GC invocations=261 (full 4):
 PSYoungGen      total 2560K, used 2144K [0x00000000d5580000, 0x00000000d5a00000, 0x0000000100000000)
  eden space 2048K, 100% used [0x00000000d5580000,0x00000000d5780000,0x00000000d5780000)
  from space 512K, 18% used [0x00000000d5980000,0x00000000d5998000,0x00000000d5a00000)
  to   space 512K, 0% used [0x00000000d5900000,0x00000000d5900000,0x00000000d5980000)
 ParOldGen       total 215040K, used 73245K [0x0000000080000000, 0x000000008d200000, 0x00000000d5580000)
  object space 215040K, 34% used [0x0000000080000000,0x0000000084787418,0x000000008d200000)
 Metaspace       used 87751K, committed 89472K, reserved 1179648K
  class space    used 10281K, committed 11072K, reserved 1048576K
}
Event: 1718.667 GC heap after
{Heap after GC invocations=261 (full 4):
 PSYoungGen      total 2560K, used 96K [0x00000000d5580000, 0x00000000d5a00000, 0x0000000100000000)
  eden space 2048K, 0% used [0x00000000d5580000,0x00000000d5580000,0x00000000d5780000)
  from space 512K, 18% used [0x00000000d5900000,0x00000000d5918000,0x00000000d5980000)
  to   space 512K, 0% used [0x00000000d5980000,0x00000000d5980000,0x00000000d5a00000)
 ParOldGen       total 215040K, used 73253K [0x0000000080000000, 0x000000008d200000, 0x00000000d5580000)
  object space 215040K, 34% used [0x0000000080000000,0x0000000084789418,0x000000008d200000)
 Metaspace       used 87751K, committed 89472K, reserved 1179648K
  class space    used 10281K, committed 11072K, reserved 1048576K
}
Event: 1718.710 GC heap before
{Heap before GC invocations=262 (full 4):
 PSYoungGen      total 2560K, used 2144K [0x00000000d5580000, 0x00000000d5a00000, 0x0000000100000000)
  eden space 2048K, 100% used [0x00000000d5580000,0x00000000d5780000,0x00000000d5780000)
  from space 512K, 18% used [0x00000000d5900000,0x00000000d5918000,0x00000000d5980000)
  to   space 512K, 0% used [0x00000000d5980000,0x00000000d5980000,0x00000000d5a00000)
 ParOldGen       total 215040K, used 73253K [0x0000000080000000, 0x000000008d200000, 0x00000000d5580000)
  object space 215040K, 34% used [0x0000000080000000,0x0000000084789418,0x000000008d200000)
 Metaspace       used 87752K, committed 89472K, reserved 1179648K
  class space    used 10281K, committed 11072K, reserved 1048576K
}
Event: 1718.714 GC heap after
{Heap after GC invocations=262 (full 4):
 PSYoungGen      total 2560K, used 96K [0x00000000d5580000, 0x00000000d5a00000, 0x0000000100000000)
  eden space 2048K, 0% used [0x00000000d5580000,0x00000000d5580000,0x00000000d5780000)
  from space 512K, 18% used [0x00000000d5980000,0x00000000d5998000,0x00000000d5a00000)
  to   space 512K, 0% used [0x00000000d5900000,0x00000000d5900000,0x00000000d5980000)
 ParOldGen       total 215040K, used 73269K [0x0000000080000000, 0x000000008d200000, 0x00000000d5580000)
  object space 215040K, 34% used [0x0000000080000000,0x000000008478d418,0x000000008d200000)
 Metaspace       used 87752K, committed 89472K, reserved 1179648K
  class space    used 10281K, committed 11072K, reserved 1048576K
}
Event: 1718.831 GC heap before
{Heap before GC invocations=263 (full 4):
 PSYoungGen      total 2560K, used 2139K [0x00000000d5580000, 0x00000000d5a00000, 0x0000000100000000)
  eden space 2048K, 99% used [0x00000000d5580000,0x00000000d577eed8,0x00000000d5780000)
  from space 512K, 18% used [0x00000000d5980000,0x00000000d5998000,0x00000000d5a00000)
  to   space 512K, 0% used [0x00000000d5900000,0x00000000d5900000,0x00000000d5980000)
 ParOldGen       total 215040K, used 73269K [0x0000000080000000, 0x000000008d200000, 0x00000000d5580000)
  object space 215040K, 34% used [0x0000000080000000,0x000000008478d418,0x000000008d200000)
 Metaspace       used 87834K, committed 89536K, reserved 1179648K
  class space    used 10297K, committed 11072K, reserved 1048576K
}
Event: 1718.835 GC heap after
{Heap after GC invocations=263 (full 4):
 PSYoungGen      total 2560K, used 444K [0x00000000d5580000, 0x00000000d5a00000, 0x0000000100000000)
  eden space 2048K, 0% used [0x00000000d5580000,0x00000000d5580000,0x00000000d5780000)
  from space 512K, 86% used [0x00000000d5900000,0x00000000d596f240,0x00000000d5980000)
  to   space 512K, 0% used [0x00000000d5980000,0x00000000d5980000,0x00000000d5a00000)
 ParOldGen       total 215040K, used 73277K [0x0000000080000000, 0x000000008d200000, 0x00000000d5580000)
  object space 215040K, 34% used [0x0000000080000000,0x000000008478f418,0x000000008d200000)
 Metaspace       used 87834K, committed 89536K, reserved 1179648K
  class space    used 10297K, committed 11072K, reserved 1048576K
}
Event: 1718.879 GC heap before
{Heap before GC invocations=264 (full 4):
 PSYoungGen      total 2560K, used 2492K [0x00000000d5580000, 0x00000000d5a00000, 0x0000000100000000)
  eden space 2048K, 100% used [0x00000000d5580000,0x00000000d5780000,0x00000000d5780000)
  from space 512K, 86% used [0x00000000d5900000,0x00000000d596f240,0x00000000d5980000)
  to   space 512K, 0% used [0x00000000d5980000,0x00000000d5980000,0x00000000d5a00000)
 ParOldGen       total 215040K, used 73277K [0x0000000080000000, 0x000000008d200000, 0x00000000d5580000)
  object space 215040K, 34% used [0x0000000080000000,0x000000008478f418,0x000000008d200000)
 Metaspace       used 87852K, committed 89536K, reserved 1179648K
  class space    used 10298K, committed 11072K, reserved 1048576K
}
Event: 1718.885 GC heap after
{Heap after GC invocations=264 (full 4):
 PSYoungGen      total 2560K, used 503K [0x00000000d5580000, 0x00000000d5a80000, 0x0000000100000000)
  eden space 2048K, 0% used [0x00000000d5580000,0x00000000d5580000,0x00000000d5780000)
  from space 512K, 98% used [0x00000000d5980000,0x00000000d59fdcb8,0x00000000d5a00000)
  to   space 1536K, 0% used [0x00000000d5780000,0x00000000d5780000,0x00000000d5900000)
 ParOldGen       total 215040K, used 73702K [0x0000000080000000, 0x000000008d200000, 0x00000000d5580000)
  object space 215040K, 34% used [0x0000000080000000,0x00000000847f9ab8,0x000000008d200000)
 Metaspace       used 87852K, committed 89536K, reserved 1179648K
  class space    used 10298K, committed 11072K, reserved 1048576K
}
Event: 1718.964 GC heap before
{Heap before GC invocations=265 (full 4):
 PSYoungGen      total 2560K, used 2551K [0x00000000d5580000, 0x00000000d5a80000, 0x0000000100000000)
  eden space 2048K, 100% used [0x00000000d5580000,0x00000000d5780000,0x00000000d5780000)
  from space 512K, 98% used [0x00000000d5980000,0x00000000d59fdcb8,0x00000000d5a00000)
  to   space 1536K, 0% used [0x00000000d5780000,0x00000000d5780000,0x00000000d5900000)
 ParOldGen       total 215040K, used 73702K [0x0000000080000000, 0x000000008d200000, 0x00000000d5580000)
  object space 215040K, 34% used [0x0000000080000000,0x00000000847f9ab8,0x000000008d200000)
 Metaspace       used 87852K, committed 89536K, reserved 1179648K
  class space    used 10298K, committed 11072K, reserved 1048576K
}
Event: 1718.969 GC heap after
{Heap after GC invocations=265 (full 4):
 PSYoungGen      total 3584K, used 827K [0x00000000d5580000, 0x00000000d5a00000, 0x0000000100000000)
  eden space 2048K, 0% used [0x00000000d5580000,0x00000000d5580000,0x00000000d5780000)
  from space 1536K, 53% used [0x00000000d5780000,0x00000000d584edf0,0x00000000d5900000)
  to   space 1024K, 0% used [0x00000000d5900000,0x00000000d5900000,0x00000000d5a00000)
 ParOldGen       total 215040K, used 74009K [0x0000000080000000, 0x000000008d200000, 0x00000000d5580000)
  object space 215040K, 34% used [0x0000000080000000,0x00000000848467f8,0x000000008d200000)
 Metaspace       used 87852K, committed 89536K, reserved 1179648K
  class space    used 10298K, committed 11072K, reserved 1048576K
}
Event: 1719.017 GC heap before
{Heap before GC invocations=266 (full 4):
 PSYoungGen      total 3584K, used 2875K [0x00000000d5580000, 0x00000000d5a00000, 0x0000000100000000)
  eden space 2048K, 100% used [0x00000000d5580000,0x00000000d5780000,0x00000000d5780000)
  from space 1536K, 53% used [0x00000000d5780000,0x00000000d584edf0,0x00000000d5900000)
  to   space 1024K, 0% used [0x00000000d5900000,0x00000000d5900000,0x00000000d5a00000)
 ParOldGen       total 215040K, used 74009K [0x0000000080000000, 0x000000008d200000, 0x00000000d5580000)
  object space 215040K, 34% used [0x0000000080000000,0x00000000848467f8,0x000000008d200000)
 Metaspace       used 88001K, committed 89728K, reserved 1179648K
  class space    used 10303K, committed 11072K, reserved 1048576K
}
Event: 1719.022 GC heap after
{Heap after GC invocations=266 (full 4):
 PSYoungGen      total 2560K, used 128K [0x00000000d5580000, 0x00000000d5980000, 0x0000000100000000)
  eden space 2048K, 0% used [0x00000000d5580000,0x00000000d5580000,0x00000000d5780000)
  from space 512K, 25% used [0x00000000d5900000,0x00000000d5920000,0x00000000d5980000)
  to   space 512K, 0% used [0x00000000d5880000,0x00000000d5880000,0x00000000d5900000)
 ParOldGen       total 215040K, used 74025K [0x0000000080000000, 0x000000008d200000, 0x00000000d5580000)
  object space 215040K, 34% used [0x0000000080000000,0x000000008484a7f8,0x000000008d200000)
 Metaspace       used 88001K, committed 89728K, reserved 1179648K
  class space    used 10303K, committed 11072K, reserved 1048576K
}
Event: 1719.152 GC heap before
{Heap before GC invocations=267 (full 4):
 PSYoungGen      total 2560K, used 2175K [0x00000000d5580000, 0x00000000d5980000, 0x0000000100000000)
  eden space 2048K, 99% used [0x00000000d5580000,0x00000000d577fec8,0x00000000d5780000)
  from space 512K, 25% used [0x00000000d5900000,0x00000000d5920000,0x00000000d5980000)
  to   space 512K, 0% used [0x00000000d5880000,0x00000000d5880000,0x00000000d5900000)
 ParOldGen       total 215040K, used 74025K [0x0000000080000000, 0x000000008d200000, 0x00000000d5580000)
  object space 215040K, 34% used [0x0000000080000000,0x000000008484a7f8,0x000000008d200000)
 Metaspace       used 88084K, committed 89728K, reserved 1179648K
  class space    used 10311K, committed 11072K, reserved 1048576K
}
Event: 1719.155 GC heap after
{Heap after GC invocations=267 (full 4):
 PSYoungGen      total 2560K, used 485K [0x00000000d5580000, 0x00000000d5980000, 0x0000000100000000)
  eden space 2048K, 0% used [0x00000000d5580000,0x00000000d5580000,0x00000000d5780000)
  from space 512K, 94% used [0x00000000d5880000,0x00000000d58f9568,0x00000000d5900000)
  to   space 512K, 0% used [0x00000000d5900000,0x00000000d5900000,0x00000000d5980000)
 ParOldGen       total 215040K, used 74081K [0x0000000080000000, 0x000000008d200000, 0x00000000d5580000)
  object space 215040K, 34% used [0x0000000080000000,0x00000000848587f8,0x000000008d200000)
 Metaspace       used 88084K, committed 89728K, reserved 1179648K
  class space    used 10311K, committed 11072K, reserved 1048576K
}
Event: 1719.413 GC heap before
{Heap before GC invocations=268 (full 4):
 PSYoungGen      total 2560K, used 2533K [0x00000000d5580000, 0x00000000d5980000, 0x0000000100000000)
  eden space 2048K, 100% used [0x00000000d5580000,0x00000000d5780000,0x00000000d5780000)
  from space 512K, 94% used [0x00000000d5880000,0x00000000d58f9568,0x00000000d5900000)
  to   space 512K, 0% used [0x00000000d5900000,0x00000000d5900000,0x00000000d5980000)
 ParOldGen       total 215040K, used 74081K [0x0000000080000000, 0x000000008d200000, 0x00000000d5580000)
  object space 215040K, 34% used [0x0000000080000000,0x00000000848587f8,0x000000008d200000)
 Metaspace       used 88323K, committed 90048K, reserved 1179648K
  class space    used 10329K, committed 11136K, reserved 1048576K
}
Event: 1719.426 GC heap after
{Heap after GC invocations=268 (full 4):
 PSYoungGen      total 2560K, used 288K [0x00000000d5580000, 0x00000000d5980000, 0x0000000100000000)
  eden space 2048K, 0% used [0x00000000d5580000,0x00000000d5580000,0x00000000d5780000)
  from space 512K, 56% used [0x00000000d5900000,0x00000000d5948000,0x00000000d5980000)
  to   space 512K, 0% used [0x00000000d5880000,0x00000000d5880000,0x00000000d5900000)
 ParOldGen       total 215040K, used 74535K [0x0000000080000000, 0x000000008d200000, 0x00000000d5580000)
  object space 215040K, 34% used [0x0000000080000000,0x00000000848c9e80,0x000000008d200000)
 Metaspace       used 88323K, committed 90048K, reserved 1179648K
  class space    used 10329K, committed 11136K, reserved 1048576K
}
Event: 1719.500 GC heap before
{Heap before GC invocations=269 (full 4):
 PSYoungGen      total 2560K, used 2336K [0x00000000d5580000, 0x00000000d5980000, 0x0000000100000000)
  eden space 2048K, 100% used [0x00000000d5580000,0x00000000d5780000,0x00000000d5780000)
  from space 512K, 56% used [0x00000000d5900000,0x00000000d5948000,0x00000000d5980000)
  to   space 512K, 0% used [0x00000000d5880000,0x00000000d5880000,0x00000000d5900000)
 ParOldGen       total 215040K, used 74535K [0x0000000080000000, 0x000000008d200000, 0x00000000d5580000)
  object space 215040K, 34% used [0x0000000080000000,0x00000000848c9e80,0x000000008d200000)
 Metaspace       used 88326K, committed 90048K, reserved 1179648K
  class space    used 10329K, committed 11136K, reserved 1048576K
}
Event: 1719.503 GC heap after
{Heap after GC invocations=269 (full 4):
 PSYoungGen      total 2560K, used 256K [0x00000000d5580000, 0x00000000d5980000, 0x0000000100000000)
  eden space 2048K, 0% used [0x00000000d5580000,0x00000000d5580000,0x00000000d5780000)
  from space 512K, 50% used [0x00000000d5880000,0x00000000d58c0000,0x00000000d5900000)
  to   space 512K, 0% used [0x00000000d5900000,0x00000000d5900000,0x00000000d5980000)
 ParOldGen       total 215040K, used 74615K [0x0000000080000000, 0x000000008d200000, 0x00000000d5580000)
  object space 215040K, 34% used [0x0000000080000000,0x00000000848dde80,0x000000008d200000)
 Metaspace       used 88326K, committed 90048K, reserved 1179648K
  class space    used 10329K, committed 11136K, reserved 1048576K
}
Event: 1719.568 GC heap before
{Heap before GC invocations=270 (full 4):
 PSYoungGen      total 2560K, used 2304K [0x00000000d5580000, 0x00000000d5980000, 0x0000000100000000)
  eden space 2048K, 100% used [0x00000000d5580000,0x00000000d5780000,0x00000000d5780000)
  from space 512K, 50% used [0x00000000d5880000,0x00000000d58c0000,0x00000000d5900000)
  to   space 512K, 0% used [0x00000000d5900000,0x00000000d5900000,0x00000000d5980000)
 ParOldGen       total 215040K, used 74615K [0x0000000080000000, 0x000000008d200000, 0x00000000d5580000)
  object space 215040K, 34% used [0x0000000080000000,0x00000000848dde80,0x000000008d200000)
 Metaspace       used 88330K, committed 90048K, reserved 1179648K
  class space    used 10329K, committed 11136K, reserved 1048576K
}
Event: 1719.571 GC heap after
{Heap after GC invocations=270 (full 4):
 PSYoungGen      total 2560K, used 256K [0x00000000d5580000, 0x00000000d5980000, 0x0000000100000000)
  eden space 2048K, 0% used [0x00000000d5580000,0x00000000d5580000,0x00000000d5780000)
  from space 512K, 50% used [0x00000000d5900000,0x00000000d5940000,0x00000000d5980000)
  to   space 512K, 0% used [0x00000000d5880000,0x00000000d5880000,0x00000000d5900000)
 ParOldGen       total 215040K, used 74671K [0x0000000080000000, 0x000000008d200000, 0x00000000d5580000)
  object space 215040K, 34% used [0x0000000080000000,0x00000000848ebe80,0x000000008d200000)
 Metaspace       used 88330K, committed 90048K, reserved 1179648K
  class space    used 10329K, committed 11136K, reserved 1048576K
}

Dll operation events (15 events):
Event: 0.045 Loaded shared library c:\Users\Admin\.antigravity\extensions\redhat.java-1.54.0-win32-x64\jre\21.0.10-win32-x86_64\bin\java.dll
Event: 0.403 Loaded shared library c:\Users\Admin\.antigravity\extensions\redhat.java-1.54.0-win32-x64\jre\21.0.10-win32-x86_64\bin\zip.dll
Event: 0.519 Loaded shared library C:\Users\Admin\.antigravity\extensions\redhat.java-1.54.0-win32-x64\jre\21.0.10-win32-x86_64\bin\instrument.dll
Event: 0.558 Loaded shared library C:\Users\Admin\.antigravity\extensions\redhat.java-1.54.0-win32-x64\jre\21.0.10-win32-x86_64\bin\net.dll
Event: 0.582 Loaded shared library C:\Users\Admin\.antigravity\extensions\redhat.java-1.54.0-win32-x64\jre\21.0.10-win32-x86_64\bin\nio.dll
Event: 0.672 Loaded shared library C:\Users\Admin\.antigravity\extensions\redhat.java-1.54.0-win32-x64\jre\21.0.10-win32-x86_64\bin\zip.dll
Event: 0.894 Loaded shared library C:\Users\Admin\.antigravity\extensions\redhat.java-1.54.0-win32-x64\jre\21.0.10-win32-x86_64\bin\jimage.dll
Event: 1.197 Loaded shared library c:\Users\Admin\.antigravity\extensions\redhat.java-1.54.0-win32-x64\jre\21.0.10-win32-x86_64\bin\verify.dll
Event: 31.578 Loaded shared library C:\Users\Admin\AppData\Roaming\Antigravity\User\globalStorage\redhat.java\1.54.0\config_win\org.eclipse.equinox.launcher\org.eclipse.equinox.launcher.win32.win32.x86_64_1.3.0.v20260203-2149\eclipse_11919.dll
Event: 121.016 Loaded shared library C:\Users\Admin\AppData\Local\Temp\jna-63116079\jna6106649759743542825.dll
Event: 129.902 Loaded shared library C:\Users\Admin\.antigravity\extensions\redhat.java-1.54.0-win32-x64\jre\21.0.10-win32-x86_64\bin\sunmscapi.dll
Event: 132.708 Loaded shared library C:\Users\Admin\.antigravity\extensions\redhat.java-1.54.0-win32-x64\jre\21.0.10-win32-x86_64\bin\extnet.dll
Event: 140.571 Loaded shared library D:\gradle-cache\native\c067742578af261105cb4f569cf0c3c89f3d7b1fecec35dd04571415982c5e48\windows-amd64\native-platform.dll
Event: 151.531 Loaded shared library C:\Users\Admin\.antigravity\extensions\redhat.java-1.54.0-win32-x64\jre\21.0.10-win32-x86_64\bin\management.dll
Event: 152.620 Loaded shared library C:\Users\Admin\.antigravity\extensions\redhat.java-1.54.0-win32-x64\jre\21.0.10-win32-x86_64\bin\management_ext.dll

Deoptimization events (20 events):
Event: 1719.395 Thread 0x0000027b187635a0 Uncommon trap: trap_request=0xffffff45 fr.pc=0x0000027ac9c6ab10 relative=0x0000000000000070
Event: 1719.395 Thread 0x0000027b187635a0 Uncommon trap: reason=unstable_if action=reinterpret pc=0x0000027ac9c6ab10 method=org.eclipse.jdt.core.dom.VariableDeclaration.getName()Lorg/eclipse/jdt/core/dom/SimpleName; @ 4 c2
Event: 1719.395 Thread 0x0000027b187635a0 DEOPT PACKING pc=0x0000027ac9c6ab10 sp=0x000000a02b6fde10
Event: 1719.395 Thread 0x0000027b187635a0 DEOPT UNPACKING pc=0x0000027ac95e3aa2 sp=0x000000a02b6fdda8 mode 2
Event: 1719.428 Thread 0x0000027b187635a0 Uncommon trap: trap_request=0xffffffc6 fr.pc=0x0000027aca6ccd00 relative=0x0000000000000ce0
Event: 1719.428 Thread 0x0000027b187635a0 Uncommon trap: reason=bimorphic_or_optimized_type_check action=maybe_recompile pc=0x0000027aca6ccd00 method=org.eclipse.jdt.internal.compiler.ast.CompilationUnitDeclaration.getMainTypeName()[C @ 79 c2
Event: 1719.428 Thread 0x0000027b187635a0 DEOPT PACKING pc=0x0000027aca6ccd00 sp=0x000000a02b6fd8f0
Event: 1719.428 Thread 0x0000027b187635a0 DEOPT UNPACKING pc=0x0000027ac95e3aa2 sp=0x000000a02b6fd8c0 mode 2
Event: 1719.464 Thread 0x0000027b187635a0 Uncommon trap: trap_request=0xffffff45 fr.pc=0x0000027aca5af048 relative=0x0000000000000608
Event: 1719.464 Thread 0x0000027b187635a0 Uncommon trap: reason=unstable_if action=reinterpret pc=0x0000027aca5af048 method=org.eclipse.jdt.core.dom.AST.preValueChangeEvent(Lorg/eclipse/jdt/core/dom/ASTNode;Lorg/eclipse/jdt/core/dom/SimplePropertyDescriptor;)V @ 14 c2
Event: 1719.464 Thread 0x0000027b187635a0 DEOPT PACKING pc=0x0000027aca5af048 sp=0x000000a02b6fdd80
Event: 1719.464 Thread 0x0000027b187635a0 DEOPT UNPACKING pc=0x0000027ac95e3aa2 sp=0x000000a02b6fdd78 mode 2
Event: 1719.464 Thread 0x0000027b187635a0 Uncommon trap: trap_request=0xffffff45 fr.pc=0x0000027aca5a99c8 relative=0x0000000000000608
Event: 1719.464 Thread 0x0000027b187635a0 Uncommon trap: reason=unstable_if action=reinterpret pc=0x0000027aca5a99c8 method=org.eclipse.jdt.core.dom.AST.postValueChangeEvent(Lorg/eclipse/jdt/core/dom/ASTNode;Lorg/eclipse/jdt/core/dom/SimplePropertyDescriptor;)V @ 14 c2
Event: 1719.464 Thread 0x0000027b187635a0 DEOPT PACKING pc=0x0000027aca5a99c8 sp=0x000000a02b6fdd80
Event: 1719.464 Thread 0x0000027b187635a0 DEOPT UNPACKING pc=0x0000027ac95e3aa2 sp=0x000000a02b6fdd78 mode 2
Event: 1719.484 Thread 0x0000027b187635a0 Uncommon trap: trap_request=0xffffffc6 fr.pc=0x0000027aca6ccd00 relative=0x0000000000000ce0
Event: 1719.484 Thread 0x0000027b187635a0 Uncommon trap: reason=bimorphic_or_optimized_type_check action=maybe_recompile pc=0x0000027aca6ccd00 method=org.eclipse.jdt.internal.compiler.ast.CompilationUnitDeclaration.getMainTypeName()[C @ 79 c2
Event: 1719.484 Thread 0x0000027b187635a0 DEOPT PACKING pc=0x0000027aca6ccd00 sp=0x000000a02b6fd8f0
Event: 1719.485 Thread 0x0000027b187635a0 DEOPT UNPACKING pc=0x0000027ac95e3aa2 sp=0x000000a02b6fd8c0 mode 2

Classes loaded (20 events):
Event: 462.366 Loading class java/util/stream/Nodes$AbstractConcNode done
Event: 462.366 Loading class java/util/stream/Nodes$ConcNode done
Event: 1146.590 Loading class java/util/regex/Pattern$Behind
Event: 1146.590 Loading class java/util/regex/Pattern$Behind done
Event: 1146.591 Loading class java/util/regex/Pattern$Neg
Event: 1146.591 Loading class java/util/regex/Pattern$Neg done
Event: 1147.012 Loading class java/util/stream/SliceOps
Event: 1147.020 Loading class java/util/stream/SliceOps done
Event: 1147.021 Loading class java/util/stream/SliceOps$1
Event: 1147.022 Loading class java/util/stream/SliceOps$1 done
Event: 1147.029 Loading class java/util/stream/SliceOps$1$1
Event: 1147.035 Loading class java/util/stream/SliceOps$1$1 done
Event: 1148.457 Loading class java/util/stream/ReduceOps$5
Event: 1148.457 Loading class java/util/stream/ReduceOps$5 done
Event: 1148.457 Loading class java/util/stream/ReduceOps$CountingSink$OfRef
Event: 1148.458 Loading class java/util/stream/ReduceOps$CountingSink
Event: 1148.458 Loading class java/util/stream/ReduceOps$CountingSink done
Event: 1148.458 Loading class java/util/stream/ReduceOps$CountingSink$OfRef done
Event: 1718.307 Loading class jdk/internal/ref/CleanerImpl$InnocuousThreadFactory
Event: 1718.307 Loading class jdk/internal/ref/CleanerImpl$InnocuousThreadFactory done

Classes unloaded (20 events):
Event: 123.279 Thread 0x0000027abeefe760 Unloading class 0x0000027ad71a0800 'java/lang/invoke/LambdaForm$DMH+0x0000027ad71a0800'
Event: 128.930 Thread 0x0000027abeefe760 Unloading class 0x0000027ad72ea000 'java/lang/invoke/LambdaForm$MH+0x0000027ad72ea000'
Event: 128.930 Thread 0x0000027abeefe760 Unloading class 0x0000027ad72e9000 'java/lang/invoke/LambdaForm$MH+0x0000027ad72e9000'
Event: 128.930 Thread 0x0000027abeefe760 Unloading class 0x0000027ad72e8800 'java/lang/invoke/LambdaForm$MH+0x0000027ad72e8800'
Event: 128.930 Thread 0x0000027abeefe760 Unloading class 0x0000027ad72e8400 'java/lang/invoke/LambdaForm$DMH+0x0000027ad72e8400'
Event: 128.930 Thread 0x0000027abeefe760 Unloading class 0x0000027ad72e3800 'java/lang/invoke/LambdaForm$MH+0x0000027ad72e3800'
Event: 128.930 Thread 0x0000027abeefe760 Unloading class 0x0000027ad72db800 'java/lang/invoke/LambdaForm$MH+0x0000027ad72db800'
Event: 128.930 Thread 0x0000027abeefe760 Unloading class 0x0000027ad72db000 'java/lang/invoke/LambdaForm$MH+0x0000027ad72db000'
Event: 128.930 Thread 0x0000027abeefe760 Unloading class 0x0000027ad72da800 'java/lang/invoke/LambdaForm$MH+0x0000027ad72da800'
Event: 128.930 Thread 0x0000027abeefe760 Unloading class 0x0000027ad72d9c00 'java/lang/invoke/LambdaForm$MH+0x0000027ad72d9c00'
Event: 128.930 Thread 0x0000027abeefe760 Unloading class 0x0000027ad72d9400 'java/lang/invoke/LambdaForm$MH+0x0000027ad72d9400'
Event: 1717.864 Thread 0x0000027abeefe760 Unloading class 0x0000027ad7a32800 'java/lang/invoke/LambdaForm$MH+0x0000027ad7a32800'
Event: 1717.864 Thread 0x0000027abeefe760 Unloading class 0x0000027ad7a31c00 'java/lang/invoke/LambdaForm$MH+0x0000027ad7a31c00'
Event: 1717.864 Thread 0x0000027abeefe760 Unloading class 0x0000027ad7a31800 'java/lang/invoke/LambdaForm$MH+0x0000027ad7a31800'
Event: 1717.864 Thread 0x0000027abeefe760 Unloading class 0x0000027ad7a2e400 'java/lang/invoke/LambdaForm$MH+0x0000027ad7a2e400'
Event: 1717.864 Thread 0x0000027abeefe760 Unloading class 0x0000027ad7a2dc00 'java/lang/invoke/LambdaForm$MH+0x0000027ad7a2dc00'
Event: 1717.864 Thread 0x0000027abeefe760 Unloading class 0x0000027ad7a2d400 'java/lang/invoke/LambdaForm$MH+0x0000027ad7a2d400'
Event: 1717.864 Thread 0x0000027abeefe760 Unloading class 0x0000027ad7a2c800 'java/lang/invoke/LambdaForm$MH+0x0000027ad7a2c800'
Event: 1717.864 Thread 0x0000027abeefe760 Unloading class 0x0000027ad7a2c400 'java/lang/invoke/LambdaForm$MH+0x0000027ad7a2c400'
Event: 1717.864 Thread 0x0000027abeefe760 Unloading class 0x0000027ad7a26c00 'java/lang/invoke/LambdaForm$MH+0x0000027ad7a26c00'

Classes redefined (0 events):
No events

Internal exceptions (20 events):
Event: 1147.901 Thread 0x0000027b18768af0 Exception <a 'java/lang/IncompatibleClassChangeError'{0x00000000d56422a0}: Found class java.lang.Object, but interface was expected> (0x00000000d56422a0) 
thrown [s\src\hotspot\share\interpreter\linkResolver.cpp, line 840]
Event: 1148.527 Thread 0x0000027b187621f0 Implicit null exception at 0x0000027ac3bedcfc to 0x0000027ac3bef776
Event: 1148.527 Thread 0x0000027b187621f0 Exception <a 'java/lang/NullPointerException'{0x00000000d57d7ee0}> (0x00000000d57d7ee0) 
thrown [s\src\hotspot\share\runtime\sharedRuntime.cpp, line 625]
Event: 1148.533 Thread 0x0000027b187621f0 Implicit null exception at 0x0000027ac3bedcfc to 0x0000027ac3bef776
Event: 1148.533 Thread 0x0000027b187621f0 Exception <a 'java/lang/NullPointerException'{0x00000000d5838370}> (0x00000000d5838370) 
thrown [s\src\hotspot\share\runtime\sharedRuntime.cpp, line 625]
Event: 1148.583 Thread 0x0000027b187621f0 Implicit null exception at 0x0000027ac3bedcfc to 0x0000027ac3bef776
Event: 1148.583 Thread 0x0000027b187621f0 Exception <a 'java/lang/NullPointerException'{0x00000000d57836a8}> (0x00000000d57836a8) 
thrown [s\src\hotspot\share\runtime\sharedRuntime.cpp, line 625]
Event: 1148.677 Thread 0x0000027b187621f0 Implicit null exception at 0x0000027ac3bedcfc to 0x0000027ac3bef776
Event: 1148.677 Thread 0x0000027b187621f0 Exception <a 'java/lang/NullPointerException'{0x00000000d56d3858}> (0x00000000d56d3858) 
thrown [s\src\hotspot\share\runtime\sharedRuntime.cpp, line 625]
Event: 1200.806 Thread 0x0000027b187621f0 Implicit null exception at 0x0000027ac3bedcfc to 0x0000027ac3bef776
Event: 1200.806 Thread 0x0000027b187621f0 Exception <a 'java/lang/NullPointerException'{0x00000000d56079c0}> (0x00000000d56079c0) 
thrown [s\src\hotspot\share\runtime\sharedRuntime.cpp, line 625]
Event: 1446.126 Thread 0x0000027b187621f0 Exception <a 'sun/nio/fs/WindowsException'{0x00000000d55c9ee8}> (0x00000000d55c9ee8) 
thrown [s\src\hotspot\share\prims\jni.cpp, line 520]
Event: 1446.126 Thread 0x0000027b187621f0 Exception <a 'sun/nio/fs/WindowsException'{0x00000000d55ca870}> (0x00000000d55ca870) 
thrown [s\src\hotspot\share\prims\jni.cpp, line 520]
Event: 1705.273 Thread 0x0000027b18768af0 Implicit null exception at 0x0000027ac3bedcfc to 0x0000027ac3bef776
Event: 1705.273 Thread 0x0000027b18768af0 Exception <a 'java/lang/NullPointerException'{0x00000000d55ab7f0}> (0x00000000d55ab7f0) 
thrown [s\src\hotspot\share\runtime\sharedRuntime.cpp, line 625]
Event: 1705.747 Thread 0x0000027b187621f0 Implicit null exception at 0x0000027ac3bedcfc to 0x0000027ac3bef776
Event: 1705.747 Thread 0x0000027b187621f0 Exception <a 'java/lang/NullPointerException'{0x00000000d56810d8}> (0x00000000d56810d8) 
thrown [s\src\hotspot\share\runtime\sharedRuntime.cpp, line 625]
Event: 1717.465 Thread 0x0000027b18768af0 Exception <a 'java/lang/IncompatibleClassChangeError'{0x00000000d55c12b8}: Found class java.lang.Object, but interface was expected> (0x00000000d55c12b8) 
thrown [s\src\hotspot\share\interpreter\linkResolver.cpp, line 840]
Event: 1719.351 Thread 0x0000027b187635a0 Implicit null exception at 0x0000027aca5ed1d3 to 0x0000027aca5ed8a0
Event: 1719.384 Thread 0x0000027b187635a0 Implicit null exception at 0x0000027aca5e2329 to 0x0000027aca5e2850

ZGC Phase Switch (0 events):
No events

VM Operations (20 events):
Event: 1718.710 Executing safepoint VM operation: ParallelGCFailedAllocation (Allocation Failure)
Event: 1718.714 Executing safepoint VM operation: ParallelGCFailedAllocation (Allocation Failure) done
Event: 1718.831 Executing safepoint VM operation: ParallelGCFailedAllocation (Allocation Failure)
Event: 1718.835 Executing safepoint VM operation: ParallelGCFailedAllocation (Allocation Failure) done
Event: 1718.879 Executing safepoint VM operation: ParallelGCFailedAllocation (Allocation Failure)
Event: 1718.885 Executing safepoint VM operation: ParallelGCFailedAllocation (Allocation Failure) done
Event: 1718.964 Executing safepoint VM operation: ParallelGCFailedAllocation (Allocation Failure)
Event: 1718.969 Executing safepoint VM operation: ParallelGCFailedAllocation (Allocation Failure) done
Event: 1719.017 Executing safepoint VM operation: ParallelGCFailedAllocation (Allocation Failure)
Event: 1719.022 Executing safepoint VM operation: ParallelGCFailedAllocation (Allocation Failure) done
Event: 1719.151 Executing safepoint VM operation: ParallelGCFailedAllocation (Allocation Failure)
Event: 1719.155 Executing safepoint VM operation: ParallelGCFailedAllocation (Allocation Failure) done
Event: 1719.198 Executing non-safepoint VM operation: HandshakeAllThreads (Deoptimize)
Event: 1719.198 Executing non-safepoint VM operation: HandshakeAllThreads (Deoptimize) done
Event: 1719.410 Executing safepoint VM operation: ParallelGCFailedAllocation (Allocation Failure)
Event: 1719.426 Executing safepoint VM operation: ParallelGCFailedAllocation (Allocation Failure) done
Event: 1719.499 Executing safepoint VM operation: ParallelGCFailedAllocation (Allocation Failure)
Event: 1719.503 Executing safepoint VM operation: ParallelGCFailedAllocation (Allocation Failure) done
Event: 1719.568 Executing safepoint VM operation: ParallelGCFailedAllocation (Allocation Failure)
Event: 1719.571 Executing safepoint VM operation: ParallelGCFailedAllocation (Allocation Failure) done

Memory protections (0 events):
No events

Nmethod flushes (20 events):
Event: 1717.933 Thread 0x0000027abeefe760 flushing  nmethod 0x0000027ac2c33e90
Event: 1717.933 Thread 0x0000027abeefe760 flushing  nmethod 0x0000027ac2c3fd10
Event: 1717.933 Thread 0x0000027abeefe760 flushing  nmethod 0x0000027ac2c59b10
Event: 1717.933 Thread 0x0000027abeefe760 flushing osr nmethod 0x0000027ac2c80a10
Event: 1717.933 Thread 0x0000027abeefe760 flushing  nmethod 0x0000027ac2c88110
Event: 1717.933 Thread 0x0000027abeefe760 flushing osr nmethod 0x0000027ac2c97710
Event: 1717.933 Thread 0x0000027abeefe760 flushing  nmethod 0x0000027ac2ca1510
Event: 1717.933 Thread 0x0000027abeefe760 flushing  nmethod 0x0000027ac2ca1d90
Event: 1717.933 Thread 0x0000027abeefe760 flushing  nmethod 0x0000027ac2ca7f10
Event: 1717.933 Thread 0x0000027abeefe760 flushing  nmethod 0x0000027ac2cac910
Event: 1717.933 Thread 0x0000027abeefe760 flushing  nmethod 0x0000027ac2cadb10
Event: 1717.933 Thread 0x0000027abeefe760 flushing  nmethod 0x0000027ac2cb0890
Event: 1717.933 Thread 0x0000027abeefe760 flushing  nmethod 0x0000027ac2cda210
Event: 1717.933 Thread 0x0000027abeefe760 flushing  nmethod 0x0000027ac2cf8b90
Event: 1717.933 Thread 0x0000027abeefe760 flushing  nmethod 0x0000027ac2d0c390
Event: 1717.933 Thread 0x0000027abeefe760 flushing  nmethod 0x0000027ac2d0c790
Event: 1717.933 Thread 0x0000027abeefe760 flushing  nmethod 0x0000027ac2d0db90
Event: 1717.933 Thread 0x0000027abeefe760 flushing  nmethod 0x0000027ac2d19610
Event: 1717.933 Thread 0x0000027abeefe760 flushing  nmethod 0x0000027ac2d20510
Event: 1717.933 Thread 0x0000027abeefe760 flushing  nmethod 0x0000027ac2d39d10

Events (20 events):
Event: 1446.134 Thread 0x0000027b18118120 Thread added: 0x0000027b2b86c2e0
Event: 1451.251 Thread 0x0000027b2b86c2e0 Thread exited: 0x0000027b2b86c2e0
Event: 1705.257 Thread 0x0000027b18118120 Thread added: 0x0000027b2b86c2e0
Event: 1705.257 Thread 0x0000027b18118120 Thread added: 0x0000027b2b86a0d0
Event: 1705.600 Thread 0x0000027b2b86a0d0 Thread exited: 0x0000027b2b86a0d0
Event: 1705.601 Thread 0x0000027b2b86c2e0 Thread exited: 0x0000027b2b86c2e0
Event: 1705.681 Thread 0x0000027b187621f0 Thread added: 0x0000027b20145600
Event: 1705.742 Thread 0x0000027b18118120 Thread added: 0x0000027b2b86c2e0
Event: 1707.758 Thread 0x0000027b2b86c2e0 Thread exited: 0x0000027b2b86c2e0
Event: 1707.783 Thread 0x0000027b18118120 Thread added: 0x0000027b2b86c2e0
Event: 1707.804 Thread 0x0000027b18118120 Thread added: 0x0000027b2b86a0d0
Event: 1713.653 Thread 0x0000027b2b86a0d0 Thread exited: 0x0000027b2b86a0d0
Event: 1713.678 Thread 0x0000027b2b86c2e0 Thread exited: 0x0000027b2b86c2e0
Event: 1717.523 Thread 0x0000027b18768af0 Thread added: 0x0000027b187635a0
Event: 1717.526 Thread 0x0000027b18768af0 Thread added: 0x0000027b18761b60
Event: 1717.527 Thread 0x0000027b18761b60 Thread added: 0x0000027b18767740
Event: 1717.528 Thread 0x0000027b187635a0 Thread added: 0x0000027b18767dd0
Event: 1717.544 Thread 0x0000027b18118120 Thread added: 0x0000027b2b86a0d0
Event: 1717.578 Thread 0x0000027b18118120 Thread added: 0x0000027b2b86de20
Event: 1718.308 Thread 0x0000027b187635a0 Thread added: 0x0000027b1f93b8a0


Dynamic libraries:
0x00007ff712e30000 - 0x00007ff712e3e000 	c:\Users\Admin\.antigravity\extensions\redhat.java-1.54.0-win32-x64\jre\21.0.10-win32-x86_64\bin\java.exe
0x00007ff955b40000 - 0x00007ff955da7000 	C:\WINDOWS\SYSTEM32\ntdll.dll
0x00007ff954250000 - 0x00007ff954319000 	C:\WINDOWS\System32\KERNEL32.DLL
0x00007ff953110000 - 0x00007ff953504000 	C:\WINDOWS\System32\KERNELBASE.dll
0x00007ff953750000 - 0x00007ff95389b000 	C:\WINDOWS\System32\ucrtbase.dll
0x00007ff9140d0000 - 0x00007ff9140e8000 	c:\Users\Admin\.antigravity\extensions\redhat.java-1.54.0-win32-x64\jre\21.0.10-win32-x86_64\bin\jli.dll
0x00007ff9543e0000 - 0x00007ff9545a5000 	C:\WINDOWS\System32\USER32.dll
0x00007ff9538a0000 - 0x00007ff9538c7000 	C:\WINDOWS\System32\win32u.dll
0x00007ff954bc0000 - 0x00007ff954beb000 	C:\WINDOWS\System32\GDI32.dll
0x00007ff952c80000 - 0x00007ff952dab000 	C:\WINDOWS\System32\gdi32full.dll
0x00007ff953060000 - 0x00007ff953103000 	C:\WINDOWS\System32\msvcp_win.dll
0x00007ff914da0000 - 0x00007ff914dbe000 	c:\Users\Admin\.antigravity\extensions\redhat.java-1.54.0-win32-x64\jre\21.0.10-win32-x86_64\bin\VCRUNTIME140.dll
0x00007ff941330000 - 0x00007ff9415c3000 	C:\WINDOWS\WinSxS\amd64_microsoft.windows.common-controls_6595b64144ccf1df_6.0.26100.8115_none_3e075c82e3354f9c\COMCTL32.dll
0x00007ff9548d0000 - 0x00007ff954979000 	C:\WINDOWS\System32\msvcrt.dll
0x00007ff955510000 - 0x00007ff955542000 	C:\WINDOWS\System32\IMM32.DLL
0x00007ff93d1d0000 - 0x00007ff93d1dc000 	c:\Users\Admin\.antigravity\extensions\redhat.java-1.54.0-win32-x64\jre\21.0.10-win32-x86_64\bin\vcruntime140_1.dll
0x00007ff8e8aa0000 - 0x00007ff8e8b2d000 	c:\Users\Admin\.antigravity\extensions\redhat.java-1.54.0-win32-x64\jre\21.0.10-win32-x86_64\bin\msvcp140.dll
0x00007ff8ae9a0000 - 0x00007ff8af741000 	c:\Users\Admin\.antigravity\extensions\redhat.java-1.54.0-win32-x64\jre\21.0.10-win32-x86_64\bin\server\jvm.dll
0x00007ff954bf0000 - 0x00007ff954ca6000 	C:\WINDOWS\System32\ADVAPI32.dll
0x00007ff954b10000 - 0x00007ff954bb7000 	C:\WINDOWS\System32\sechost.dll
0x00007ff954980000 - 0x00007ff954a98000 	C:\WINDOWS\System32\RPCRT4.dll
0x00007ff955550000 - 0x00007ff9555d0000 	C:\WINDOWS\System32\WS2_32.dll
0x00007ff952270000 - 0x00007ff9522ce000 	C:\WINDOWS\SYSTEM32\POWRPROF.dll
0x00007ff941670000 - 0x00007ff9416a6000 	C:\WINDOWS\SYSTEM32\WINMM.dll
0x00007ff9506f0000 - 0x00007ff9506fb000 	C:\WINDOWS\SYSTEM32\VERSION.dll
0x00007ff952250000 - 0x00007ff952264000 	C:\WINDOWS\SYSTEM32\UMPDC.dll
0x00007ff951160000 - 0x00007ff95117b000 	C:\WINDOWS\SYSTEM32\kernel.appcore.dll
0x00007ff93b600000 - 0x00007ff93b60a000 	c:\Users\Admin\.antigravity\extensions\redhat.java-1.54.0-win32-x64\jre\21.0.10-win32-x86_64\bin\jimage.dll
0x00007ff94d5d0000 - 0x00007ff94d812000 	C:\WINDOWS\SYSTEM32\DBGHELP.DLL
0x00007ff9555e0000 - 0x00007ff955962000 	C:\WINDOWS\System32\combase.dll
0x00007ff955430000 - 0x00007ff955508000 	C:\WINDOWS\System32\OLEAUT32.dll
0x00007ff942370000 - 0x00007ff9423ab000 	C:\WINDOWS\SYSTEM32\dbgcore.DLL
0x00007ff952f20000 - 0x00007ff952fc5000 	C:\WINDOWS\System32\bcryptPrimitives.dll
0x00007ff928ee0000 - 0x00007ff928eef000 	c:\Users\Admin\.antigravity\extensions\redhat.java-1.54.0-win32-x64\jre\21.0.10-win32-x86_64\bin\instrument.dll
0x00007ff93d1e0000 - 0x00007ff93d200000 	c:\Users\Admin\.antigravity\extensions\redhat.java-1.54.0-win32-x64\jre\21.0.10-win32-x86_64\bin\java.dll
0x00007ff953a30000 - 0x00007ff954197000 	C:\WINDOWS\System32\SHELL32.dll
0x00007ff952db0000 - 0x00007ff952f1a000 	C:\WINDOWS\System32\wintypes.dll
0x00007ff952410000 - 0x00007ff952c78000 	C:\WINDOWS\System32\windows.storage.dll
0x00007ff954cb0000 - 0x00007ff954da8000 	C:\WINDOWS\System32\SHCORE.dll
0x00007ff954aa0000 - 0x00007ff954b06000 	C:\WINDOWS\System32\shlwapi.dll
0x00007ff952330000 - 0x00007ff952359000 	C:\WINDOWS\SYSTEM32\profapi.dll
0x00007ff928f00000 - 0x00007ff928f18000 	c:\Users\Admin\.antigravity\extensions\redhat.java-1.54.0-win32-x64\jre\21.0.10-win32-x86_64\bin\zip.dll
0x00007ff928ef0000 - 0x00007ff928f00000 	C:\Users\Admin\.antigravity\extensions\redhat.java-1.54.0-win32-x64\jre\21.0.10-win32-x86_64\bin\net.dll
0x00007ff947850000 - 0x00007ff94797d000 	C:\WINDOWS\SYSTEM32\WINHTTP.dll
0x00007ff9516b0000 - 0x00007ff95171c000 	C:\WINDOWS\system32\mswsock.dll
0x00007ff913e70000 - 0x00007ff913e86000 	C:\Users\Admin\.antigravity\extensions\redhat.java-1.54.0-win32-x64\jre\21.0.10-win32-x86_64\bin\nio.dll
0x00007ff920100000 - 0x00007ff920110000 	c:\Users\Admin\.antigravity\extensions\redhat.java-1.54.0-win32-x64\jre\21.0.10-win32-x86_64\bin\verify.dll
0x00007ff90fba0000 - 0x00007ff90fbe5000 	C:\Users\Admin\AppData\Roaming\Antigravity\User\globalStorage\redhat.java\1.54.0\config_win\org.eclipse.equinox.launcher\org.eclipse.equinox.launcher.win32.win32.x86_64_1.3.0.v20260203-2149\eclipse_11919.dll
0x00007ff954db0000 - 0x00007ff954f47000 	C:\WINDOWS\System32\ole32.dll
0x00007ff951ab0000 - 0x00007ff951acb000 	C:\WINDOWS\SYSTEM32\CRYPTSP.dll
0x00007ff9510c0000 - 0x00007ff9510f9000 	C:\WINDOWS\system32\rsaenh.dll
0x00007ff951760000 - 0x00007ff951793000 	C:\WINDOWS\SYSTEM32\USERENV.dll
0x00007ff952300000 - 0x00007ff95232a000 	C:\WINDOWS\SYSTEM32\bcrypt.dll
0x00007ff951910000 - 0x00007ff95191c000 	C:\WINDOWS\SYSTEM32\CRYPTBASE.dll
0x00007ff950b90000 - 0x00007ff950bc2000 	C:\WINDOWS\SYSTEM32\IPHLPAPI.DLL
0x00007ff955af0000 - 0x00007ff955afa000 	C:\WINDOWS\System32\NSI.dll
0x00007ff8f2370000 - 0x00007ff8f23b9000 	C:\Users\Admin\AppData\Local\Temp\jna-63116079\jna6106649759743542825.dll
0x00007ff9541a0000 - 0x00007ff9541a8000 	C:\WINDOWS\System32\PSAPI.DLL
0x00007ff94cdc0000 - 0x00007ff94cddd000 	C:\WINDOWS\SYSTEM32\dhcpcsvc6.DLL
0x00007ff94cd10000 - 0x00007ff94cd35000 	C:\WINDOWS\SYSTEM32\dhcpcsvc.DLL
0x00007ff920090000 - 0x00007ff92009e000 	C:\Users\Admin\.antigravity\extensions\redhat.java-1.54.0-win32-x64\jre\21.0.10-win32-x86_64\bin\sunmscapi.dll
0x00007ff9535d0000 - 0x00007ff953747000 	C:\WINDOWS\System32\CRYPT32.dll
0x00007ff951c10000 - 0x00007ff951c40000 	C:\WINDOWS\SYSTEM32\ncrypt.dll
0x00007ff951bc0000 - 0x00007ff951bff000 	C:\WINDOWS\SYSTEM32\NTASN1.dll
0x00007ff950c30000 - 0x00007ff950d62000 	C:\WINDOWS\SYSTEM32\DNSAPI.dll
0x00007ff9479a0000 - 0x00007ff9479ab000 	C:\Windows\System32\rasadhlp.dll
0x00007ff94d100000 - 0x00007ff94d186000 	C:\WINDOWS\System32\fwpuclnt.dll
0x00007ff91cbd0000 - 0x00007ff91cbd9000 	C:\Users\Admin\.antigravity\extensions\redhat.java-1.54.0-win32-x64\jre\21.0.10-win32-x86_64\bin\extnet.dll
0x00007ff913790000 - 0x00007ff9137b7000 	D:\gradle-cache\native\c067742578af261105cb4f569cf0c3c89f3d7b1fecec35dd04571415982c5e48\windows-amd64\native-platform.dll
0x00007ff919160000 - 0x00007ff91916a000 	C:\Users\Admin\.antigravity\extensions\redhat.java-1.54.0-win32-x64\jre\21.0.10-win32-x86_64\bin\management.dll
0x00007ff913ec0000 - 0x00007ff913ecc000 	C:\Users\Admin\.antigravity\extensions\redhat.java-1.54.0-win32-x64\jre\21.0.10-win32-x86_64\bin\management_ext.dll

JVMTI agents:
c:\Users\Admin\.antigravity\extensions\redhat.java-1.54.0-win32-x64\lombok\lombok-1.18.39-4050.jar path:c:\Users\Admin\.antigravity\extensions\redhat.java-1.54.0-win32-x64\jre\21.0.10-win32-x86_64\bin\instrument.dll, loaded, initialized, instrumentlib options:none

dbghelp: loaded successfully - version: 4.0.5 - missing functions: none
symbol engine: initialized successfully - sym options: 0x614 - pdb path: .;c:\Users\Admin\.antigravity\extensions\redhat.java-1.54.0-win32-x64\jre\21.0.10-win32-x86_64\bin;C:\WINDOWS\SYSTEM32;C:\WINDOWS\WinSxS\amd64_microsoft.windows.common-controls_6595b64144ccf1df_6.0.26100.8115_none_3e075c82e3354f9c;c:\Users\Admin\.antigravity\extensions\redhat.java-1.54.0-win32-x64\jre\21.0.10-win32-x86_64\bin\server;C:\Users\Admin\AppData\Roaming\Antigravity\User\globalStorage\redhat.java\1.54.0\config_win\org.eclipse.equinox.launcher\org.eclipse.equinox.launcher.win32.win32.x86_64_1.3.0.v20260203-2149;C:\Users\Admin\AppData\Local\Temp\jna-63116079;D:\gradle-cache\native\c067742578af261105cb4f569cf0c3c89f3d7b1fecec35dd04571415982c5e48\windows-amd64

VM Arguments:
jvm_args: --add-modules=ALL-SYSTEM --add-opens=java.base/java.util=ALL-UNNAMED --add-opens=java.base/java.lang=ALL-UNNAMED --add-opens=java.base/sun.nio.fs=ALL-UNNAMED -Declipse.application=org.eclipse.jdt.ls.core.id1 -Dosgi.bundles.defaultStartLevel=4 -Declipse.product=org.eclipse.jdt.ls.core.product -Djava.import.generatesMetadataFilesAtProjectRoot=false -DDetectVMInstallationsJob.disabled=true -Dfile.encoding=utf8 -XX:+UseParallelGC -XX:GCTimeRatio=4 -XX:AdaptiveSizePolicyWeight=90 -Dsun.zip.disableMemoryMapping=true -Xmx2G -Xms100m -Xlog:disable -javaagent:c:\Users\Admin\.antigravity\extensions\redhat.java-1.54.0-win32-x64\lombok\lombok-1.18.39-4050.jar -XX:+HeapDumpOnOutOfMemoryError -XX:HeapDumpPath=c:\Users\Admin\AppData\Roaming\Antigravity\User\workspaceStorage\dffee3d69171cb4c4b6eecd46c920398\redhat.java -Daether.dependencyCollector.impl=bf 
java_command: c:\Users\Admin\.antigravity\extensions\redhat.java-1.54.0-win32-x64\server\plugins\org.eclipse.equinox.launcher_1.7.100.v20251111-0406.jar -configuration c:\Users\Admin\AppData\Roaming\Antigravity\User\globalStorage\redhat.java\1.54.0\config_win -data c:\Users\Admin\AppData\Roaming\Antigravity\User\workspaceStorage\dffee3d69171cb4c4b6eecd46c920398\redhat.java\jdt_ws --pipe=\\.\pipe\lsp-c648d78b2bcfad10c2cd8a655de010b4-sock
java_class_path (initial): c:\Users\Admin\.antigravity\extensions\redhat.java-1.54.0-win32-x64\server\plugins\org.eclipse.equinox.launcher_1.7.100.v20251111-0406.jar
Launcher Type: SUN_STANDARD

[Global flags]
    uintx AdaptiveSizePolicyWeight                 = 90                                        {product} {command line}
     intx CICompilerCount                          = 4                                         {product} {ergonomic}
    uintx GCTimeRatio                              = 4                                         {product} {command line}
     bool HeapDumpOnOutOfMemoryError               = true                                   {manageable} {command line}
    ccstr HeapDumpPath                             = c:\Users\Admin\AppData\Roaming\Antigravity\User\workspaceStorage\dffee3d69171cb4c4b6eecd46c920398\redhat.java         {manageable} {command line}
   size_t InitialHeapSize                          = 104857600                                 {product} {command line}
   size_t MaxHeapSize                              = 2147483648                                {product} {command line}
   size_t MaxNewSize                               = 715653120                                 {product} {ergonomic}
   size_t MinHeapDeltaBytes                        = 524288                                    {product} {ergonomic}
   size_t MinHeapSize                              = 104857600                                 {product} {command line}
   size_t NewSize                                  = 34603008                                  {product} {ergonomic}
    uintx NonNMethodCodeHeapSize                   = 5839372                                {pd product} {ergonomic}
    uintx NonProfiledCodeHeapSize                  = 122909434                              {pd product} {ergonomic}
   size_t OldSize                                  = 70254592                                  {product} {ergonomic}
     bool PerfDisableSharedMem                     = true                                      {product} {ergonomic}
    uintx ProfiledCodeHeapSize                     = 122909434                              {pd product} {ergonomic}
    uintx ReservedCodeCacheSize                    = 251658240                              {pd product} {ergonomic}
     bool SegmentedCodeCache                       = true                                      {product} {ergonomic}
   size_t SoftMaxHeapSize                          = 2147483648                             {manageable} {ergonomic}
     bool UseCompressedOops                        = true                           {product lp64_product} {ergonomic}
     bool UseLargePagesIndividualAllocation        = false                                  {pd product} {ergonomic}
     bool UseParallelGC                            = true                                      {product} {command line}

Logging:
Log output configuration:
 #0: stdout all=off uptime,level,tags foldmultilines=false
 #1: stderr all=off uptime,level,tags foldmultilines=false

Release file:
JAVA_VERSION="21.0.10" 
MODULES="java.base java.compiler java.datatransfer java.xml java.prefs java.desktop java.instrument java.logging java.management java.security.sasl java.naming java.rmi java.management.rmi java.net.http java.scripting java.security.jgss java.transaction.xa java.sql java.sql.rowset java.xml.crypto java.se java.smartcardio jdk.accessibility jdk.internal.jvmstat jdk.attach jdk.charsets jdk.internal.opt jdk.zipfs jdk.compiler jdk.crypto.ec jdk.crypto.cryptoki jdk.crypto.mscapi jdk.dynalink jdk.internal.ed jdk.editpad jdk.hotspot.agent jdk.httpserver jdk.internal.le jdk.internal.vm.ci jdk.internal.vm.compiler jdk.internal.vm.compiler.management jdk.jartool jdk.javadoc jdk.jcmd jdk.management jdk.management.agent jdk.jconsole jdk.jdeps jdk.jdwp.agent jdk.jdi jdk.jfr jdk.jshell jdk.jsobject jdk.jstatd jdk.localedata jdk.management.jfr jdk.naming.dns jdk.naming.rmi jdk.net jdk.nio.mapmode jdk.random jdk.sctp jdk.security.auth jdk.security.jgss jdk.unsupported jdk.unsupported.desktop jdk.xml.dom" 

Environment Variables:
JAVA_HOME=C:\Program Files\OpenLogic\jdk-17.0.14.7-hotspot
PATH=C:\Program Files\OpenLogic\jdk-17.0.14.7-hotspot\bin;C:\Python313\Scripts\;C:\Python313\;C:\Program Files\OpenLogic\jdk-22.0.2.9-hotspot\bin;C:\Python312\Scripts\;C:\Python312\;C:\WINDOWS\system32;C:\WINDOWS;C:\WINDOWS\System32\Wbem;C:\WINDOWS\System32\WindowsPowerShell\v1.0\;C:\WINDOWS\System32\OpenSSH\;D:\Flutter\flutter_windows_3.24.3-stable\flutter\bin;C:\ProgramData\chocolatey\bin;C:\Users\Admin\AppData\Local\Android\Sdk;C:\Users\Admin\AppData\Local\Android\Sdk\tools\bin;C:\Program Files\Git\cmd;C:\Users\Admin\AppData\Local\Android\Sdk\tools;C:\xampp\php;C:\ProgramData\ComposerSetup\bin;C:\Program Files\TortoiseSVN\bin;C:\Users\Admin\AppData\Local\nvm;C:\Program Files\nodejs;C:\Users\Admin\AppData\Local\Android\Sdk\platform-tools;C:\Users\Admin\AppData\Local\jdk-11.0.2\bin;C:\Users\Admin\AppData\Local\Microsoft\WindowsApps;C:\Users\Admin\AppData\Local\Programs\Microsoft VS Code\bin;D:\Flutter\flutter_windows_3.24.3-stable\flutter\bin;C:\Users\Admin\AppData\Local\Microsoft\WinGet\Packages\Schniz.fnm_Microsoft.Winget.Source_8wekyb3d8bbwe;C:\Users\Admin\AppData\Local\Android\Sdk;C:\Users\Admin\AppData\Local\Android\Sdk\tools\bin;C:\Users\Admin\AppData\Local\Android\Sdk\tools;C:\Users\Admin\AppData\Roaming\Composer\vendor\bin;C:\Program Files\PostgreSQL\17\bin;C:\Users\Admin\AppData\Roaming\npm;C:\Program Files\OpenLogic\jdk-17.0.14.7-hotspot\bin;C:\Users\Admin\AppData\Local\nvm;C:\Program Files\nodejs;C:\Users\Admin\AppData\Local\Programs\Antigravity\bin
USERNAME=Admin
OS=Windows_NT
PROCESSOR_IDENTIFIER=Intel64 Family 6 Model 142 Stepping 12, GenuineIntel
TMP=C:\Users\Admin\AppData\Local\Temp
TEMP=C:\Users\Admin\AppData\Local\Temp




Periodic native trim disabled

---------------  S Y S T E M  ---------------

OS:
 Windows 11 , 64 bit Build 26100 (10.0.26100.8246)
OS uptime: 1 days 0:16 hours
Hyper-V role detected

CPU: total 8 (initial active 8) (4 cores per cpu, 2 threads per core) family 6 model 142 stepping 12 microcode 0xf8, cx8, cmov, fxsr, ht, mmx, 3dnowpref, sse, sse2, sse3, ssse3, sse4.1, sse4.2, popcnt, lzcnt, tsc, tscinvbit, avx, avx2, aes, erms, clmul, bmi1, bmi2, adx, fma, vzeroupper, clflush, clflushopt, hv, rdtscp, f16c
Processor Information for the first 8 processors :
  Max Mhz: 2208, Current Mhz: 1706, Mhz Limit: 1700

Memory: 4k page, system-wide physical 16087M (1768M free)
TotalPageFile size 19283M (AvailPageFile size 4M)
current process WorkingSet (physical memory assigned to process): 517M, peak: 524M
current process commit charge ("private bytes"): 578M, peak: 586M

vm_info: OpenJDK 64-Bit Server VM (21.0.10+7-LTS) for windows-amd64 JRE (21.0.10+7-LTS), built on 2026-01-20T00:00:00Z by "admin" with MS VC++ 17.12 (VS2022)

END.
