#
# There is insufficient memory for the Java Runtime Environment to continue.
# Native memory allocation (malloc) failed to allocate 2034416 bytes. Error detail: Chunk::new
# Possible reasons:
#   The system is out of physical RAM or swap space
#   This process is running with CompressedOops enabled, and the Java Heap may be blocking the growth of the native heap
# Possible solutions:
#   Reduce memory load on the system
#   Increase physical memory or swap space
#   Check if swap backing store is full
#   Decrease Java heap size (-Xmx/-Xms)
#   Decrease number of Java threads
#   Decrease Java thread stack sizes (-Xss)
#   Set larger code cache with -XX:ReservedCodeCacheSize=
#   JVM is running with Unscaled Compressed Oops mode in which the Java heap is
#     placed in the first 4GB address space. The Java Heap base address is the
#     maximum limit for the native heap growth. Please use -XX:HeapBaseMinAddress
#     to set the Java Heap base and to place the Java Heap above 4GB virtual address.
# This output file may be truncated or incomplete.
#
#  Out of Memory Error (arena.cpp:168), pid=19728, tid=10500
#
# JRE version: OpenJDK Runtime Environment Temurin-21.0.10+7 (21.0.10+7) (build 21.0.10+7-LTS)
# Java VM: OpenJDK 64-Bit Server VM Temurin-21.0.10+7 (21.0.10+7-LTS, mixed mode, sharing, tiered, compressed oops, compressed class ptrs, parallel gc, windows-amd64)
# No core dump will be written. Minidumps are not enabled by default on client versions of Windows
#

---------------  S U M M A R Y ------------

Command Line: --add-modules=ALL-SYSTEM --add-opens=java.base/java.util=ALL-UNNAMED --add-opens=java.base/java.lang=ALL-UNNAMED --add-opens=java.base/sun.nio.fs=ALL-UNNAMED -Declipse.application=org.eclipse.jdt.ls.core.id1 -Dosgi.bundles.defaultStartLevel=4 -Declipse.product=org.eclipse.jdt.ls.core.product -Djava.import.generatesMetadataFilesAtProjectRoot=false -DDetectVMInstallationsJob.disabled=true -Dfile.encoding=utf8 -XX:+UseParallelGC -XX:GCTimeRatio=4 -XX:AdaptiveSizePolicyWeight=90 -Dsun.zip.disableMemoryMapping=true -Xmx2G -Xms100m -Xlog:disable -javaagent:c:\Users\Admin\.antigravity\extensions\redhat.java-1.54.0-win32-x64\lombok\lombok-1.18.39-4050.jar -XX:+HeapDumpOnOutOfMemoryError -XX:HeapDumpPath=c:\Users\Admin\AppData\Roaming\Antigravity\User\workspaceStorage\dffee3d69171cb4c4b6eecd46c920398\redhat.java -Daether.dependencyCollector.impl=bf c:\Users\Admin\.antigravity\extensions\redhat.java-1.54.0-win32-x64\server\plugins\org.eclipse.equinox.launcher_1.7.100.v20251111-0406.jar -configuration c:\Users\Admin\AppData\Roaming\Antigravity\User\globalStorage\redhat.java\1.54.0\config_win -data c:\Users\Admin\AppData\Roaming\Antigravity\User\workspaceStorage\dffee3d69171cb4c4b6eecd46c920398\redhat.java\jdt_ws --pipe=\\.\pipe\lsp-a6819d6b89cdb3821e1e549909005cab-sock

Host: Intel(R) Core(TM) i5-10310U CPU @ 1.70GHz, 8 cores, 15G,  Windows 11 , 64 bit Build 26100 (10.0.26100.8246)
Time: Wed Apr 22 14:41:47 2026 India Standard Time elapsed time: 60.490345 seconds (0d 0h 1m 0s)

---------------  T H R E A D  ---------------

Current thread (0x0000020b2db95e60):  JavaThread "C2 CompilerThread0" daemon [_thread_in_native, id=10500, stack(0x0000000d27200000,0x0000000d27300000) (1024K)]


Current CompileTask:
C2:60490 12948       4       java.lang.invoke.DirectMethodHandle::make (275 bytes)

Stack: [0x0000000d27200000,0x0000000d27300000]
Native frames: (J=compiled Java code, j=interpreted, Vv=VM code, C=native code)
V  [jvm.dll+0x6d7a39]
V  [jvm.dll+0x8b4b26]
V  [jvm.dll+0x8b70de]
V  [jvm.dll+0x8b77c3]
V  [jvm.dll+0x284346]
V  [jvm.dll+0xc66ed]
V  [jvm.dll+0xc6c31]
V  [jvm.dll+0x3bec01]
V  [jvm.dll+0x38b162]
V  [jvm.dll+0x38a5aa]
V  [jvm.dll+0x24c560]
V  [jvm.dll+0x24bb40]
V  [jvm.dll+0x1cb34e]
V  [jvm.dll+0x25b85d]
V  [jvm.dll+0x259dea]
V  [jvm.dll+0x3f857e]
V  [jvm.dll+0x85f59d]
V  [jvm.dll+0x6d626d]
C  [ucrtbase.dll+0x37b0]
C  [KERNEL32.DLL+0x2e8d7]
C  [ntdll.dll+0x8c3fc]


---------------  P R O C E S S  ---------------

Threads class SMR info:
_java_thread_list=0x0000020b76c1e3e0, length=61, elements={
0x0000020b1710bbc0, 0x0000020b2db7d620, 0x0000020b2db7fd70, 0x0000020b2db842e0,
0x0000020b2db87e90, 0x0000020b2db8a0d0, 0x0000020b2db8c5a0, 0x0000020b2db95e60,
0x0000020b2db9dd10, 0x0000020b706a1bc0, 0x0000020b75010060, 0x0000020b75604460,
0x0000020b7075e6c0, 0x0000020b7508bd40, 0x0000020b7508c780, 0x0000020b75e9d010,
0x0000020b761358e0, 0x0000020b76188fa0, 0x0000020b75da2a40, 0x0000020b75d9f5c0,
0x0000020b75da02e0, 0x0000020b75da23b0, 0x0000020b75da0970, 0x0000020b75da1d20,
0x0000020b75da1000, 0x0000020b7728d7f0, 0x0000020b7728e510, 0x0000020b772905e0,
0x0000020b7728d160, 0x0000020b77292020, 0x0000020b7728eba0, 0x0000020b7728f8c0,
0x0000020b77291990, 0x0000020b772926b0, 0x0000020b7728f230, 0x0000020b77290c70,
0x0000020b77291300, 0x0000020b77292d40, 0x0000020b772933d0, 0x0000020b7728ff50,
0x0000020b77369aa0, 0x0000020b7736a7c0, 0x0000020b77369410, 0x0000020b77bbda60,
0x0000020b77bbee10, 0x0000020b77bbcd40, 0x0000020b77bbe780, 0x0000020b77bbb990,
0x0000020b77bbd3d0, 0x0000020b77bbe0f0, 0x0000020b77bbc6b0, 0x0000020b770075f0,
0x0000020b77007c80, 0x0000020b758c20c0, 0x0000020b7c0de110, 0x0000020b77008310,
0x0000020b77009030, 0x0000020b770068d0, 0x0000020b77005bb0, 0x0000020b7700b790,
0x0000020b7700aa70
}

Java Threads: ( => current thread )
  0x0000020b1710bbc0 JavaThread "main"                              [_thread_blocked, id=24152, stack(0x0000000d26800000,0x0000000d26900000) (1024K)]
  0x0000020b2db7d620 JavaThread "Reference Handler"          daemon [_thread_blocked, id=8024, stack(0x0000000d26c00000,0x0000000d26d00000) (1024K)]
  0x0000020b2db7fd70 JavaThread "Finalizer"                  daemon [_thread_blocked, id=23180, stack(0x0000000d26d00000,0x0000000d26e00000) (1024K)]
  0x0000020b2db842e0 JavaThread "Signal Dispatcher"          daemon [_thread_blocked, id=22476, stack(0x0000000d26e00000,0x0000000d26f00000) (1024K)]
  0x0000020b2db87e90 JavaThread "Attach Listener"            daemon [_thread_blocked, id=22760, stack(0x0000000d26f00000,0x0000000d27000000) (1024K)]
  0x0000020b2db8a0d0 JavaThread "Service Thread"             daemon [_thread_blocked, id=10348, stack(0x0000000d27000000,0x0000000d27100000) (1024K)]
  0x0000020b2db8c5a0 JavaThread "Monitor Deflation Thread"   daemon [_thread_blocked, id=23324, stack(0x0000000d27100000,0x0000000d27200000) (1024K)]
=>0x0000020b2db95e60 JavaThread "C2 CompilerThread0"         daemon [_thread_in_native, id=10500, stack(0x0000000d27200000,0x0000000d27300000) (1024K)]
  0x0000020b2db9dd10 JavaThread "C1 CompilerThread0"         daemon [_thread_blocked, id=19568, stack(0x0000000d27300000,0x0000000d27400000) (1024K)]
  0x0000020b706a1bc0 JavaThread "Common-Cleaner"             daemon [_thread_blocked, id=19688, stack(0x0000000d27400000,0x0000000d27500000) (1024K)]
  0x0000020b75010060 JavaThread "Notification Thread"        daemon [_thread_blocked, id=21792, stack(0x0000000d27600000,0x0000000d27700000) (1024K)]
  0x0000020b75604460 JavaThread "Active Thread: Equinox Container: 31246dee-76a5-4cf9-9b08-2437355af700"        [_thread_blocked, id=19808, stack(0x0000000d27e00000,0x0000000d27f00000) (1024K)]
  0x0000020b7075e6c0 JavaThread "Refresh Thread: Equinox Container: 31246dee-76a5-4cf9-9b08-2437355af700" daemon [_thread_blocked, id=20612, stack(0x0000000d27500000,0x0000000d27600000) (1024K)]
  0x0000020b7508bd40 JavaThread "Framework Event Dispatcher: Equinox Container: 31246dee-76a5-4cf9-9b08-2437355af700" daemon [_thread_blocked, id=20788, stack(0x0000000d27f00000,0x0000000d28000000) (1024K)]
  0x0000020b7508c780 JavaThread "Start Level: Equinox Container: 31246dee-76a5-4cf9-9b08-2437355af700" daemon [_thread_blocked, id=3028, stack(0x0000000d28000000,0x0000000d28100000) (1024K)]
  0x0000020b75e9d010 JavaThread "Bundle File Closer"         daemon [_thread_blocked, id=14076, stack(0x0000000d28300000,0x0000000d28400000) (1024K)]
  0x0000020b761358e0 JavaThread "SCR Component Actor"        daemon [_thread_blocked, id=8388, stack(0x0000000d28100000,0x0000000d28200000) (1024K)]
  0x0000020b76188fa0 JavaThread "Worker-JM"                         [_thread_blocked, id=16248, stack(0x0000000d28200000,0x0000000d28300000) (1024K)]
  0x0000020b75da2a40 JavaThread "JNA Cleaner"                daemon [_thread_blocked, id=11500, stack(0x0000000d28400000,0x0000000d28500000) (1024K)]
  0x0000020b75d9f5c0 JavaThread "Worker-0"                          [_thread_blocked, id=19128, stack(0x0000000d28600000,0x0000000d28700000) (1024K)]
  0x0000020b75da02e0 JavaThread "Worker-1"                          [_thread_blocked, id=21928, stack(0x0000000d28700000,0x0000000d28800000) (1024K)]
  0x0000020b75da23b0 JavaThread "Worker-2"                          [_thread_blocked, id=18384, stack(0x0000000d28500000,0x0000000d28600000) (1024K)]
  0x0000020b75da0970 JavaThread "Worker-3"                          [_thread_blocked, id=23768, stack(0x0000000d28a00000,0x0000000d28b00000) (1024K)]
  0x0000020b75da1d20 JavaThread "Worker-4"                          [_thread_blocked, id=18428, stack(0x0000000d28b00000,0x0000000d28c00000) (1024K)]
  0x0000020b75da1000 JavaThread "Java indexing"              daemon [_thread_blocked, id=13136, stack(0x0000000d28c00000,0x0000000d28d00000) (1024K)]
  0x0000020b7728d7f0 JavaThread "Worker-5"                          [_thread_blocked, id=2508, stack(0x0000000d28f00000,0x0000000d29000000) (1024K)]
  0x0000020b7728e510 JavaThread "Worker-6"                          [_thread_blocked, id=7076, stack(0x0000000d29000000,0x0000000d29100000) (1024K)]
  0x0000020b772905e0 JavaThread "Worker-7"                          [_thread_blocked, id=18956, stack(0x0000000d29100000,0x0000000d29200000) (1024K)]
  0x0000020b7728d160 JavaThread "Thread-1"                   daemon [_thread_in_native, id=19460, stack(0x0000000d29200000,0x0000000d29300000) (1024K)]
  0x0000020b77292020 JavaThread "Thread-2"                   daemon [_thread_in_native, id=18424, stack(0x0000000d29300000,0x0000000d29400000) (1024K)]
  0x0000020b7728eba0 JavaThread "Thread-3"                   daemon [_thread_in_native, id=13192, stack(0x0000000d29400000,0x0000000d29500000) (1024K)]
  0x0000020b7728f8c0 JavaThread "Thread-4"                   daemon [_thread_in_native, id=18200, stack(0x0000000d29500000,0x0000000d29600000) (1024K)]
  0x0000020b77291990 JavaThread "Thread-5"                   daemon [_thread_in_native, id=15084, stack(0x0000000d29600000,0x0000000d29700000) (1024K)]
  0x0000020b772926b0 JavaThread "Thread-6"                   daemon [_thread_in_native, id=19752, stack(0x0000000d29700000,0x0000000d29800000) (1024K)]
  0x0000020b7728f230 JavaThread "Thread-7"                   daemon [_thread_in_native, id=4856, stack(0x0000000d29800000,0x0000000d29900000) (1024K)]
  0x0000020b77290c70 JavaThread "Thread-8"                   daemon [_thread_in_native, id=23040, stack(0x0000000d29900000,0x0000000d29a00000) (1024K)]
  0x0000020b77291300 JavaThread "Thread-9"                   daemon [_thread_in_native, id=20264, stack(0x0000000d29a00000,0x0000000d29b00000) (1024K)]
  0x0000020b77292d40 JavaThread "pool-2-thread-1"                   [_thread_blocked, id=2516, stack(0x0000000d29b00000,0x0000000d29c00000) (1024K)]
  0x0000020b772933d0 JavaThread "WorkspaceEventsHandler"            [_thread_blocked, id=20904, stack(0x0000000d29c00000,0x0000000d29d00000) (1024K)]
  0x0000020b7728ff50 JavaThread "pool-1-thread-1"                   [_thread_blocked, id=12392, stack(0x0000000d29d00000,0x0000000d29e00000) (1024K)]
  0x0000020b77369aa0 JavaThread "ForkJoinPool.commonPool-worker-1" daemon [_thread_blocked, id=1956, stack(0x0000000d29e00000,0x0000000d29f00000) (1024K)]
  0x0000020b7736a7c0 JavaThread "ForkJoinPool.commonPool-worker-2" daemon [_thread_blocked, id=6112, stack(0x0000000d29f00000,0x0000000d2a000000) (1024K)]
  0x0000020b77369410 JavaThread "Timer-0"                           [_thread_blocked, id=16360, stack(0x0000000d28900000,0x0000000d28a00000) (1024K)]
  0x0000020b77bbda60 JavaThread "Exec process"                      [_thread_blocked, id=13664, stack(0x0000000d2a300000,0x0000000d2a400000) (1024K)]
  0x0000020b77bbee10 JavaThread "Exec process Thread 2"             [_thread_blocked, id=9256, stack(0x0000000d2a400000,0x0000000d2a500000) (1024K)]
  0x0000020b77bbcd40 JavaThread "Exec process Thread 3"             [_thread_blocked, id=3464, stack(0x0000000d2a500000,0x0000000d2a600000) (1024K)]
  0x0000020b77bbe780 JavaThread "Timer-1"                           [_thread_blocked, id=3056, stack(0x0000000d2a100000,0x0000000d2a200000) (1024K)]
  0x0000020b77bbb990 JavaThread "Timer-2"                           [_thread_blocked, id=24512, stack(0x0000000d2a200000,0x0000000d2a300000) (1024K)]
  0x0000020b77bbd3d0 JavaThread "Timer-3"                           [_thread_blocked, id=3792, stack(0x0000000d2a700000,0x0000000d2a800000) (1024K)]
  0x0000020b77bbe0f0 JavaThread "Timer-4"                           [_thread_blocked, id=23160, stack(0x0000000d2a800000,0x0000000d2a900000) (1024K)]
  0x0000020b77bbc6b0 JavaThread "Timer-5"                           [_thread_blocked, id=13668, stack(0x0000000d2a600000,0x0000000d2a700000) (1024K)]
  0x0000020b770075f0 JavaThread "Timer-6"                           [_thread_blocked, id=19152, stack(0x0000000d2a900000,0x0000000d2aa00000) (1024K)]
  0x0000020b77007c80 JavaThread "Timer-7"                           [_thread_blocked, id=20456, stack(0x0000000d2ac00000,0x0000000d2ad00000) (1024K)]
  0x0000020b758c20c0 JavaThread "C2 CompilerThread1"         daemon [_thread_blocked, id=13508, stack(0x0000000d2a000000,0x0000000d2a100000) (1024K)]
  0x0000020b7c0de110 JavaThread "C2 CompilerThread2"         daemon [_thread_blocked, id=24028, stack(0x0000000d2aa00000,0x0000000d2ab00000) (1024K)]
  0x0000020b77008310 JavaThread "ForkJoinPool.commonPool-worker-3" daemon [_thread_blocked, id=9076, stack(0x0000000d2ab00000,0x0000000d2ac00000) (1024K)]
  0x0000020b77009030 JavaThread "ForkJoinPool.commonPool-worker-4" daemon [_thread_blocked, id=6084, stack(0x0000000d2ad00000,0x0000000d2ae00000) (1024K)]
  0x0000020b770068d0 JavaThread "ForkJoinPool.commonPool-worker-5" daemon [_thread_blocked, id=22220, stack(0x0000000d2ae00000,0x0000000d2af00000) (1024K)]
  0x0000020b77005bb0 JavaThread "ForkJoinPool.commonPool-worker-6" daemon [_thread_blocked, id=16548, stack(0x0000000d2af00000,0x0000000d2b000000) (1024K)]
  0x0000020b7700b790 JavaThread "ForkJoinPool.commonPool-worker-7" daemon [_thread_blocked, id=13684, stack(0x0000000d2b000000,0x0000000d2b100000) (1024K)]
  0x0000020b7700aa70 JavaThread "Cleaner-0"                  daemon [_thread_blocked, id=8256, stack(0x0000000d2b300000,0x0000000d2b400000) (1024K)]
Total: 61

Other Threads:
  0x0000020b2db61500 VMThread "VM Thread"                           [id=19644, stack(0x0000000d26b00000,0x0000000d26c00000) (1024K)]
  0x0000020b2da9bb20 WatcherThread "VM Periodic Task Thread"        [id=16908, stack(0x0000000d26a00000,0x0000000d26b00000) (1024K)]
  0x0000020b1712af70 WorkerThread "GC Thread#0"                     [id=12488, stack(0x0000000d26900000,0x0000000d26a00000) (1024K)]
  0x0000020b754dc6b0 WorkerThread "GC Thread#1"                     [id=13752, stack(0x0000000d27800000,0x0000000d27900000) (1024K)]
  0x0000020b7520f9b0 WorkerThread "GC Thread#2"                     [id=19212, stack(0x0000000d27900000,0x0000000d27a00000) (1024K)]
  0x0000020b7520fd60 WorkerThread "GC Thread#3"                     [id=11448, stack(0x0000000d27a00000,0x0000000d27b00000) (1024K)]
  0x0000020b753353d0 WorkerThread "GC Thread#4"                     [id=18808, stack(0x0000000d27b00000,0x0000000d27c00000) (1024K)]
  0x0000020b75335780 WorkerThread "GC Thread#5"                     [id=9976, stack(0x0000000d27c00000,0x0000000d27d00000) (1024K)]
  0x0000020b75335b30 WorkerThread "GC Thread#6"                     [id=20844, stack(0x0000000d27d00000,0x0000000d27e00000) (1024K)]
  0x0000020b757bfa10 WorkerThread "GC Thread#7"                     [id=10464, stack(0x0000000d27700000,0x0000000d27800000) (1024K)]
Total: 10

Threads with active compile tasks:
C2 CompilerThread0  60614 12948       4       java.lang.invoke.DirectMethodHandle::make (275 bytes)
C2 CompilerThread1  60615 13276   !   4       org.eclipse.jdt.internal.compiler.parser.Scanner::jumpOverMethodBody (2550 bytes)
C2 CompilerThread2  60615 13030       4       org.eclipse.jdt.core.compiler.CharOperation::splitOn (150 bytes)
Total: 3

VM state: at safepoint (normal execution)

VM Mutex/Monitor currently owned by a thread:  ([mutex/lock_event])
[0x00007ff8bdefe560] Threads_lock - owner thread: 0x0000020b2db61500
[0x00007ff8bdefe660] Heap_lock - owner thread: 0x0000020b77369aa0

Heap address: 0x0000000080000000, size: 2048 MB, Compressed Oops mode: 32-bit

CDS archive(s) mapped at: [0x0000020b2e000000-0x0000020b2eba0000-0x0000020b2eba0000), size 12189696, SharedBaseAddress: 0x0000020b2e000000, ArchiveRelocationMode: 1.
Compressed class space mapped at: 0x0000020b2f000000-0x0000020b6f000000, reserved size: 1073741824
Narrow klass base: 0x0000020b2e000000, Narrow klass shift: 0, Narrow klass range: 0x100000000

GC Precious Log:
 CardTable entry size: 512
 CPUs: 8 total, 8 available
 Memory: 16087M
 Large Page Support: Disabled
 NUMA Support: Disabled
 Compressed Oops: Enabled (32-bit)
 Alignments: Space 512K, Generation 512K, Heap 2M
 Heap Min Capacity: 100M
 Heap Initial Capacity: 100M
 Heap Max Capacity: 2G
 Pre-touch: Disabled
 Parallel Workers: 8

Heap:
 PSYoungGen      total 13312K, used 13292K [0x00000000d5580000, 0x00000000d6b00000, 0x0000000100000000)
  eden space 11776K, 100% used [0x00000000d5580000,0x00000000d6100000,0x00000000d6100000)
  from space 1536K, 98% used [0x00000000d6200000,0x00000000d637b350,0x00000000d6380000)
  to   space 5120K, 54% used [0x00000000d6600000,0x00000000d68bb370,0x00000000d6b00000)
 ParOldGen       total 120832K, used 120831K [0x0000000080000000, 0x0000000087600000, 0x00000000d5580000)
  object space 120832K, 99% used [0x0000000080000000,0x00000000875ffff8,0x0000000087600000)
 Metaspace       used 83947K, committed 85696K, reserved 1179648K
  class space    used 9926K, committed 10688K, reserved 1048576K

Card table byte_map: [0x0000020b16ab0000,0x0000020b16ec0000] _byte_map_base: 0x0000020b166b0000

Marking Bits: (ParMarkBitMap*) 0x00007ff8bdf03450
 Begin Bits: [0x0000020b295c0000, 0x0000020b2b5c0000)
 End Bits:   [0x0000020b2b5c0000, 0x0000020b2d5c0000)

Polling page: 0x0000020b15350000

Metaspace:

Usage:
  Non-class:     72.29 MB used.
      Class:      9.69 MB used.
       Both:     81.98 MB used.

Virtual space:
  Non-class space:      128.00 MB reserved,      73.25 MB ( 57%) committed,  2 nodes.
      Class space:        1.00 GB reserved,      10.44 MB (  1%) committed,  1 nodes.
             Both:        1.12 GB reserved,      83.69 MB (  7%) committed. 

Chunk freelists:
   Non-Class:  6.37 MB
       Class:  5.56 MB
        Both:  11.94 MB

MaxMetaspaceSize: unlimited
CompressedClassSpaceSize: 1.00 GB
Initial GC threshold: 21.00 MB
Current GC threshold: 97.31 MB
CDS: on
 - commit_granule_bytes: 65536.
 - commit_granule_words: 8192.
 - virtual_space_node_default_size: 8388608.
 - enlarge_chunks_in_place: 1.
 - use_allocation_guard: 0.


Internal statistics:

num_allocs_failed_limit: 11.
num_arena_births: 1578.
num_arena_deaths: 22.
num_vsnodes_births: 3.
num_vsnodes_deaths: 0.
num_space_committed: 1339.
num_space_uncommitted: 0.
num_chunks_returned_to_freelist: 35.
num_chunks_taken_from_freelist: 5624.
num_chunk_merges: 14.
num_chunk_splits: 3464.
num_chunks_enlarged: 1990.
num_inconsistent_stats: 0.

CodeHeap 'non-profiled nmethods': size=120000Kb used=9228Kb max_used=9803Kb free=110771Kb
 bounds [0x0000020b21de0000, 0x0000020b22780000, 0x0000020b29310000]
CodeHeap 'profiled nmethods': size=120000Kb used=25417Kb max_used=27995Kb free=94582Kb
 bounds [0x0000020b1a310000, 0x0000020b1be70000, 0x0000020b21840000]
CodeHeap 'non-nmethods': size=5760Kb used=1468Kb max_used=1561Kb free=4291Kb
 bounds [0x0000020b21840000, 0x0000020b21ab0000, 0x0000020b21de0000]
CodeCache: size=245760Kb, used=36113Kb, max_used=39359Kb, free=209644Kb
 total_blobs=12245, nmethods=11458, adapters=691, full_count=0
Compilation: enabled, stopped_count=0, restarted_count=0

Compilation events (20 events):
Event: 60.367 Thread 0x0000020b2db9dd10 13316       2       org.eclipse.jdt.internal.compiler.lookup.SignatureWrapper::peekFullType (53 bytes)
Event: 60.368 Thread 0x0000020b2db9dd10 nmethod 13316 0x0000020b1be5ea90 code [0x0000020b1be5ec60, 0x0000020b1be5ee18]
Event: 60.368 Thread 0x0000020b2db9dd10 13310       2       org.eclipse.jdt.internal.compiler.lookup.LookupEnvironment$$Lambda/0x0000020b2f9ef920::apply (16 bytes)
Event: 60.369 Thread 0x0000020b2db9dd10 nmethod 13310 0x0000020b1be5ef10 code [0x0000020b1be5f0c0, 0x0000020b1be5f278]
Event: 60.371 Thread 0x0000020b2db9dd10 13318       2       org.eclipse.jdt.internal.compiler.ast.Annotation::resolveType (1555 bytes)
Event: 60.382 Thread 0x0000020b7c0de110 nmethod 13304 0x0000020b22772310 code [0x0000020b227724e0, 0x0000020b22772a58]
Event: 60.384 Thread 0x0000020b7c0de110 13030       4       org.eclipse.jdt.core.compiler.CharOperation::splitOn (150 bytes)
Event: 60.390 Thread 0x0000020b2db9dd10 nmethod 13318 0x0000020b1be5f390 code [0x0000020b1be5f9c0, 0x0000020b1be61f98]
Event: 60.392 Thread 0x0000020b2db9dd10 13317       2       org.eclipse.jdt.internal.compiler.lookup.LocalVariableBinding::<init> (15 bytes)
Event: 60.392 Thread 0x0000020b2db9dd10 nmethod 13317 0x0000020b1be63e90 code [0x0000020b1be64040, 0x0000020b1be64198]
Event: 60.392 Thread 0x0000020b2db9dd10 13313       2       org.eclipse.jdt.internal.compiler.lookup.LookupEnvironment::lambda$0 (12 bytes)
Event: 60.393 Thread 0x0000020b2db9dd10 nmethod 13313 0x0000020b1be64290 code [0x0000020b1be64440, 0x0000020b1be64598]
Event: 60.393 Thread 0x0000020b2db9dd10 13320       2       org.eclipse.jdt.internal.compiler.lookup.BinaryTypeBinding::signature2qualifiedTypeName (12 bytes)
Event: 60.393 Thread 0x0000020b2db9dd10 nmethod 13320 0x0000020b1be64690 code [0x0000020b1be64840, 0x0000020b1be64960]
Event: 60.393 Thread 0x0000020b2db9dd10 13319       2       org.eclipse.jdt.internal.compiler.ast.ASTNode::tagMissingAnalysisAnnotation (210 bytes)
Event: 60.396 Thread 0x0000020b2db9dd10 nmethod 13319 0x0000020b1be64a10 code [0x0000020b1be64c60, 0x0000020b1be654a8]
Event: 60.396 Thread 0x0000020b2db9dd10 13314       2       org.eclipse.jdt.internal.core.SearchableEnvironment::findType (114 bytes)
Event: 60.398 Thread 0x0000020b2db9dd10 nmethod 13314 0x0000020b1be65990 code [0x0000020b1be65be0, 0x0000020b1be661a0]
Event: 60.407 Thread 0x0000020b2db9dd10 13322       3       org.eclipse.jdt.internal.compiler.lookup.MethodBinding::sourceMethod (90 bytes)
Event: 60.409 Thread 0x0000020b2db9dd10 nmethod 13322 0x0000020b1be66490 code [0x0000020b1be66680, 0x0000020b1be66cc0]

GC Heap History (20 events):
Event: 56.028 GC heap after
{Heap after GC invocations=76 (full 3):
 PSYoungGen      total 20480K, used 6325K [0x00000000d5580000, 0x00000000d7200000, 0x0000000100000000)
  eden space 13824K, 0% used [0x00000000d5580000,0x00000000d5580000,0x00000000d6300000)
  from space 6656K, 95% used [0x00000000d6300000,0x00000000d692d758,0x00000000d6980000)
  to   space 7680K, 0% used [0x00000000d6a80000,0x00000000d6a80000,0x00000000d7200000)
 ParOldGen       total 93184K, used 92857K [0x0000000080000000, 0x0000000085b00000, 0x00000000d5580000)
  object space 93184K, 99% used [0x0000000080000000,0x0000000085aae5d8,0x0000000085b00000)
 Metaspace       used 80984K, committed 82752K, reserved 1179648K
  class space    used 9692K, committed 10496K, reserved 1048576K
}
Event: 56.379 GC heap before
{Heap before GC invocations=77 (full 3):
 PSYoungGen      total 20480K, used 18957K [0x00000000d5580000, 0x00000000d7200000, 0x0000000100000000)
  eden space 13824K, 91% used [0x00000000d5580000,0x00000000d61d5ce0,0x00000000d6300000)
  from space 6656K, 95% used [0x00000000d6300000,0x00000000d692d758,0x00000000d6980000)
  to   space 7680K, 0% used [0x00000000d6a80000,0x00000000d6a80000,0x00000000d7200000)
 ParOldGen       total 93184K, used 92857K [0x0000000080000000, 0x0000000085b00000, 0x00000000d5580000)
  object space 93184K, 99% used [0x0000000080000000,0x0000000085aae5d8,0x0000000085b00000)
 Metaspace       used 81126K, committed 82944K, reserved 1179648K
  class space    used 9701K, committed 10496K, reserved 1048576K
}
Event: 56.413 GC heap after
{Heap after GC invocations=77 (full 3):
 PSYoungGen      total 17408K, used 3554K [0x00000000d5580000, 0x00000000d6e00000, 0x0000000100000000)
  eden space 13824K, 0% used [0x00000000d5580000,0x00000000d5580000,0x00000000d6300000)
  from space 3584K, 99% used [0x00000000d6a80000,0x00000000d6df89c0,0x00000000d6e00000)
  to   space 5120K, 0% used [0x00000000d6400000,0x00000000d6400000,0x00000000d6900000)
 ParOldGen       total 99328K, used 99305K [0x0000000080000000, 0x0000000086100000, 0x00000000d5580000)
  object space 99328K, 99% used [0x0000000080000000,0x00000000860fa5c8,0x0000000086100000)
 Metaspace       used 81126K, committed 82944K, reserved 1179648K
  class space    used 9701K, committed 10496K, reserved 1048576K
}
Event: 56.836 GC heap before
{Heap before GC invocations=78 (full 3):
 PSYoungGen      total 17408K, used 17378K [0x00000000d5580000, 0x00000000d6e00000, 0x0000000100000000)
  eden space 13824K, 100% used [0x00000000d5580000,0x00000000d6300000,0x00000000d6300000)
  from space 3584K, 99% used [0x00000000d6a80000,0x00000000d6df89c0,0x00000000d6e00000)
  to   space 5120K, 0% used [0x00000000d6400000,0x00000000d6400000,0x00000000d6900000)
 ParOldGen       total 99328K, used 99305K [0x0000000080000000, 0x0000000086100000, 0x00000000d5580000)
  object space 99328K, 99% used [0x0000000080000000,0x00000000860fa5c8,0x0000000086100000)
 Metaspace       used 81335K, committed 83136K, reserved 1179648K
  class space    used 9709K, committed 10496K, reserved 1048576K
}
Event: 56.852 GC heap after
{Heap after GC invocations=78 (full 3):
 PSYoungGen      total 17920K, used 3661K [0x00000000d5580000, 0x00000000d6b00000, 0x0000000100000000)
  eden space 13824K, 0% used [0x00000000d5580000,0x00000000d5580000,0x00000000d6300000)
  from space 4096K, 89% used [0x00000000d6400000,0x00000000d67934b0,0x00000000d6800000)
  to   space 3072K, 0% used [0x00000000d6800000,0x00000000d6800000,0x00000000d6b00000)
 ParOldGen       total 102912K, used 102727K [0x0000000080000000, 0x0000000086480000, 0x00000000d5580000)
  object space 102912K, 99% used [0x0000000080000000,0x0000000086451fc8,0x0000000086480000)
 Metaspace       used 81335K, committed 83136K, reserved 1179648K
  class space    used 9709K, committed 10496K, reserved 1048576K
}
Event: 57.089 GC heap before
{Heap before GC invocations=79 (full 3):
 PSYoungGen      total 17920K, used 17476K [0x00000000d5580000, 0x00000000d6b00000, 0x0000000100000000)
  eden space 13824K, 99% used [0x00000000d5580000,0x00000000d62fdc08,0x00000000d6300000)
  from space 4096K, 89% used [0x00000000d6400000,0x00000000d67934b0,0x00000000d6800000)
  to   space 3072K, 0% used [0x00000000d6800000,0x00000000d6800000,0x00000000d6b00000)
 ParOldGen       total 102912K, used 102727K [0x0000000080000000, 0x0000000086480000, 0x00000000d5580000)
  object space 102912K, 99% used [0x0000000080000000,0x0000000086451fc8,0x0000000086480000)
 Metaspace       used 81421K, committed 83264K, reserved 1179648K
  class space    used 9717K, committed 10560K, reserved 1048576K
}
Event: 57.101 GC heap after
{Heap after GC invocations=79 (full 3):
 PSYoungGen      total 14848K, used 3068K [0x00000000d5580000, 0x00000000d7100000, 0x0000000100000000)
  eden space 11776K, 0% used [0x00000000d5580000,0x00000000d5580000,0x00000000d6100000)
  from space 3072K, 99% used [0x00000000d6800000,0x00000000d6aff380,0x00000000d6b00000)
  to   space 7168K, 0% used [0x00000000d6100000,0x00000000d6100000,0x00000000d6800000)
 ParOldGen       total 106496K, used 106148K [0x0000000080000000, 0x0000000086800000, 0x00000000d5580000)
  object space 106496K, 99% used [0x0000000080000000,0x00000000867a9210,0x0000000086800000)
 Metaspace       used 81421K, committed 83264K, reserved 1179648K
  class space    used 9717K, committed 10560K, reserved 1048576K
}
Event: 57.400 GC heap before
{Heap before GC invocations=80 (full 3):
 PSYoungGen      total 14848K, used 14844K [0x00000000d5580000, 0x00000000d7100000, 0x0000000100000000)
  eden space 11776K, 100% used [0x00000000d5580000,0x00000000d6100000,0x00000000d6100000)
  from space 3072K, 99% used [0x00000000d6800000,0x00000000d6aff380,0x00000000d6b00000)
  to   space 7168K, 0% used [0x00000000d6100000,0x00000000d6100000,0x00000000d6800000)
 ParOldGen       total 106496K, used 106148K [0x0000000080000000, 0x0000000086800000, 0x00000000d5580000)
  object space 106496K, 99% used [0x0000000080000000,0x00000000867a9210,0x0000000086800000)
 Metaspace       used 81534K, committed 83328K, reserved 1179648K
  class space    used 9718K, committed 10560K, reserved 1048576K
}
Event: 57.426 GC heap after
{Heap after GC invocations=80 (full 3):
 PSYoungGen      total 16384K, used 4245K [0x00000000d5580000, 0x00000000d6b00000, 0x0000000100000000)
  eden space 11776K, 0% used [0x00000000d5580000,0x00000000d5580000,0x00000000d6100000)
  from space 4608K, 92% used [0x00000000d6100000,0x00000000d6525738,0x00000000d6580000)
  to   space 5120K, 0% used [0x00000000d6600000,0x00000000d6600000,0x00000000d6b00000)
 ParOldGen       total 109568K, used 109100K [0x0000000080000000, 0x0000000086b00000, 0x00000000d5580000)
  object space 109568K, 99% used [0x0000000080000000,0x0000000086a8b3b0,0x0000000086b00000)
 Metaspace       used 81534K, committed 83328K, reserved 1179648K
  class space    used 9718K, committed 10560K, reserved 1048576K
}
Event: 57.773 GC heap before
{Heap before GC invocations=81 (full 3):
 PSYoungGen      total 16384K, used 16018K [0x00000000d5580000, 0x00000000d6b00000, 0x0000000100000000)
  eden space 11776K, 99% used [0x00000000d5580000,0x00000000d60ff378,0x00000000d6100000)
  from space 4608K, 92% used [0x00000000d6100000,0x00000000d6525738,0x00000000d6580000)
  to   space 5120K, 0% used [0x00000000d6600000,0x00000000d6600000,0x00000000d6b00000)
 ParOldGen       total 109568K, used 109100K [0x0000000080000000, 0x0000000086b00000, 0x00000000d5580000)
  object space 109568K, 99% used [0x0000000080000000,0x0000000086a8b3b0,0x0000000086b00000)
 Metaspace       used 81655K, committed 83456K, reserved 1179648K
  class space    used 9728K, committed 10560K, reserved 1048576K
}
Event: 57.786 GC heap after
{Heap after GC invocations=81 (full 3):
 PSYoungGen      total 15360K, used 3365K [0x00000000d5580000, 0x00000000d6980000, 0x0000000100000000)
  eden space 11776K, 0% used [0x00000000d5580000,0x00000000d5580000,0x00000000d6100000)
  from space 3584K, 93% used [0x00000000d6600000,0x00000000d6949620,0x00000000d6980000)
  to   space 4096K, 0% used [0x00000000d6180000,0x00000000d6180000,0x00000000d6580000)
 ParOldGen       total 114176K, used 113790K [0x0000000080000000, 0x0000000086f80000, 0x00000000d5580000)
  object space 114176K, 99% used [0x0000000080000000,0x0000000086f1f848,0x0000000086f80000)
 Metaspace       used 81655K, committed 83456K, reserved 1179648K
  class space    used 9728K, committed 10560K, reserved 1048576K
}
Event: 58.419 GC heap before
{Heap before GC invocations=82 (full 3):
 PSYoungGen      total 15360K, used 15141K [0x00000000d5580000, 0x00000000d6980000, 0x0000000100000000)
  eden space 11776K, 100% used [0x00000000d5580000,0x00000000d6100000,0x00000000d6100000)
  from space 3584K, 93% used [0x00000000d6600000,0x00000000d6949620,0x00000000d6980000)
  to   space 4096K, 0% used [0x00000000d6180000,0x00000000d6180000,0x00000000d6580000)
 ParOldGen       total 114176K, used 113790K [0x0000000080000000, 0x0000000086f80000, 0x00000000d5580000)
  object space 114176K, 99% used [0x0000000080000000,0x0000000086f1f848,0x0000000086f80000)
 Metaspace       used 82455K, committed 84160K, reserved 1179648K
  class space    used 9783K, committed 10560K, reserved 1048576K
}
Event: 58.429 GC heap after
{Heap after GC invocations=82 (full 3):
 PSYoungGen      total 13824K, used 1882K [0x00000000d5580000, 0x00000000d6680000, 0x0000000100000000)
  eden space 11776K, 0% used [0x00000000d5580000,0x00000000d5580000,0x00000000d6100000)
  from space 2048K, 91% used [0x00000000d6180000,0x00000000d6356878,0x00000000d6380000)
  to   space 2560K, 0% used [0x00000000d6400000,0x00000000d6400000,0x00000000d6680000)
 ParOldGen       total 116224K, used 116154K [0x0000000080000000, 0x0000000087180000, 0x00000000d5580000)
  object space 116224K, 99% used [0x0000000080000000,0x000000008716e9a8,0x0000000087180000)
 Metaspace       used 82455K, committed 84160K, reserved 1179648K
  class space    used 9783K, committed 10560K, reserved 1048576K
}
Event: 59.093 GC heap before
{Heap before GC invocations=83 (full 3):
 PSYoungGen      total 13824K, used 13658K [0x00000000d5580000, 0x00000000d6680000, 0x0000000100000000)
  eden space 11776K, 100% used [0x00000000d5580000,0x00000000d6100000,0x00000000d6100000)
  from space 2048K, 91% used [0x00000000d6180000,0x00000000d6356878,0x00000000d6380000)
  to   space 2560K, 0% used [0x00000000d6400000,0x00000000d6400000,0x00000000d6680000)
 ParOldGen       total 116224K, used 116154K [0x0000000080000000, 0x0000000087180000, 0x00000000d5580000)
  object space 116224K, 99% used [0x0000000080000000,0x000000008716e9a8,0x0000000087180000)
 Metaspace       used 83629K, committed 85376K, reserved 1179648K
  class space    used 9914K, committed 10688K, reserved 1048576K
}
Event: 59.100 GC heap after
{Heap after GC invocations=83 (full 3):
 PSYoungGen      total 12800K, used 862K [0x00000000d5580000, 0x00000000d6500000, 0x0000000100000000)
  eden space 11776K, 0% used [0x00000000d5580000,0x00000000d5580000,0x00000000d6100000)
  from space 1024K, 84% used [0x00000000d6400000,0x00000000d64d7b98,0x00000000d6500000)
  to   space 1536K, 0% used [0x00000000d6200000,0x00000000d6200000,0x00000000d6380000)
 ParOldGen       total 117760K, used 117435K [0x0000000080000000, 0x0000000087300000, 0x00000000d5580000)
  object space 117760K, 99% used [0x0000000080000000,0x00000000872aef58,0x0000000087300000)
 Metaspace       used 83629K, committed 85376K, reserved 1179648K
  class space    used 9914K, committed 10688K, reserved 1048576K
}
Event: 59.893 GC heap before
{Heap before GC invocations=84 (full 3):
 PSYoungGen      total 12800K, used 12638K [0x00000000d5580000, 0x00000000d6500000, 0x0000000100000000)
  eden space 11776K, 100% used [0x00000000d5580000,0x00000000d6100000,0x00000000d6100000)
  from space 1024K, 84% used [0x00000000d6400000,0x00000000d64d7b98,0x00000000d6500000)
  to   space 1536K, 0% used [0x00000000d6200000,0x00000000d6200000,0x00000000d6380000)
 ParOldGen       total 117760K, used 117435K [0x0000000080000000, 0x0000000087300000, 0x00000000d5580000)
  object space 117760K, 99% used [0x0000000080000000,0x00000000872aef58,0x0000000087300000)
 Metaspace       used 83779K, committed 85504K, reserved 1179648K
  class space    used 9918K, committed 10688K, reserved 1048576K
}
Event: 59.904 GC heap after
{Heap after GC invocations=84 (full 3):
 PSYoungGen      total 13312K, used 1516K [0x00000000d5580000, 0x00000000d6b00000, 0x0000000100000000)
  eden space 11776K, 0% used [0x00000000d5580000,0x00000000d5580000,0x00000000d6100000)
  from space 1536K, 98% used [0x00000000d6200000,0x00000000d637b350,0x00000000d6380000)
  to   space 5120K, 0% used [0x00000000d6600000,0x00000000d6600000,0x00000000d6b00000)
 ParOldGen       total 120832K, used 120320K [0x0000000080000000, 0x0000000087600000, 0x00000000d5580000)
  object space 120832K, 99% used [0x0000000080000000,0x00000000875803a8,0x0000000087600000)
 Metaspace       used 83779K, committed 85504K, reserved 1179648K
  class space    used 9918K, committed 10688K, reserved 1048576K
}
Event: 60.410 GC heap before
{Heap before GC invocations=85 (full 3):
 PSYoungGen      total 13312K, used 13292K [0x00000000d5580000, 0x00000000d6b00000, 0x0000000100000000)
  eden space 11776K, 100% used [0x00000000d5580000,0x00000000d6100000,0x00000000d6100000)
  from space 1536K, 98% used [0x00000000d6200000,0x00000000d637b350,0x00000000d6380000)
  to   space 5120K, 0% used [0x00000000d6600000,0x00000000d6600000,0x00000000d6b00000)
 ParOldGen       total 120832K, used 120320K [0x0000000080000000, 0x0000000087600000, 0x00000000d5580000)
  object space 120832K, 99% used [0x0000000080000000,0x00000000875803a8,0x0000000087600000)
 Metaspace       used 83947K, committed 85696K, reserved 1179648K
  class space    used 9926K, committed 10688K, reserved 1048576K
}
Event: 60.423 GC heap after
{Heap after GC invocations=85 (full 3):
 PSYoungGen      total 13312K, used 13292K [0x00000000d5580000, 0x00000000d6b00000, 0x0000000100000000)
  eden space 11776K, 100% used [0x00000000d5580000,0x00000000d6100000,0x00000000d6100000)
  from space 1536K, 98% used [0x00000000d6200000,0x00000000d637b350,0x00000000d6380000)
  to   space 5120K, 54% used [0x00000000d6600000,0x00000000d68bb370,0x00000000d6b00000)
 ParOldGen       total 120832K, used 120831K [0x0000000080000000, 0x0000000087600000, 0x00000000d5580000)
  object space 120832K, 99% used [0x0000000080000000,0x00000000875ffff8,0x0000000087600000)
 Metaspace       used 83947K, committed 85696K, reserved 1179648K
  class space    used 9926K, committed 10688K, reserved 1048576K
}
Event: 60.423 GC heap before
{Heap before GC invocations=86 (full 4):
 PSYoungGen      total 13312K, used 13292K [0x00000000d5580000, 0x00000000d6b00000, 0x0000000100000000)
  eden space 11776K, 100% used [0x00000000d5580000,0x00000000d6100000,0x00000000d6100000)
  from space 1536K, 98% used [0x00000000d6200000,0x00000000d637b350,0x00000000d6380000)
  to   space 5120K, 54% used [0x00000000d6600000,0x00000000d68bb370,0x00000000d6b00000)
 ParOldGen       total 120832K, used 120831K [0x0000000080000000, 0x0000000087600000, 0x00000000d5580000)
  object space 120832K, 99% used [0x0000000080000000,0x00000000875ffff8,0x0000000087600000)
 Metaspace       used 83947K, committed 85696K, reserved 1179648K
  class space    used 9926K, committed 10688K, reserved 1048576K
}

Dll operation events (15 events):
Event: 0.030 Loaded shared library c:\Users\Admin\.antigravity\extensions\redhat.java-1.54.0-win32-x64\jre\21.0.10-win32-x86_64\bin\java.dll
Event: 0.164 Loaded shared library c:\Users\Admin\.antigravity\extensions\redhat.java-1.54.0-win32-x64\jre\21.0.10-win32-x86_64\bin\zip.dll
Event: 0.209 Loaded shared library C:\Users\Admin\.antigravity\extensions\redhat.java-1.54.0-win32-x64\jre\21.0.10-win32-x86_64\bin\instrument.dll
Event: 0.218 Loaded shared library C:\Users\Admin\.antigravity\extensions\redhat.java-1.54.0-win32-x64\jre\21.0.10-win32-x86_64\bin\net.dll
Event: 0.224 Loaded shared library C:\Users\Admin\.antigravity\extensions\redhat.java-1.54.0-win32-x64\jre\21.0.10-win32-x86_64\bin\nio.dll
Event: 0.230 Loaded shared library C:\Users\Admin\.antigravity\extensions\redhat.java-1.54.0-win32-x64\jre\21.0.10-win32-x86_64\bin\zip.dll
Event: 0.268 Loaded shared library C:\Users\Admin\.antigravity\extensions\redhat.java-1.54.0-win32-x64\jre\21.0.10-win32-x86_64\bin\jimage.dll
Event: 0.421 Loaded shared library c:\Users\Admin\.antigravity\extensions\redhat.java-1.54.0-win32-x64\jre\21.0.10-win32-x86_64\bin\verify.dll
Event: 3.379 Loaded shared library C:\Users\Admin\AppData\Roaming\Antigravity\User\globalStorage\redhat.java\1.54.0\config_win\org.eclipse.equinox.launcher\org.eclipse.equinox.launcher.win32.win32.x86_64_1.3.0.v20260203-2149\eclipse_11919.dll
Event: 10.342 Loaded shared library C:\Users\Admin\AppData\Local\Temp\jna-63116079\jna22575327477188874.dll
Event: 26.244 Loaded shared library D:\gradle-cache\native\c067742578af261105cb4f569cf0c3c89f3d7b1fecec35dd04571415982c5e48\windows-amd64\native-platform.dll
Event: 28.156 Loaded shared library C:\Users\Admin\.antigravity\extensions\redhat.java-1.54.0-win32-x64\jre\21.0.10-win32-x86_64\bin\management.dll
Event: 28.161 Loaded shared library C:\Users\Admin\.antigravity\extensions\redhat.java-1.54.0-win32-x64\jre\21.0.10-win32-x86_64\bin\management_ext.dll
Event: 35.604 Loaded shared library C:\Users\Admin\.antigravity\extensions\redhat.java-1.54.0-win32-x64\jre\21.0.10-win32-x86_64\bin\extnet.dll
Event: 35.705 Loaded shared library C:\Users\Admin\.antigravity\extensions\redhat.java-1.54.0-win32-x64\jre\21.0.10-win32-x86_64\bin\sunmscapi.dll

Deoptimization events (20 events):
Event: 60.202 Thread 0x0000020b77369aa0 DEOPT PACKING pc=0x0000020b1bb3103e sp=0x0000000d29efd9c0
Event: 60.202 Thread 0x0000020b77369aa0 DEOPT UNPACKING pc=0x0000020b21894242 sp=0x0000000d29efced0 mode 0
Event: 60.205 Thread 0x0000020b77369aa0 DEOPT PACKING pc=0x0000020b1bb3103e sp=0x0000000d29efd9c0
Event: 60.205 Thread 0x0000020b77369aa0 DEOPT UNPACKING pc=0x0000020b21894242 sp=0x0000000d29efced0 mode 0
Event: 60.208 Thread 0x0000020b77369aa0 DEOPT PACKING pc=0x0000020b1bb3103e sp=0x0000000d29efd9c0
Event: 60.208 Thread 0x0000020b77369aa0 DEOPT UNPACKING pc=0x0000020b21894242 sp=0x0000000d29efced0 mode 0
Event: 60.210 Thread 0x0000020b77369aa0 DEOPT PACKING pc=0x0000020b1b44a3ed sp=0x0000000d29efd9c0
Event: 60.210 Thread 0x0000020b77369aa0 DEOPT UNPACKING pc=0x0000020b21894242 sp=0x0000000d29efced0 mode 0
Event: 60.211 Thread 0x0000020b77369aa0 DEOPT PACKING pc=0x0000020b1bb3103e sp=0x0000000d29efd9c0
Event: 60.211 Thread 0x0000020b77369aa0 DEOPT UNPACKING pc=0x0000020b21894242 sp=0x0000000d29efced0 mode 0
Event: 60.217 Thread 0x0000020b77369aa0 DEOPT PACKING pc=0x0000020b1bb3103e sp=0x0000000d29efd9c0
Event: 60.217 Thread 0x0000020b77369aa0 DEOPT UNPACKING pc=0x0000020b21894242 sp=0x0000000d29efced0 mode 0
Event: 60.303 Thread 0x0000020b77369aa0 DEOPT PACKING pc=0x0000020b1b6bb18a sp=0x0000000d29efcdb0
Event: 60.303 Thread 0x0000020b77369aa0 DEOPT UNPACKING pc=0x0000020b21894242 sp=0x0000000d29efc268 mode 0
Event: 60.313 Thread 0x0000020b77369aa0 DEOPT PACKING pc=0x0000020b1b6bb1d5 sp=0x0000000d29efb560
Event: 60.313 Thread 0x0000020b77369aa0 DEOPT UNPACKING pc=0x0000020b21894242 sp=0x0000000d29efaa18 mode 0
Event: 60.321 Thread 0x0000020b77369aa0 DEOPT PACKING pc=0x0000020b1b6bb1d5 sp=0x0000000d29efb680
Event: 60.321 Thread 0x0000020b77369aa0 DEOPT UNPACKING pc=0x0000020b21894242 sp=0x0000000d29efab38 mode 0
Event: 60.323 Thread 0x0000020b77369aa0 DEOPT PACKING pc=0x0000020b1b6bb1d5 sp=0x0000000d29efb790
Event: 60.323 Thread 0x0000020b77369aa0 DEOPT UNPACKING pc=0x0000020b21894242 sp=0x0000000d29efac48 mode 0

Classes loaded (20 events):
Event: 50.900 Loading class java/util/stream/DistinctOps$1$2
Event: 50.901 Loading class java/util/stream/DistinctOps$1$2 done
Event: 50.984 Loading class sun/nio/ch/ChannelOutputStream
Event: 50.984 Loading class sun/nio/ch/ChannelOutputStream done
Event: 50.986 Loading class sun/nio/fs/WindowsFileCopy
Event: 50.987 Loading class sun/nio/fs/WindowsFileCopy done
Event: 52.384 Loading class java/lang/ProcessBuilder$NullInputStream
Event: 52.385 Loading class java/lang/ProcessBuilder$NullInputStream done
Event: 52.387 Loading class java/util/Scanner
Event: 52.390 Loading class java/util/Scanner done
Event: 52.491 Loading class java/util/Scanner$PatternLRUCache
Event: 52.491 Loading class java/util/Scanner$PatternLRUCache done
Event: 55.411 Loading class java/util/concurrent/ConcurrentHashMap$TreeNode
Event: 55.411 Loading class java/util/concurrent/ConcurrentHashMap$TreeNode done
Event: 55.411 Loading class java/util/concurrent/ConcurrentHashMap$TreeBin
Event: 55.412 Loading class java/util/concurrent/ConcurrentHashMap$TreeBin done
Event: 55.963 Loading class java/util/regex/Matcher$ImmutableMatchResult
Event: 55.964 Loading class java/util/regex/Matcher$ImmutableMatchResult done
Event: 58.928 Loading class jdk/internal/ref/CleanerImpl$InnocuousThreadFactory
Event: 58.929 Loading class jdk/internal/ref/CleanerImpl$InnocuousThreadFactory done

Classes unloaded (20 events):
Event: 15.845 Thread 0x0000020b2db61500 Unloading class 0x0000020b2f2f9000 'java/lang/invoke/LambdaForm$DMH+0x0000020b2f2f9000'
Event: 15.845 Thread 0x0000020b2db61500 Unloading class 0x0000020b2f2f8800 'java/lang/invoke/LambdaForm$MH+0x0000020b2f2f8800'
Event: 60.474 Thread 0x0000020b2db61500 Unloading class 0x0000020b2fa19400 'java/lang/invoke/LambdaForm$DMH+0x0000020b2fa19400'
Event: 60.474 Thread 0x0000020b2db61500 Unloading class 0x0000020b2fa17400 'java/lang/invoke/LambdaForm$MH+0x0000020b2fa17400'
Event: 60.474 Thread 0x0000020b2db61500 Unloading class 0x0000020b2fa16c00 'java/lang/invoke/LambdaForm$DMH+0x0000020b2fa16c00'
Event: 60.474 Thread 0x0000020b2db61500 Unloading class 0x0000020b2fa16000 'java/lang/invoke/LambdaForm$MH+0x0000020b2fa16000'
Event: 60.474 Thread 0x0000020b2db61500 Unloading class 0x0000020b2fa15800 'java/lang/invoke/LambdaForm$MH+0x0000020b2fa15800'
Event: 60.474 Thread 0x0000020b2db61500 Unloading class 0x0000020b2fa15000 'java/lang/invoke/LambdaForm$MH+0x0000020b2fa15000'
Event: 60.474 Thread 0x0000020b2db61500 Unloading class 0x0000020b2fa14800 'java/lang/invoke/LambdaForm$MH+0x0000020b2fa14800'
Event: 60.474 Thread 0x0000020b2db61500 Unloading class 0x0000020b2fa0bc00 'java/lang/invoke/LambdaForm$MH+0x0000020b2fa0bc00'
Event: 60.474 Thread 0x0000020b2db61500 Unloading class 0x0000020b2fa0b400 'java/lang/invoke/LambdaForm$MH+0x0000020b2fa0b400'
Event: 60.474 Thread 0x0000020b2db61500 Unloading class 0x0000020b2fa0ac00 'java/lang/invoke/LambdaForm$MH+0x0000020b2fa0ac00'
Event: 60.474 Thread 0x0000020b2db61500 Unloading class 0x0000020b2fa0a400 'java/lang/invoke/LambdaForm$MH+0x0000020b2fa0a400'
Event: 60.474 Thread 0x0000020b2db61500 Unloading class 0x0000020b2fa09c00 'java/lang/invoke/LambdaForm$MH+0x0000020b2fa09c00'
Event: 60.474 Thread 0x0000020b2db61500 Unloading class 0x0000020b2fa08c00 'java/lang/invoke/LambdaForm$MH+0x0000020b2fa08c00'
Event: 60.474 Thread 0x0000020b2db61500 Unloading class 0x0000020b2fa01000 'java/lang/invoke/LambdaForm$MH+0x0000020b2fa01000'
Event: 60.474 Thread 0x0000020b2db61500 Unloading class 0x0000020b2fa00c00 'java/lang/invoke/LambdaForm$MH+0x0000020b2fa00c00'
Event: 60.474 Thread 0x0000020b2db61500 Unloading class 0x0000020b2fa00800 'java/lang/invoke/LambdaForm$MH+0x0000020b2fa00800'
Event: 60.474 Thread 0x0000020b2db61500 Unloading class 0x0000020b2fa00000 'java/lang/invoke/LambdaForm$MH+0x0000020b2fa00000'
Event: 60.474 Thread 0x0000020b2db61500 Unloading class 0x0000020b2f9e1400 'java/lang/invoke/LambdaForm$DMH+0x0000020b2f9e1400'

Classes redefined (0 events):
No events

Internal exceptions (20 events):
Event: 50.818 Thread 0x0000020b75da0970 Exception <a 'java/io/FileNotFoundException'{0x00000000d5613818}> (0x00000000d5613818) 
thrown [s\src\hotspot\share\prims\jni.cpp, line 520]
Event: 50.818 Thread 0x0000020b75da0970 Exception <a 'java/io/FileNotFoundException'{0x00000000d57c8460}> (0x00000000d57c8460) 
thrown [s\src\hotspot\share\prims\jni.cpp, line 520]
Event: 50.877 Thread 0x0000020b75da0970 Exception <a 'sun/nio/fs/WindowsException'{0x00000000d5a24ec0}> (0x00000000d5a24ec0) 
thrown [s\src\hotspot\share\prims\jni.cpp, line 520]
Event: 50.877 Thread 0x0000020b75da0970 Exception <a 'sun/nio/fs/WindowsException'{0x00000000d5a25598}> (0x00000000d5a25598) 
thrown [s\src\hotspot\share\prims\jni.cpp, line 520]
Event: 50.898 Thread 0x0000020b77369aa0 Exception <a 'java/lang/NoSuchMethodError'{0x00000000d5aae3d0}: 'int java.lang.invoke.DirectMethodHandle$Holder.invokeSpecialIFC(java.lang.Object, java.lang.Object, java.lang.Object)'> (0x00000000d5aae3d0) 
thrown [s\src\hotspot\share\interpreter\linkResolver.cpp, line 773]
Event: 50.899 Thread 0x0000020b77005bb0 Exception <a 'java/lang/NoSuchMethodError'{0x00000000d5aa5588}: 'int java.lang.invoke.DirectMethodHandle$Holder.invokeSpecialIFC(java.lang.Object, java.lang.Object, java.lang.Object)'> (0x00000000d5aa5588) 
thrown [s\src\hotspot\share\interpreter\linkResolver.cpp, line 773]
Event: 50.917 Thread 0x0000020b77009030 Exception <a 'sun/nio/fs/WindowsException'{0x00000000d5973908}> (0x00000000d5973908) 
thrown [s\src\hotspot\share\prims\jni.cpp, line 520]
Event: 50.918 Thread 0x0000020b77009030 Exception <a 'sun/nio/fs/WindowsException'{0x00000000d59742b0}> (0x00000000d59742b0) 
thrown [s\src\hotspot\share\prims\jni.cpp, line 520]
Event: 50.919 Thread 0x0000020b77009030 Exception <a 'sun/nio/fs/WindowsException'{0x00000000d5975238}> (0x00000000d5975238) 
thrown [s\src\hotspot\share\prims\jni.cpp, line 520]
Event: 50.919 Thread 0x0000020b77009030 Exception <a 'sun/nio/fs/WindowsException'{0x00000000d5975bc0}> (0x00000000d5975bc0) 
thrown [s\src\hotspot\share\prims\jni.cpp, line 520]
Event: 50.922 Thread 0x0000020b77009030 Exception <a 'sun/nio/fs/WindowsException'{0x00000000d59774d8}> (0x00000000d59774d8) 
thrown [s\src\hotspot\share\prims\jni.cpp, line 520]
Event: 50.922 Thread 0x0000020b77009030 Exception <a 'sun/nio/fs/WindowsException'{0x00000000d5977e60}> (0x00000000d5977e60) 
thrown [s\src\hotspot\share\prims\jni.cpp, line 520]
Event: 50.959 Thread 0x0000020b77008310 Exception <a 'java/lang/ArrayIndexOutOfBoundsException'{0x00000000d5d55c38}: Index 137633 out of bounds for length 137632> (0x00000000d5d55c38) 
thrown [s\src\hotspot\share\interpreter\interpreterRuntime.cpp, line 439]
Event: 52.391 Thread 0x0000020b7700d1d0 Implicit null exception at 0x0000020b223c8921 to 0x0000020b223c8a84
Event: 52.806 Thread 0x0000020b75da1d20 Exception <a 'java/lang/LinkageError'{0x00000000d66e4490}: loader lombok.launch.ShadowClassLoader @7e06835 attempted duplicate class definition for lombok.launch.PatchFixesHider$Val. (lombok.launch.PatchFixesHider$Val is in unnamed module of loader lombok.launch.ShadowClassLoader @7e06835, parent loader org.eclipse.osgi.internal.loader.EquinoxClassLoader @41298cc2)> (0x00000000d66e4490) 
thrown [s\src\hotspot\share\classfile\systemDictionary.cpp, line 1672]
Event: 52.877 Thread 0x0000020b7736a7c0 Exception <a 'java/lang/LinkageError'{0x00000000d55c5890}: loader lombok.launch.ShadowClassLoader @7e06835 attempted duplicate class definition for lombok.launch.PatchFixesHider$ExtensionMethod. (lombok.launch.PatchFixesHider$ExtensionMethod is in unnamed module of loader lombok.launch.ShadowClassLoader @7e06835, parent loader org.eclipse.osgi.internal.loader.EquinoxClassLoader @41298cc2)> (0x00000000d55c5890) 
thrown [s\src\hotspot\share\classfile\systemDictionary.cpp, line 1672]
Event: 53.156 Thread 0x0000020b75da1d20 Exception <a 'java/lang/NoSuchMethodError'{0x00000000d58cb000}: 'void java.lang.invoke.DirectMethodHandle$Holder.invokeVirtual(java.lang.Object, java.lang.Object, java.lang.Object, java.lang.Object, java.lang.Object)'> (0x00000000d58cb000) 
thrown [s\src\hotspot\share\interpreter\linkResolver.cpp, line 773]
Event: 53.156 Thread 0x0000020b7736a7c0 Exception <a 'java/lang/NoSuchMethodError'{0x00000000d5934828}: 'void java.lang.invoke.DirectMethodHandle$Holder.invokeVirtual(java.lang.Object, java.lang.Object, java.lang.Object, java.lang.Object, java.lang.Object)'> (0x00000000d5934828) 
thrown [s\src\hotspot\share\interpreter\linkResolver.cpp, line 773]
Event: 54.451 Thread 0x0000020b75da1d20 Exception <a 'java/lang/NoSuchMethodError'{0x00000000d5800200}: 'java.lang.Object java.lang.invoke.DirectMethodHandle$Holder.invokeStatic(java.lang.Object, java.lang.Object, int, java.lang.Object)'> (0x00000000d5800200) 
thrown [s\src\hotspot\share\interpreter\linkResolver.cpp, line 773]
Event: 54.463 Thread 0x0000020b7736a7c0 Exception <a 'java/lang/NoSuchMethodError'{0x00000000d581a688}: 'java.lang.Object java.lang.invoke.DirectMethodHandle$Holder.invokeStatic(java.lang.Object, java.lang.Object, int, java.lang.Object)'> (0x00000000d581a688) 
thrown [s\src\hotspot\share\interpreter\linkResolver.cpp, line 773]

ZGC Phase Switch (0 events):
No events

VM Operations (20 events):
Event: 57.427 Executing safepoint VM operation: ParallelGCFailedAllocation (Allocation Failure) done
Event: 57.767 Executing safepoint VM operation: ICBufferFull
Event: 57.767 Executing safepoint VM operation: ICBufferFull done
Event: 57.773 Executing safepoint VM operation: ParallelGCFailedAllocation (Allocation Failure)
Event: 57.786 Executing safepoint VM operation: ParallelGCFailedAllocation (Allocation Failure) done
Event: 58.419 Executing safepoint VM operation: ParallelGCFailedAllocation (Allocation Failure)
Event: 58.430 Executing safepoint VM operation: ParallelGCFailedAllocation (Allocation Failure) done
Event: 58.642 Executing non-safepoint VM operation: HandshakeAllThreads (Deoptimize)
Event: 58.642 Executing non-safepoint VM operation: HandshakeAllThreads (Deoptimize) done
Event: 58.740 Executing non-safepoint VM operation: HandshakeAllThreads (Deoptimize)
Event: 58.740 Executing non-safepoint VM operation: HandshakeAllThreads (Deoptimize) done
Event: 59.093 Executing safepoint VM operation: ParallelGCFailedAllocation (Allocation Failure)
Event: 59.100 Executing safepoint VM operation: ParallelGCFailedAllocation (Allocation Failure) done
Event: 59.892 Executing safepoint VM operation: ParallelGCFailedAllocation (Allocation Failure)
Event: 59.904 Executing safepoint VM operation: ParallelGCFailedAllocation (Allocation Failure) done
Event: 60.141 Executing non-safepoint VM operation: HandshakeAllThreads (HandshakeForDeflation)
Event: 60.141 Executing non-safepoint VM operation: HandshakeAllThreads (HandshakeForDeflation) done
Event: 60.141 Executing non-safepoint VM operation: RendezvousGCThreads
Event: 60.141 Executing non-safepoint VM operation: RendezvousGCThreads done
Event: 60.410 Executing safepoint VM operation: ParallelGCFailedAllocation (Allocation Failure)

Memory protections (0 events):
No events

Nmethod flushes (20 events):
Event: 30.537 Thread 0x0000020b2db61500 flushing  nmethod 0x0000020b1acab390
Event: 30.537 Thread 0x0000020b2db61500 flushing  nmethod 0x0000020b1acab790
Event: 30.537 Thread 0x0000020b2db61500 flushing  nmethod 0x0000020b1acabd90
Event: 30.537 Thread 0x0000020b2db61500 flushing  nmethod 0x0000020b1acc6810
Event: 30.537 Thread 0x0000020b2db61500 flushing osr nmethod 0x0000020b1accf490
Event: 30.537 Thread 0x0000020b2db61500 flushing  nmethod 0x0000020b1ace9210
Event: 30.537 Thread 0x0000020b2db61500 flushing  nmethod 0x0000020b1aceb290
Event: 30.537 Thread 0x0000020b2db61500 flushing  nmethod 0x0000020b1acec690
Event: 30.537 Thread 0x0000020b2db61500 flushing  nmethod 0x0000020b1ad06790
Event: 30.537 Thread 0x0000020b2db61500 flushing  nmethod 0x0000020b1ad06c10
Event: 30.537 Thread 0x0000020b2db61500 flushing  nmethod 0x0000020b1ad08010
Event: 30.537 Thread 0x0000020b2db61500 flushing  nmethod 0x0000020b1ad08390
Event: 30.537 Thread 0x0000020b2db61500 flushing  nmethod 0x0000020b1ad08890
Event: 30.537 Thread 0x0000020b2db61500 flushing  nmethod 0x0000020b1ad09c10
Event: 30.537 Thread 0x0000020b2db61500 flushing  nmethod 0x0000020b1ad0a910
Event: 30.537 Thread 0x0000020b2db61500 flushing  nmethod 0x0000020b1ad10110
Event: 30.537 Thread 0x0000020b2db61500 flushing  nmethod 0x0000020b1ad12290
Event: 30.537 Thread 0x0000020b2db61500 flushing  nmethod 0x0000020b1ad13090
Event: 30.537 Thread 0x0000020b2db61500 flushing  nmethod 0x0000020b1ad14290
Event: 30.537 Thread 0x0000020b2db61500 flushing  nmethod 0x0000020b1ad21010

Events (20 events):
Event: 50.709 Thread 0x0000020b7728ff50 Thread added: 0x0000020b7700b790
Event: 51.132 Thread 0x0000020b75da0970 Thread added: 0x0000020b7700a3e0
Event: 51.184 Thread 0x0000020b7700a3e0 Thread added: 0x0000020b7700cb40
Event: 52.064 Thread 0x0000020b7700a3e0 Thread added: 0x0000020b770096c0
Event: 52.386 Thread 0x0000020b770096c0 Thread added: 0x0000020b7700d1d0
Event: 52.387 Thread 0x0000020b770096c0 Thread added: 0x0000020b7700aa70
Event: 52.398 Thread 0x0000020b7700d1d0 Thread exited: 0x0000020b7700d1d0
Event: 56.806 Thread 0x0000020b770096c0 Thread exited: 0x0000020b770096c0
Event: 56.806 Thread 0x0000020b7700aa70 Thread exited: 0x0000020b7700aa70
Event: 56.809 Thread 0x0000020b7700cb40 Thread exited: 0x0000020b7700cb40
Event: 56.811 Thread 0x0000020b7700a3e0 Thread exited: 0x0000020b7700a3e0
Event: 56.823 Thread 0x0000020b75da0970 Thread added: 0x0000020b7700cb40
Event: 57.218 Thread 0x0000020b7700cb40 Thread added: 0x0000020b7700a3e0
Event: 57.335 Thread 0x0000020b7700a3e0 Thread added: 0x0000020b7700aa70
Event: 57.336 Thread 0x0000020b7700a3e0 Thread added: 0x0000020b77368d80
Event: 57.343 Thread 0x0000020b7700aa70 Thread exited: 0x0000020b7700aa70
Event: 58.929 Thread 0x0000020b77369aa0 Thread added: 0x0000020b7700aa70
Event: 59.140 Thread 0x0000020b7700a3e0 Thread exited: 0x0000020b7700a3e0
Event: 59.140 Thread 0x0000020b77368d80 Thread exited: 0x0000020b77368d80
Event: 59.145 Thread 0x0000020b7700cb40 Thread exited: 0x0000020b7700cb40


Dynamic libraries:
0x00007ff712e30000 - 0x00007ff712e3e000 	c:\Users\Admin\.antigravity\extensions\redhat.java-1.54.0-win32-x64\jre\21.0.10-win32-x86_64\bin\java.exe
0x00007ff955b40000 - 0x00007ff955da7000 	C:\WINDOWS\SYSTEM32\ntdll.dll
0x00007ff954250000 - 0x00007ff954319000 	C:\WINDOWS\System32\KERNEL32.DLL
0x00007ff953110000 - 0x00007ff953504000 	C:\WINDOWS\System32\KERNELBASE.dll
0x00007ff953750000 - 0x00007ff95389b000 	C:\WINDOWS\System32\ucrtbase.dll
0x00007ff91e860000 - 0x00007ff91e878000 	c:\Users\Admin\.antigravity\extensions\redhat.java-1.54.0-win32-x64\jre\21.0.10-win32-x86_64\bin\jli.dll
0x00007ff91ee70000 - 0x00007ff91ee8e000 	c:\Users\Admin\.antigravity\extensions\redhat.java-1.54.0-win32-x64\jre\21.0.10-win32-x86_64\bin\VCRUNTIME140.dll
0x00007ff9543e0000 - 0x00007ff9545a5000 	C:\WINDOWS\System32\USER32.dll
0x00007ff9538a0000 - 0x00007ff9538c7000 	C:\WINDOWS\System32\win32u.dll
0x00007ff941330000 - 0x00007ff9415c3000 	C:\WINDOWS\WinSxS\amd64_microsoft.windows.common-controls_6595b64144ccf1df_6.0.26100.8115_none_3e075c82e3354f9c\COMCTL32.dll
0x00007ff954bc0000 - 0x00007ff954beb000 	C:\WINDOWS\System32\GDI32.dll
0x00007ff9548d0000 - 0x00007ff954979000 	C:\WINDOWS\System32\msvcrt.dll
0x00007ff952c80000 - 0x00007ff952dab000 	C:\WINDOWS\System32\gdi32full.dll
0x00007ff953060000 - 0x00007ff953103000 	C:\WINDOWS\System32\msvcp_win.dll
0x00007ff955510000 - 0x00007ff955542000 	C:\WINDOWS\System32\IMM32.DLL
0x00007ff932e90000 - 0x00007ff932e9c000 	c:\Users\Admin\.antigravity\extensions\redhat.java-1.54.0-win32-x64\jre\21.0.10-win32-x86_64\bin\vcruntime140_1.dll
0x00007ff8e83a0000 - 0x00007ff8e842d000 	c:\Users\Admin\.antigravity\extensions\redhat.java-1.54.0-win32-x64\jre\21.0.10-win32-x86_64\bin\msvcp140.dll
0x00007ff8bd240000 - 0x00007ff8bdfe1000 	c:\Users\Admin\.antigravity\extensions\redhat.java-1.54.0-win32-x64\jre\21.0.10-win32-x86_64\bin\server\jvm.dll
0x00007ff954bf0000 - 0x00007ff954ca6000 	C:\WINDOWS\System32\ADVAPI32.dll
0x00007ff954b10000 - 0x00007ff954bb7000 	C:\WINDOWS\System32\sechost.dll
0x00007ff954980000 - 0x00007ff954a98000 	C:\WINDOWS\System32\RPCRT4.dll
0x00007ff955550000 - 0x00007ff9555d0000 	C:\WINDOWS\System32\WS2_32.dll
0x00007ff952270000 - 0x00007ff9522ce000 	C:\WINDOWS\SYSTEM32\POWRPROF.dll
0x00007ff9506f0000 - 0x00007ff9506fb000 	C:\WINDOWS\SYSTEM32\VERSION.dll
0x00007ff941670000 - 0x00007ff9416a6000 	C:\WINDOWS\SYSTEM32\WINMM.dll
0x00007ff952250000 - 0x00007ff952264000 	C:\WINDOWS\SYSTEM32\UMPDC.dll
0x00007ff951160000 - 0x00007ff95117b000 	C:\WINDOWS\SYSTEM32\kernel.appcore.dll
0x00007ff932d70000 - 0x00007ff932d7a000 	c:\Users\Admin\.antigravity\extensions\redhat.java-1.54.0-win32-x64\jre\21.0.10-win32-x86_64\bin\jimage.dll
0x00007ff94d5d0000 - 0x00007ff94d812000 	C:\WINDOWS\SYSTEM32\DBGHELP.DLL
0x00007ff9555e0000 - 0x00007ff955962000 	C:\WINDOWS\System32\combase.dll
0x00007ff955430000 - 0x00007ff955508000 	C:\WINDOWS\System32\OLEAUT32.dll
0x00007ff942370000 - 0x00007ff9423ab000 	C:\WINDOWS\SYSTEM32\dbgcore.DLL
0x00007ff952f20000 - 0x00007ff952fc5000 	C:\WINDOWS\System32\bcryptPrimitives.dll
0x00007ff9202d0000 - 0x00007ff9202df000 	c:\Users\Admin\.antigravity\extensions\redhat.java-1.54.0-win32-x64\jre\21.0.10-win32-x86_64\bin\instrument.dll
0x00007ff915540000 - 0x00007ff915560000 	c:\Users\Admin\.antigravity\extensions\redhat.java-1.54.0-win32-x64\jre\21.0.10-win32-x86_64\bin\java.dll
0x00007ff953a30000 - 0x00007ff954197000 	C:\WINDOWS\System32\SHELL32.dll
0x00007ff952db0000 - 0x00007ff952f1a000 	C:\WINDOWS\System32\wintypes.dll
0x00007ff952410000 - 0x00007ff952c78000 	C:\WINDOWS\System32\windows.storage.dll
0x00007ff954cb0000 - 0x00007ff954da8000 	C:\WINDOWS\System32\SHCORE.dll
0x00007ff954aa0000 - 0x00007ff954b06000 	C:\WINDOWS\System32\shlwapi.dll
0x00007ff952330000 - 0x00007ff952359000 	C:\WINDOWS\SYSTEM32\profapi.dll
0x00007ff914da0000 - 0x00007ff914db8000 	c:\Users\Admin\.antigravity\extensions\redhat.java-1.54.0-win32-x64\jre\21.0.10-win32-x86_64\bin\zip.dll
0x00007ff932c10000 - 0x00007ff932c20000 	C:\Users\Admin\.antigravity\extensions\redhat.java-1.54.0-win32-x64\jre\21.0.10-win32-x86_64\bin\net.dll
0x00007ff947850000 - 0x00007ff94797d000 	C:\WINDOWS\SYSTEM32\WINHTTP.dll
0x00007ff9516b0000 - 0x00007ff95171c000 	C:\WINDOWS\system32\mswsock.dll
0x00007ff913e70000 - 0x00007ff913e86000 	C:\Users\Admin\.antigravity\extensions\redhat.java-1.54.0-win32-x64\jre\21.0.10-win32-x86_64\bin\nio.dll
0x00007ff920090000 - 0x00007ff9200a0000 	c:\Users\Admin\.antigravity\extensions\redhat.java-1.54.0-win32-x64\jre\21.0.10-win32-x86_64\bin\verify.dll
0x00007ff8f7990000 - 0x00007ff8f79d5000 	C:\Users\Admin\AppData\Roaming\Antigravity\User\globalStorage\redhat.java\1.54.0\config_win\org.eclipse.equinox.launcher\org.eclipse.equinox.launcher.win32.win32.x86_64_1.3.0.v20260203-2149\eclipse_11919.dll
0x00007ff954db0000 - 0x00007ff954f47000 	C:\WINDOWS\System32\ole32.dll
0x00007ff951ab0000 - 0x00007ff951acb000 	C:\WINDOWS\SYSTEM32\CRYPTSP.dll
0x00007ff9510c0000 - 0x00007ff9510f9000 	C:\WINDOWS\system32\rsaenh.dll
0x00007ff951760000 - 0x00007ff951793000 	C:\WINDOWS\SYSTEM32\USERENV.dll
0x00007ff952300000 - 0x00007ff95232a000 	C:\WINDOWS\SYSTEM32\bcrypt.dll
0x00007ff951910000 - 0x00007ff95191c000 	C:\WINDOWS\SYSTEM32\CRYPTBASE.dll
0x00007ff950b90000 - 0x00007ff950bc2000 	C:\WINDOWS\SYSTEM32\IPHLPAPI.DLL
0x00007ff955af0000 - 0x00007ff955afa000 	C:\WINDOWS\System32\NSI.dll
0x00007ff8f5830000 - 0x00007ff8f5879000 	C:\Users\Admin\AppData\Local\Temp\jna-63116079\jna22575327477188874.dll
0x00007ff9541a0000 - 0x00007ff9541a8000 	C:\WINDOWS\System32\PSAPI.DLL
0x00007ff94cdc0000 - 0x00007ff94cddd000 	C:\WINDOWS\SYSTEM32\dhcpcsvc6.DLL
0x00007ff94cd10000 - 0x00007ff94cd35000 	C:\WINDOWS\SYSTEM32\dhcpcsvc.DLL
0x00007ff913790000 - 0x00007ff9137b7000 	D:\gradle-cache\native\c067742578af261105cb4f569cf0c3c89f3d7b1fecec35dd04571415982c5e48\windows-amd64\native-platform.dll
0x00007ff91feb0000 - 0x00007ff91feba000 	C:\Users\Admin\.antigravity\extensions\redhat.java-1.54.0-win32-x64\jre\21.0.10-win32-x86_64\bin\management.dll
0x00007ff91fea0000 - 0x00007ff91feac000 	C:\Users\Admin\.antigravity\extensions\redhat.java-1.54.0-win32-x64\jre\21.0.10-win32-x86_64\bin\management_ext.dll
0x00007ff923520000 - 0x00007ff923529000 	C:\Users\Admin\.antigravity\extensions\redhat.java-1.54.0-win32-x64\jre\21.0.10-win32-x86_64\bin\extnet.dll
0x00007ff93d580000 - 0x00007ff93d58e000 	C:\Users\Admin\.antigravity\extensions\redhat.java-1.54.0-win32-x64\jre\21.0.10-win32-x86_64\bin\sunmscapi.dll
0x00007ff9535d0000 - 0x00007ff953747000 	C:\WINDOWS\System32\CRYPT32.dll
0x00007ff951c10000 - 0x00007ff951c40000 	C:\WINDOWS\SYSTEM32\ncrypt.dll
0x00007ff951bc0000 - 0x00007ff951bff000 	C:\WINDOWS\SYSTEM32\NTASN1.dll
0x00007ff8e5960000 - 0x00007ff8e5968000 	C:\WINDOWS\system32\wshunix.dll

JVMTI agents:
c:\Users\Admin\.antigravity\extensions\redhat.java-1.54.0-win32-x64\lombok\lombok-1.18.39-4050.jar path:c:\Users\Admin\.antigravity\extensions\redhat.java-1.54.0-win32-x64\jre\21.0.10-win32-x86_64\bin\instrument.dll, loaded, initialized, instrumentlib options:none

dbghelp: loaded successfully - version: 4.0.5 - missing functions: none
symbol engine: initialized successfully - sym options: 0x614 - pdb path: .;c:\Users\Admin\.antigravity\extensions\redhat.java-1.54.0-win32-x64\jre\21.0.10-win32-x86_64\bin;C:\WINDOWS\SYSTEM32;C:\WINDOWS\WinSxS\amd64_microsoft.windows.common-controls_6595b64144ccf1df_6.0.26100.8115_none_3e075c82e3354f9c;c:\Users\Admin\.antigravity\extensions\redhat.java-1.54.0-win32-x64\jre\21.0.10-win32-x86_64\bin\server;C:\Users\Admin\AppData\Roaming\Antigravity\User\globalStorage\redhat.java\1.54.0\config_win\org.eclipse.equinox.launcher\org.eclipse.equinox.launcher.win32.win32.x86_64_1.3.0.v20260203-2149;C:\Users\Admin\AppData\Local\Temp\jna-63116079;D:\gradle-cache\native\c067742578af261105cb4f569cf0c3c89f3d7b1fecec35dd04571415982c5e48\windows-amd64

VM Arguments:
jvm_args: --add-modules=ALL-SYSTEM --add-opens=java.base/java.util=ALL-UNNAMED --add-opens=java.base/java.lang=ALL-UNNAMED --add-opens=java.base/sun.nio.fs=ALL-UNNAMED -Declipse.application=org.eclipse.jdt.ls.core.id1 -Dosgi.bundles.defaultStartLevel=4 -Declipse.product=org.eclipse.jdt.ls.core.product -Djava.import.generatesMetadataFilesAtProjectRoot=false -DDetectVMInstallationsJob.disabled=true -Dfile.encoding=utf8 -XX:+UseParallelGC -XX:GCTimeRatio=4 -XX:AdaptiveSizePolicyWeight=90 -Dsun.zip.disableMemoryMapping=true -Xmx2G -Xms100m -Xlog:disable -javaagent:c:\Users\Admin\.antigravity\extensions\redhat.java-1.54.0-win32-x64\lombok\lombok-1.18.39-4050.jar -XX:+HeapDumpOnOutOfMemoryError -XX:HeapDumpPath=c:\Users\Admin\AppData\Roaming\Antigravity\User\workspaceStorage\dffee3d69171cb4c4b6eecd46c920398\redhat.java -Daether.dependencyCollector.impl=bf 
java_command: c:\Users\Admin\.antigravity\extensions\redhat.java-1.54.0-win32-x64\server\plugins\org.eclipse.equinox.launcher_1.7.100.v20251111-0406.jar -configuration c:\Users\Admin\AppData\Roaming\Antigravity\User\globalStorage\redhat.java\1.54.0\config_win -data c:\Users\Admin\AppData\Roaming\Antigravity\User\workspaceStorage\dffee3d69171cb4c4b6eecd46c920398\redhat.java\jdt_ws --pipe=\\.\pipe\lsp-a6819d6b89cdb3821e1e549909005cab-sock
java_class_path (initial): c:\Users\Admin\.antigravity\extensions\redhat.java-1.54.0-win32-x64\server\plugins\org.eclipse.equinox.launcher_1.7.100.v20251111-0406.jar
Launcher Type: SUN_STANDARD

[Global flags]
    uintx AdaptiveSizePolicyWeight                 = 90                                        {product} {command line}
     intx CICompilerCount                          = 4                                         {product} {ergonomic}
    uintx GCTimeRatio                              = 4                                         {product} {command line}
     bool HeapDumpOnOutOfMemoryError               = true                                   {manageable} {command line}
    ccstr HeapDumpPath                             = c:\Users\Admin\AppData\Roaming\Antigravity\User\workspaceStorage\dffee3d69171cb4c4b6eecd46c920398\redhat.java         {manageable} {command line}
   size_t InitialHeapSize                          = 104857600                                 {product} {command line}
   size_t MaxHeapSize                              = 2147483648                                {product} {command line}
   size_t MaxNewSize                               = 715653120                                 {product} {ergonomic}
   size_t MinHeapDeltaBytes                        = 524288                                    {product} {ergonomic}
   size_t MinHeapSize                              = 104857600                                 {product} {command line}
   size_t NewSize                                  = 34603008                                  {product} {ergonomic}
    uintx NonNMethodCodeHeapSize                   = 5839372                                {pd product} {ergonomic}
    uintx NonProfiledCodeHeapSize                  = 122909434                              {pd product} {ergonomic}
   size_t OldSize                                  = 70254592                                  {product} {ergonomic}
    uintx ProfiledCodeHeapSize                     = 122909434                              {pd product} {ergonomic}
    uintx ReservedCodeCacheSize                    = 251658240                              {pd product} {ergonomic}
     bool SegmentedCodeCache                       = true                                      {product} {ergonomic}
   size_t SoftMaxHeapSize                          = 2147483648                             {manageable} {ergonomic}
     bool UseCompressedOops                        = true                           {product lp64_product} {ergonomic}
     bool UseLargePagesIndividualAllocation        = false                                  {pd product} {ergonomic}
     bool UseParallelGC                            = true                                      {product} {command line}

Logging:
Log output configuration:
 #0: stdout all=off uptime,level,tags foldmultilines=false
 #1: stderr all=off uptime,level,tags foldmultilines=false

Release file:
JAVA_VERSION="21.0.10" 
MODULES="java.base java.compiler java.datatransfer java.xml java.prefs java.desktop java.instrument java.logging java.management java.security.sasl java.naming java.rmi java.management.rmi java.net.http java.scripting java.security.jgss java.transaction.xa java.sql java.sql.rowset java.xml.crypto java.se java.smartcardio jdk.accessibility jdk.internal.jvmstat jdk.attach jdk.charsets jdk.internal.opt jdk.zipfs jdk.compiler jdk.crypto.ec jdk.crypto.cryptoki jdk.crypto.mscapi jdk.dynalink jdk.internal.ed jdk.editpad jdk.hotspot.agent jdk.httpserver jdk.internal.le jdk.internal.vm.ci jdk.internal.vm.compiler jdk.internal.vm.compiler.management jdk.jartool jdk.javadoc jdk.jcmd jdk.management jdk.management.agent jdk.jconsole jdk.jdeps jdk.jdwp.agent jdk.jdi jdk.jfr jdk.jshell jdk.jsobject jdk.jstatd jdk.localedata jdk.management.jfr jdk.naming.dns jdk.naming.rmi jdk.net jdk.nio.mapmode jdk.random jdk.sctp jdk.security.auth jdk.security.jgss jdk.unsupported jdk.unsupported.desktop jdk.xml.dom" 

Environment Variables:
JAVA_HOME=C:\Program Files\OpenLogic\jdk-17.0.14.7-hotspot
PATH=C:\Program Files\OpenLogic\jdk-17.0.14.7-hotspot\bin;C:\Python313\Scripts\;C:\Python313\;C:\Program Files\OpenLogic\jdk-22.0.2.9-hotspot\bin;C:\Python312\Scripts\;C:\Python312\;C:\WINDOWS\system32;C:\WINDOWS;C:\WINDOWS\System32\Wbem;C:\WINDOWS\System32\WindowsPowerShell\v1.0\;C:\WINDOWS\System32\OpenSSH\;D:\Flutter\flutter_windows_3.24.3-stable\flutter\bin;C:\ProgramData\chocolatey\bin;C:\Users\Admin\AppData\Local\Android\Sdk;C:\Users\Admin\AppData\Local\Android\Sdk\tools\bin;C:\Program Files\Git\cmd;C:\Users\Admin\AppData\Local\Android\Sdk\tools;C:\xampp\php;C:\ProgramData\ComposerSetup\bin;C:\Program Files\TortoiseSVN\bin;C:\Users\Admin\AppData\Local\nvm;C:\Program Files\nodejs;C:\Users\Admin\AppData\Local\Android\Sdk\platform-tools;C:\Users\Admin\AppData\Local\jdk-11.0.2\bin;C:\Users\Admin\AppData\Local\Microsoft\WindowsApps;C:\Users\Admin\AppData\Local\Programs\Microsoft VS Code\bin;D:\Flutter\flutter_windows_3.24.3-stable\flutter\bin;C:\Users\Admin\AppData\Local\Microsoft\WinGet\Packages\Schniz.fnm_Microsoft.Winget.Source_8wekyb3d8bbwe;C:\Users\Admin\AppData\Local\Android\Sdk;C:\Users\Admin\AppData\Local\Android\Sdk\tools\bin;C:\Users\Admin\AppData\Local\Android\Sdk\tools;C:\Users\Admin\AppData\Roaming\Composer\vendor\bin;C:\Program Files\PostgreSQL\17\bin;C:\Users\Admin\AppData\Roaming\npm;C:\Program Files\OpenLogic\jdk-17.0.14.7-hotspot\bin;C:\Users\Admin\AppData\Local\nvm;C:\Program Files\nodejs;C:\Users\Admin\AppData\Local\Programs\Antigravity\bin
USERNAME=Admin
OS=Windows_NT
PROCESSOR_IDENTIFIER=Intel64 Family 6 Model 142 Stepping 12, GenuineIntel
TMP=C:\Users\Admin\AppData\Local\Temp
TEMP=C:\Users\Admin\AppData\Local\Temp




Periodic native trim disabled

---------------  S Y S T E M  ---------------

OS:
 Windows 11 , 64 bit Build 26100 (10.0.26100.8246)
OS uptime: 1 days 2:07 hours
Hyper-V role detected

CPU: total 8 (initial active 8) (4 cores per cpu, 2 threads per core) family 6 model 142 stepping 12 microcode 0xf8, cx8, cmov, fxsr, ht, mmx, 3dnowpref, sse, sse2, sse3, ssse3, sse4.1, sse4.2, popcnt, lzcnt, tsc, tscinvbit, avx, avx2, aes, erms, clmul, bmi1, bmi2, adx, fma, vzeroupper, clflush, clflushopt, hv, rdtscp, f16c
Processor Information for the first 8 processors :
  Max Mhz: 2208, Current Mhz: 1706, Mhz Limit: 1700

Memory: 4k page, system-wide physical 16087M (1787M free)
TotalPageFile size 18560M (AvailPageFile size 2M)
current process WorkingSet (physical memory assigned to process): 459M, peak: 459M
current process commit charge ("private bytes"): 529M, peak: 1777M

vm_info: OpenJDK 64-Bit Server VM (21.0.10+7-LTS) for windows-amd64 JRE (21.0.10+7-LTS), built on 2026-01-20T00:00:00Z by "admin" with MS VC++ 17.12 (VS2022)

END.
