#
# There is insufficient memory for the Java Runtime Environment to continue.
# Native memory allocation (malloc) failed to allocate 1475600 bytes. Error detail: Chunk::new
# Possible reasons:
#   The system is out of physical RAM or swap space
#   This process is running with CompressedOops enabled, and the Java Heap may be blocking the growth of the native heap
# Possible solutions:
#   Reduce memory load on the system
#   Increase physical memory or swap space
#   Check if swap backing store is full
#   Decrease Java heap size (-Xmx/-Xms)
#   Decrease number of Java threads
#   Decrease Java thread stack sizes (-Xss)
#   Set larger code cache with -XX:ReservedCodeCacheSize=
#   JVM is running with Unscaled Compressed Oops mode in which the Java heap is
#     placed in the first 4GB address space. The Java Heap base address is the
#     maximum limit for the native heap growth. Please use -XX:HeapBaseMinAddress
#     to set the Java Heap base and to place the Java Heap above 4GB virtual address.
# This output file may be truncated or incomplete.
#
#  Out of Memory Error (arena.cpp:168), pid=15208, tid=20444
#
# JRE version: OpenJDK Runtime Environment Temurin-21.0.10+7 (21.0.10+7) (build 21.0.10+7-LTS)
# Java VM: OpenJDK 64-Bit Server VM Temurin-21.0.10+7 (21.0.10+7-LTS, mixed mode, sharing, tiered, compressed oops, compressed class ptrs, parallel gc, windows-amd64)
# No core dump will be written. Minidumps are not enabled by default on client versions of Windows
#

---------------  S U M M A R Y ------------

Command Line: --add-modules=ALL-SYSTEM --add-opens=java.base/java.util=ALL-UNNAMED --add-opens=java.base/java.lang=ALL-UNNAMED --add-opens=java.base/sun.nio.fs=ALL-UNNAMED -Declipse.application=org.eclipse.jdt.ls.core.id1 -Dosgi.bundles.defaultStartLevel=4 -Declipse.product=org.eclipse.jdt.ls.core.product -Djava.import.generatesMetadataFilesAtProjectRoot=false -DDetectVMInstallationsJob.disabled=true -Dfile.encoding=utf8 -XX:+UseParallelGC -XX:GCTimeRatio=4 -XX:AdaptiveSizePolicyWeight=90 -Dsun.zip.disableMemoryMapping=true -Xmx2G -Xms100m -Xlog:disable -javaagent:c:\Users\Admin\.antigravity\extensions\redhat.java-1.54.0-win32-x64\lombok\lombok-1.18.39-4050.jar -XX:+HeapDumpOnOutOfMemoryError -XX:HeapDumpPath=c:\Users\Admin\AppData\Roaming\Antigravity\User\workspaceStorage\dffee3d69171cb4c4b6eecd46c920398\redhat.java -Daether.dependencyCollector.impl=bf c:\Users\Admin\.antigravity\extensions\redhat.java-1.54.0-win32-x64\server\plugins\org.eclipse.equinox.launcher_1.7.100.v20251111-0406.jar -configuration c:\Users\Admin\AppData\Roaming\Antigravity\User\globalStorage\redhat.java\1.54.0\config_win -data c:\Users\Admin\AppData\Roaming\Antigravity\User\workspaceStorage\dffee3d69171cb4c4b6eecd46c920398\redhat.java\jdt_ws --pipe=\\.\pipe\lsp-e64aef786d5e9571675a0ec2441d3f33-sock

Host: Intel(R) Core(TM) i5-10310U CPU @ 1.70GHz, 8 cores, 15G,  Windows 11 , 64 bit Build 26100 (10.0.26100.8246)
Time: Wed Apr 22 14:40:45 2026 India Standard Time elapsed time: 504.614397 seconds (0d 0h 8m 24s)

---------------  T H R E A D  ---------------

Current thread (0x0000012e1d17b840):  JavaThread "C2 CompilerThread0" daemon [_thread_in_native, id=20444, stack(0x0000000669600000,0x0000000669700000) (1024K)]


Current CompileTask:
C2:504614 14954  s!   4       org.eclipse.jdt.core.dom.DefaultBindingResolver::resolveName (1735 bytes)

Stack: [0x0000000669600000,0x0000000669700000]
Native frames: (J=compiled Java code, j=interpreted, Vv=VM code, C=native code)
V  [jvm.dll+0x6d7a39]
V  [jvm.dll+0x8b4b26]
V  [jvm.dll+0x8b70de]
V  [jvm.dll+0x8b77c3]
V  [jvm.dll+0x284346]
V  [jvm.dll+0xc66ed]
V  [jvm.dll+0xc6c31]
V  [jvm.dll+0x3bec3b]
V  [jvm.dll+0x38b162]
V  [jvm.dll+0x38a5aa]
V  [jvm.dll+0x24c560]
V  [jvm.dll+0x24bb40]
V  [jvm.dll+0x1cb34e]
V  [jvm.dll+0x25b85d]
V  [jvm.dll+0x259dea]
V  [jvm.dll+0x3f857e]
V  [jvm.dll+0x85f59d]
V  [jvm.dll+0x6d626d]
C  [ucrtbase.dll+0x37b0]
C  [KERNEL32.DLL+0x2e8d7]
C  [ntdll.dll+0x8c3fc]


---------------  P R O C E S S  ---------------

Threads class SMR info:
_java_thread_list=0x0000012e09e0d960, length=49, elements={
0x0000012e1d1fda30, 0x0000012e1d2bad60, 0x0000012e1d1746e0, 0x0000012e1d1769e0,
0x0000012e1d177440, 0x0000012e1d179fa0, 0x0000012e1d17aa00, 0x0000012e1d17b840,
0x0000012e7648fb30, 0x0000012e76646e70, 0x0000012e767cd8c0, 0x0000012e7b7dc8c0,
0x0000012e7b292c10, 0x0000012e76750f30, 0x0000012e766c1a10, 0x0000012e7c637350,
0x0000012e7b141e70, 0x0000012e7b854e40, 0x0000012e7b5955d0, 0x0000012e7b593b90,
0x0000012e7d7a1480, 0x0000012e7d7a3550, 0x0000012e7d7a1b10, 0x0000012e7d7a2830,
0x0000012e7d7a2ec0, 0x0000012e7d7a00d0, 0x0000012e7d7a3be0, 0x0000012e7d7a0760,
0x0000012e7d7a4900, 0x0000012e7d7a4f90, 0x0000012e7d7a5cb0, 0x0000012e7d7a4270,
0x0000012e7d7a7060, 0x0000012e7ee69e70, 0x0000012e7ee6bf40, 0x0000012e093fde30,
0x0000012e093fd7a0, 0x0000012e093fe4c0, 0x0000012e093feb50, 0x0000012e093ff1e0,
0x0000012e093fbd60, 0x0000012e093fca80, 0x0000012e093ff870, 0x0000012e093fd110,
0x0000012e09402cf0, 0x0000012e7b592e70, 0x0000012e7b593500, 0x0000012e7b8a20d0,
0x0000012e7b8a27a0
}

Java Threads: ( => current thread )
  0x0000012e1d1fda30 JavaThread "main"                              [_thread_blocked, id=8728, stack(0x0000000668c00000,0x0000000668d00000) (1024K)]
  0x0000012e1d2bad60 JavaThread "Reference Handler"          daemon [_thread_blocked, id=16104, stack(0x0000000669000000,0x0000000669100000) (1024K)]
  0x0000012e1d1746e0 JavaThread "Finalizer"                  daemon [_thread_blocked, id=22676, stack(0x0000000669100000,0x0000000669200000) (1024K)]
  0x0000012e1d1769e0 JavaThread "Signal Dispatcher"          daemon [_thread_blocked, id=21040, stack(0x0000000669200000,0x0000000669300000) (1024K)]
  0x0000012e1d177440 JavaThread "Attach Listener"            daemon [_thread_blocked, id=6252, stack(0x0000000669300000,0x0000000669400000) (1024K)]
  0x0000012e1d179fa0 JavaThread "Service Thread"             daemon [_thread_blocked, id=17728, stack(0x0000000669400000,0x0000000669500000) (1024K)]
  0x0000012e1d17aa00 JavaThread "Monitor Deflation Thread"   daemon [_thread_blocked, id=6304, stack(0x0000000669500000,0x0000000669600000) (1024K)]
=>0x0000012e1d17b840 JavaThread "C2 CompilerThread0"         daemon [_thread_in_native, id=20444, stack(0x0000000669600000,0x0000000669700000) (1024K)]
  0x0000012e7648fb30 JavaThread "C1 CompilerThread0"         daemon [_thread_in_native, id=11868, stack(0x0000000669700000,0x0000000669800000) (1024K)]
  0x0000012e76646e70 JavaThread "Common-Cleaner"             daemon [_thread_blocked, id=18856, stack(0x0000000669800000,0x0000000669900000) (1024K)]
  0x0000012e767cd8c0 JavaThread "Notification Thread"        daemon [_thread_blocked, id=5244, stack(0x0000000669900000,0x0000000669a00000) (1024K)]
  0x0000012e7b7dc8c0 JavaThread "Active Thread: Equinox Container: 49c59677-545e-4496-80df-6b700c3e2277"        [_thread_blocked, id=7784, stack(0x000000066a000000,0x000000066a100000) (1024K)]
  0x0000012e7b292c10 JavaThread "Refresh Thread: Equinox Container: 49c59677-545e-4496-80df-6b700c3e2277" daemon [_thread_blocked, id=10228, stack(0x000000066a200000,0x000000066a300000) (1024K)]
  0x0000012e76750f30 JavaThread "Framework Event Dispatcher: Equinox Container: 49c59677-545e-4496-80df-6b700c3e2277" daemon [_thread_blocked, id=11224, stack(0x000000066a300000,0x000000066a400000) (1024K)]
  0x0000012e766c1a10 JavaThread "Start Level: Equinox Container: 49c59677-545e-4496-80df-6b700c3e2277" daemon [_thread_blocked, id=24084, stack(0x000000066a400000,0x000000066a500000) (1024K)]
  0x0000012e7c637350 JavaThread "Bundle File Closer"         daemon [_thread_blocked, id=7724, stack(0x000000066a500000,0x000000066a600000) (1024K)]
  0x0000012e7b141e70 JavaThread "SCR Component Actor"        daemon [_thread_blocked, id=21764, stack(0x0000000668900000,0x0000000668a00000) (1024K)]
  0x0000012e7b854e40 JavaThread "Worker-JM"                         [_thread_blocked, id=24088, stack(0x0000000668a00000,0x0000000668b00000) (1024K)]
  0x0000012e7b5955d0 JavaThread "JNA Cleaner"                daemon [_thread_blocked, id=11768, stack(0x000000066a600000,0x000000066a700000) (1024K)]
  0x0000012e7b593b90 JavaThread "Java indexing"              daemon [_thread_blocked, id=17648, stack(0x000000066ae00000,0x000000066af00000) (1024K)]
  0x0000012e7d7a1480 JavaThread "Thread-1"                   daemon [_thread_in_native, id=23284, stack(0x000000066b500000,0x000000066b600000) (1024K)]
  0x0000012e7d7a3550 JavaThread "Thread-2"                   daemon [_thread_in_native, id=4864, stack(0x000000066b600000,0x000000066b700000) (1024K)]
  0x0000012e7d7a1b10 JavaThread "Thread-3"                   daemon [_thread_in_native, id=18328, stack(0x000000066b700000,0x000000066b800000) (1024K)]
  0x0000012e7d7a2830 JavaThread "Thread-4"                   daemon [_thread_in_native, id=18448, stack(0x000000066b800000,0x000000066b900000) (1024K)]
  0x0000012e7d7a2ec0 JavaThread "Thread-5"                   daemon [_thread_in_native, id=2272, stack(0x000000066b900000,0x000000066ba00000) (1024K)]
  0x0000012e7d7a00d0 JavaThread "Thread-6"                   daemon [_thread_in_native, id=18048, stack(0x000000066ba00000,0x000000066bb00000) (1024K)]
  0x0000012e7d7a3be0 JavaThread "Thread-7"                   daemon [_thread_in_native, id=11900, stack(0x000000066bb00000,0x000000066bc00000) (1024K)]
  0x0000012e7d7a0760 JavaThread "Thread-8"                   daemon [_thread_in_native, id=3516, stack(0x000000066bc00000,0x000000066bd00000) (1024K)]
  0x0000012e7d7a4900 JavaThread "Thread-9"                   daemon [_thread_in_native, id=1852, stack(0x000000066bd00000,0x000000066be00000) (1024K)]
  0x0000012e7d7a4f90 JavaThread "pool-2-thread-1"                   [_thread_blocked, id=13896, stack(0x000000066be00000,0x000000066bf00000) (1024K)]
  0x0000012e7d7a5cb0 JavaThread "WorkspaceEventsHandler"            [_thread_blocked, id=1512, stack(0x000000066bf00000,0x000000066c000000) (1024K)]
  0x0000012e7d7a4270 JavaThread "pool-1-thread-1"                   [_thread_blocked, id=16312, stack(0x000000066c000000,0x000000066c100000) (1024K)]
  0x0000012e7d7a7060 JavaThread "Timer-0"                           [_thread_blocked, id=3260, stack(0x000000066a800000,0x000000066a900000) (1024K)]
  0x0000012e7ee69e70 JavaThread "Timer-1"                           [_thread_blocked, id=15280, stack(0x000000066c500000,0x000000066c600000) (1024K)]
  0x0000012e7ee6bf40 JavaThread "Timer-2"                           [_thread_blocked, id=3664, stack(0x000000066c700000,0x000000066c800000) (1024K)]
  0x0000012e093fde30 JavaThread "Timer-3"                           [_thread_blocked, id=17232, stack(0x000000066c900000,0x000000066ca00000) (1024K)]
  0x0000012e093fd7a0 JavaThread "Timer-4"                           [_thread_blocked, id=19292, stack(0x000000066ca00000,0x000000066cb00000) (1024K)]
  0x0000012e093fe4c0 JavaThread "Timer-5"                           [_thread_blocked, id=1908, stack(0x000000066a900000,0x000000066aa00000) (1024K)]
  0x0000012e093feb50 JavaThread "Timer-6"                           [_thread_blocked, id=22320, stack(0x000000066aa00000,0x000000066ab00000) (1024K)]
  0x0000012e093ff1e0 JavaThread "Timer-7"                           [_thread_blocked, id=11744, stack(0x000000066ac00000,0x000000066ad00000) (1024K)]
  0x0000012e093fbd60 JavaThread "Worker-8: Publish Diagnostics"        [_thread_blocked, id=20704, stack(0x000000066b200000,0x000000066b300000) (1024K)]
  0x0000012e093fca80 JavaThread "ForkJoinPool.commonPool-worker-3" daemon [_thread_blocked, id=21820, stack(0x000000066ab00000,0x000000066ac00000) (1024K)]
  0x0000012e093ff870 JavaThread "ForkJoinPool.commonPool-worker-4" daemon [_thread_blocked, id=17292, stack(0x000000066b000000,0x000000066b100000) (1024K)]
  0x0000012e093fd110 JavaThread "ForkJoinPool.commonPool-worker-6" daemon [_thread_blocked, id=18584, stack(0x000000066c100000,0x000000066c200000) (1024K)]
  0x0000012e09402cf0 JavaThread "ForkJoinPool.commonPool-worker-7" daemon [_thread_blocked, id=4256, stack(0x000000066c200000,0x000000066c300000) (1024K)]
  0x0000012e7b592e70 JavaThread "Cleaner-0"                  daemon [_thread_blocked, id=11736, stack(0x000000066c600000,0x000000066c700000) (1024K)]
  0x0000012e7b593500 JavaThread "Worker-9"                          [_thread_blocked, id=11964, stack(0x000000066b300000,0x000000066b400000) (1024K)]
  0x0000012e7b8a20d0 JavaThread "C2 CompilerThread1"         daemon [_thread_in_native, id=4144, stack(0x000000066ad00000,0x000000066ae00000) (1024K)]
  0x0000012e7b8a27a0 JavaThread "C2 CompilerThread2"         daemon [_thread_in_native, id=8104, stack(0x000000066af00000,0x000000066b000000) (1024K)]
Total: 49

Other Threads:
  0x0000012e1d172550 VMThread "VM Thread"                           [id=7528, stack(0x0000000668f00000,0x0000000669000000) (1024K)]
  0x0000012e1d08ba00 WatcherThread "VM Periodic Task Thread"        [id=9868, stack(0x0000000668e00000,0x0000000668f00000) (1024K)]
  0x0000012e1d21cfe0 WorkerThread "GC Thread#0"                     [id=23020, stack(0x0000000668d00000,0x0000000668e00000) (1024K)]
  0x0000012e7b2627d0 WorkerThread "GC Thread#1"                     [id=22908, stack(0x0000000669a00000,0x0000000669b00000) (1024K)]
  0x0000012e7679a190 WorkerThread "GC Thread#2"                     [id=20960, stack(0x0000000669b00000,0x0000000669c00000) (1024K)]
  0x0000012e7679a540 WorkerThread "GC Thread#3"                     [id=23744, stack(0x0000000669c00000,0x0000000669d00000) (1024K)]
  0x0000012e7679a8f0 WorkerThread "GC Thread#4"                     [id=11640, stack(0x0000000669d00000,0x0000000669e00000) (1024K)]
  0x0000012e7679aca0 WorkerThread "GC Thread#5"                     [id=22560, stack(0x0000000669e00000,0x0000000669f00000) (1024K)]
  0x0000012e7679b050 WorkerThread "GC Thread#6"                     [id=19832, stack(0x0000000669f00000,0x000000066a000000) (1024K)]
  0x0000012e7b7386c0 WorkerThread "GC Thread#7"                     [id=15092, stack(0x000000066a100000,0x000000066a200000) (1024K)]
Total: 10

Threads with active compile tasks:
C2 CompilerThread0  504716 14954  s!   4       org.eclipse.jdt.core.dom.DefaultBindingResolver::resolveName (1735 bytes)
C1 CompilerThread0  504717 15048       3       org.eclipse.jdt.internal.compiler.env.IModule$IPackageExport::isQualified (20 bytes)
C2 CompilerThread1  504717 14950       4       org.eclipse.jdt.internal.compiler.lookup.ModuleBinding::getVisiblePackage (472 bytes)
C2 CompilerThread2  504717 14820       4       org.eclipse.jdt.internal.compiler.lookup.LookupEnvironment::getTypeFromTypeSignature (770 bytes)
Total: 4

VM state: not at safepoint (normal execution)

VM Mutex/Monitor currently owned by a thread: None

Heap address: 0x0000000080000000, size: 2048 MB, Compressed Oops mode: 32-bit

CDS archive(s) mapped at: [0x0000012e34000000-0x0000012e34ba0000-0x0000012e34ba0000), size 12189696, SharedBaseAddress: 0x0000012e34000000, ArchiveRelocationMode: 1.
Compressed class space mapped at: 0x0000012e35000000-0x0000012e75000000, reserved size: 1073741824
Narrow klass base: 0x0000012e34000000, Narrow klass shift: 0, Narrow klass range: 0x100000000

GC Precious Log:
 CardTable entry size: 512
 CPUs: 8 total, 8 available
 Memory: 16087M
 Large Page Support: Disabled
 NUMA Support: Disabled
 Compressed Oops: Enabled (32-bit)
 Alignments: Space 512K, Generation 512K, Heap 2M
 Heap Min Capacity: 100M
 Heap Initial Capacity: 100M
 Heap Max Capacity: 2G
 Pre-touch: Disabled
 Parallel Workers: 8

Heap:
 PSYoungGen      total 21504K, used 21443K [0x00000000d5580000, 0x00000000d7480000, 0x0000000100000000)
  eden space 17408K, 99% used [0x00000000d5580000,0x00000000d6675a28,0x00000000d6680000)
  from space 4096K, 99% used [0x00000000d6680000,0x00000000d6a7b360,0x00000000d6a80000)
  to   space 7168K, 0% used [0x00000000d6d80000,0x00000000d6d80000,0x00000000d7480000)
 ParOldGen       total 111104K, used 110670K [0x0000000080000000, 0x0000000086c80000, 0x00000000d5580000)
  object space 111104K, 99% used [0x0000000080000000,0x0000000086c13b10,0x0000000086c80000)
 Metaspace       used 86546K, committed 88320K, reserved 1179648K
  class space    used 10119K, committed 10944K, reserved 1048576K

Card table byte_map: [0x0000012e1cba0000,0x0000012e1cfb0000] _byte_map_base: 0x0000012e1c7a0000

Marking Bits: (ParMarkBitMap*) 0x00007ff8bdf03450
 Begin Bits: [0x0000012e2f6b0000, 0x0000012e316b0000)
 End Bits:   [0x0000012e316b0000, 0x0000012e336b0000)

Polling page: 0x0000012e1afc0000

Metaspace:

Usage:
  Non-class:     74.64 MB used.
      Class:      9.88 MB used.
       Both:     84.52 MB used.

Virtual space:
  Non-class space:      128.00 MB reserved,      75.56 MB ( 59%) committed,  2 nodes.
      Class space:        1.00 GB reserved,      10.69 MB (  1%) committed,  1 nodes.
             Both:        1.12 GB reserved,      86.25 MB (  7%) committed. 

Chunk freelists:
   Non-Class:  4.17 MB
       Class:  5.16 MB
        Both:  9.33 MB

MaxMetaspaceSize: unlimited
CompressedClassSpaceSize: 1.00 GB
Initial GC threshold: 21.00 MB
Current GC threshold: 97.31 MB
CDS: on
 - commit_granule_bytes: 65536.
 - commit_granule_words: 8192.
 - virtual_space_node_default_size: 8388608.
 - enlarge_chunks_in_place: 1.
 - use_allocation_guard: 0.


Internal statistics:

num_allocs_failed_limit: 9.
num_arena_births: 1636.
num_arena_deaths: 22.
num_vsnodes_births: 3.
num_vsnodes_deaths: 0.
num_space_committed: 1380.
num_space_uncommitted: 0.
num_chunks_returned_to_freelist: 32.
num_chunks_taken_from_freelist: 5819.
num_chunk_merges: 14.
num_chunk_splits: 3580.
num_chunks_enlarged: 2009.
num_inconsistent_stats: 0.

CodeHeap 'non-profiled nmethods': size=120000Kb used=11832Kb max_used=11832Kb free=108168Kb
 bounds [0x0000012e27ed0000, 0x0000012e28a60000, 0x0000012e2f400000]
CodeHeap 'profiled nmethods': size=120000Kb used=32061Kb max_used=32061Kb free=87938Kb
 bounds [0x0000012e20400000, 0x0000012e22350000, 0x0000012e27930000]
CodeHeap 'non-nmethods': size=5760Kb used=1472Kb max_used=1550Kb free=4288Kb
 bounds [0x0000012e27930000, 0x0000012e27ba0000, 0x0000012e27ed0000]
CodeCache: size=245760Kb, used=45365Kb, max_used=45443Kb, free=200394Kb
 total_blobs=14763, nmethods=13967, adapters=699, full_count=0
Compilation: enabled, stopped_count=0, restarted_count=0

Compilation events (20 events):
Event: 504.536 Thread 0x0000012e7648fb30 nmethod 15014 0x0000012e2231c710 code [0x0000012e2231cd80, 0x0000012e22320a90]
Event: 504.545 Thread 0x0000012e7648fb30 15015   !   3       org.eclipse.jdt.internal.compiler.lookup.Scope::getConstructor0 (453 bytes)
Event: 504.550 Thread 0x0000012e7648fb30 nmethod 15015 0x0000012e22321d90 code [0x0000012e22322120, 0x0000012e22323988]
Event: 504.551 Thread 0x0000012e7648fb30 15016       3       org.eclipse.jdt.internal.compiler.util.ObjectVector::addAll (77 bytes)
Event: 504.552 Thread 0x0000012e7648fb30 nmethod 15016 0x0000012e22324b10 code [0x0000012e22324ce0, 0x0000012e22325148]
Event: 504.552 Thread 0x0000012e7648fb30 15017       3       org.eclipse.jdt.internal.compiler.ast.AbstractMethodDeclaration::bindThrownExceptions (209 bytes)
Event: 504.555 Thread 0x0000012e7648fb30 nmethod 15017 0x0000012e22325290 code [0x0000012e223254e0, 0x0000012e22325e90]
Event: 504.555 Thread 0x0000012e7648fb30 15018       3       org.eclipse.jdt.internal.compiler.ast.LambdaExpression::updateLocalTypesInMethod (114 bytes)
Event: 504.557 Thread 0x0000012e7648fb30 nmethod 15018 0x0000012e22326310 code [0x0000012e22326540, 0x0000012e22327158]
Event: 504.566 Thread 0x0000012e7648fb30 15019       3       org.eclipse.jdt.internal.compiler.ast.Annotation::resolveType (1555 bytes)
Event: 504.586 Thread 0x0000012e7648fb30 nmethod 15019 0x0000012e22327410 code [0x0000012e22327cc0, 0x0000012e2232e1f0]
Event: 504.587 Thread 0x0000012e7648fb30 15021       3       org.eclipse.jdt.internal.compiler.ast.MarkerAnnotation::memberValuePairs (4 bytes)
Event: 504.587 Thread 0x0000012e7648fb30 nmethod 15021 0x0000012e22330790 code [0x0000012e22330920, 0x0000012e22330a38]
Event: 504.587 Thread 0x0000012e7648fb30 15020       3       org.eclipse.jdt.internal.compiler.ast.ASTNode::tagMissingAnalysisAnnotation (210 bytes)
Event: 504.590 Thread 0x0000012e7648fb30 nmethod 15020 0x0000012e22330b10 code [0x0000012e22330e00, 0x0000012e22332590]
Event: 504.599 Thread 0x0000012e7648fb30 15022       3       org.eclipse.jdt.internal.compiler.ast.AbstractMethodDeclaration::resolveStatements (68 bytes)
Event: 504.600 Thread 0x0000012e7648fb30 nmethod 15022 0x0000012e22332b10 code [0x0000012e22332d00, 0x0000012e223331f8]
Event: 504.601 Thread 0x0000012e7648fb30 15023       3       org.eclipse.jdt.internal.compiler.ast.QualifiedThisReference::resolveType (282 bytes)
Event: 504.606 Thread 0x0000012e7648fb30 nmethod 15023 0x0000012e22333410 code [0x0000012e22333800, 0x0000012e22335750]
Event: 504.606 Thread 0x0000012e7648fb30 15026       3       org.eclipse.jdt.internal.compiler.lookup.Scope::findDefaultAbstractMethod (349 bytes)

GC Heap History (20 events):
Event: 490.293 GC heap before
{Heap before GC invocations=81 (full 3):
 PSYoungGen      total 22016K, used 21993K [0x00000000d5580000, 0x00000000d7500000, 0x0000000100000000)
  eden space 19968K, 100% used [0x00000000d5580000,0x00000000d6900000,0x00000000d6900000)
  from space 2048K, 98% used [0x00000000d6e80000,0x00000000d707a630,0x00000000d7080000)
  to   space 4608K, 0% used [0x00000000d7080000,0x00000000d7080000,0x00000000d7500000)
 ParOldGen       total 92160K, used 91711K [0x0000000080000000, 0x0000000085a00000, 0x00000000d5580000)
  object space 92160K, 99% used [0x0000000080000000,0x000000008598fdf0,0x0000000085a00000)
 Metaspace       used 85601K, committed 87360K, reserved 1179648K
  class space    used 10101K, committed 10944K, reserved 1048576K
}
Event: 490.311 GC heap after
{Heap after GC invocations=81 (full 3):
 PSYoungGen      total 22016K, used 4585K [0x00000000d5580000, 0x00000000d7d00000, 0x0000000100000000)
  eden space 17408K, 0% used [0x00000000d5580000,0x00000000d5580000,0x00000000d6680000)
  from space 4608K, 99% used [0x00000000d7080000,0x00000000d74fa670,0x00000000d7500000)
  to   space 10240K, 0% used [0x00000000d6680000,0x00000000d6680000,0x00000000d7080000)
 ParOldGen       total 96256K, used 96067K [0x0000000080000000, 0x0000000085e00000, 0x00000000d5580000)
  object space 96256K, 99% used [0x0000000080000000,0x0000000085dd0c60,0x0000000085e00000)
 Metaspace       used 85601K, committed 87360K, reserved 1179648K
  class space    used 10101K, committed 10944K, reserved 1048576K
}
Event: 491.475 GC heap before
{Heap before GC invocations=82 (full 3):
 PSYoungGen      total 22016K, used 21232K [0x00000000d5580000, 0x00000000d7d00000, 0x0000000100000000)
  eden space 17408K, 95% used [0x00000000d5580000,0x00000000d65c1a80,0x00000000d6680000)
  from space 4608K, 99% used [0x00000000d7080000,0x00000000d74fa670,0x00000000d7500000)
  to   space 10240K, 0% used [0x00000000d6680000,0x00000000d6680000,0x00000000d7080000)
 ParOldGen       total 96256K, used 96067K [0x0000000080000000, 0x0000000085e00000, 0x00000000d5580000)
  object space 96256K, 99% used [0x0000000080000000,0x0000000085dd0c60,0x0000000085e00000)
 Metaspace       used 85886K, committed 87616K, reserved 1179648K
  class space    used 10110K, committed 10944K, reserved 1048576K
}
Event: 491.494 GC heap after
{Heap after GC invocations=82 (full 3):
 PSYoungGen      total 19968K, used 2302K [0x00000000d5580000, 0x00000000d7100000, 0x0000000100000000)
  eden space 17408K, 0% used [0x00000000d5580000,0x00000000d5580000,0x00000000d6680000)
  from space 2560K, 89% used [0x00000000d6680000,0x00000000d68bfb50,0x00000000d6900000)
  to   space 5120K, 0% used [0x00000000d6c00000,0x00000000d6c00000,0x00000000d7100000)
 ParOldGen       total 100352K, used 100323K [0x0000000080000000, 0x0000000086200000, 0x00000000d5580000)
  object space 100352K, 99% used [0x0000000080000000,0x00000000861f8de8,0x0000000086200000)
 Metaspace       used 85886K, committed 87616K, reserved 1179648K
  class space    used 10110K, committed 10944K, reserved 1048576K
}
Event: 492.392 GC heap before
{Heap before GC invocations=83 (full 3):
 PSYoungGen      total 19968K, used 19710K [0x00000000d5580000, 0x00000000d7100000, 0x0000000100000000)
  eden space 17408K, 100% used [0x00000000d5580000,0x00000000d6680000,0x00000000d6680000)
  from space 2560K, 89% used [0x00000000d6680000,0x00000000d68bfb50,0x00000000d6900000)
  to   space 5120K, 0% used [0x00000000d6c00000,0x00000000d6c00000,0x00000000d7100000)
 ParOldGen       total 100352K, used 100323K [0x0000000080000000, 0x0000000086200000, 0x00000000d5580000)
  object space 100352K, 99% used [0x0000000080000000,0x00000000861f8de8,0x0000000086200000)
 Metaspace       used 85965K, committed 87744K, reserved 1179648K
  class space    used 10116K, committed 10944K, reserved 1048576K
}
Event: 492.402 GC heap after
{Heap after GC invocations=83 (full 3):
 PSYoungGen      total 17920K, used 320K [0x00000000d5580000, 0x00000000d6c80000, 0x0000000100000000)
  eden space 17408K, 0% used [0x00000000d5580000,0x00000000d5580000,0x00000000d6680000)
  from space 512K, 62% used [0x00000000d6c00000,0x00000000d6c50068,0x00000000d6c80000)
  to   space 1536K, 0% used [0x00000000d6980000,0x00000000d6980000,0x00000000d6b00000)
 ParOldGen       total 102912K, used 102519K [0x0000000080000000, 0x0000000086480000, 0x00000000d5580000)
  object space 102912K, 99% used [0x0000000080000000,0x000000008641dcc8,0x0000000086480000)
 Metaspace       used 85965K, committed 87744K, reserved 1179648K
  class space    used 10116K, committed 10944K, reserved 1048576K
}
Event: 492.648 GC heap before
{Heap before GC invocations=84 (full 3):
 PSYoungGen      total 17920K, used 17728K [0x00000000d5580000, 0x00000000d6c80000, 0x0000000100000000)
  eden space 17408K, 100% used [0x00000000d5580000,0x00000000d6680000,0x00000000d6680000)
  from space 512K, 62% used [0x00000000d6c00000,0x00000000d6c50068,0x00000000d6c80000)
  to   space 1536K, 0% used [0x00000000d6980000,0x00000000d6980000,0x00000000d6b00000)
 ParOldGen       total 102912K, used 102519K [0x0000000080000000, 0x0000000086480000, 0x00000000d5580000)
  object space 102912K, 99% used [0x0000000080000000,0x000000008641dcc8,0x0000000086480000)
 Metaspace       used 86015K, committed 87808K, reserved 1179648K
  class space    used 10117K, committed 10944K, reserved 1048576K
}
Event: 492.653 GC heap after
{Heap after GC invocations=84 (full 3):
 PSYoungGen      total 18944K, used 1206K [0x00000000d5580000, 0x00000000d6c80000, 0x0000000100000000)
  eden space 17408K, 0% used [0x00000000d5580000,0x00000000d5580000,0x00000000d6680000)
  from space 1536K, 78% used [0x00000000d6980000,0x00000000d6aada20,0x00000000d6b00000)
  to   space 1536K, 0% used [0x00000000d6b00000,0x00000000d6b00000,0x00000000d6c80000)
 ParOldGen       total 102912K, used 102751K [0x0000000080000000, 0x0000000086480000, 0x00000000d5580000)
  object space 102912K, 99% used [0x0000000080000000,0x0000000086457d30,0x0000000086480000)
 Metaspace       used 86015K, committed 87808K, reserved 1179648K
  class space    used 10117K, committed 10944K, reserved 1048576K
}
Event: 492.885 GC heap before
{Heap before GC invocations=85 (full 3):
 PSYoungGen      total 18944K, used 18614K [0x00000000d5580000, 0x00000000d6c80000, 0x0000000100000000)
  eden space 17408K, 100% used [0x00000000d5580000,0x00000000d6680000,0x00000000d6680000)
  from space 1536K, 78% used [0x00000000d6980000,0x00000000d6aada20,0x00000000d6b00000)
  to   space 1536K, 0% used [0x00000000d6b00000,0x00000000d6b00000,0x00000000d6c80000)
 ParOldGen       total 102912K, used 102751K [0x0000000080000000, 0x0000000086480000, 0x00000000d5580000)
  object space 102912K, 99% used [0x0000000080000000,0x0000000086457d30,0x0000000086480000)
 Metaspace       used 86083K, committed 87872K, reserved 1179648K
  class space    used 10117K, committed 10944K, reserved 1048576K
}
Event: 492.888 GC heap after
{Heap after GC invocations=85 (full 3):
 PSYoungGen      total 17920K, used 192K [0x00000000d5580000, 0x00000000d6b80000, 0x0000000100000000)
  eden space 17408K, 0% used [0x00000000d5580000,0x00000000d5580000,0x00000000d6680000)
  from space 512K, 37% used [0x00000000d6b00000,0x00000000d6b30000,0x00000000d6b80000)
  to   space 1024K, 0% used [0x00000000d6980000,0x00000000d6980000,0x00000000d6a80000)
 ParOldGen       total 104448K, used 104071K [0x0000000080000000, 0x0000000086600000, 0x00000000d5580000)
  object space 104448K, 99% used [0x0000000080000000,0x00000000865a1ce0,0x0000000086600000)
 Metaspace       used 86083K, committed 87872K, reserved 1179648K
  class space    used 10117K, committed 10944K, reserved 1048576K
}
Event: 493.082 GC heap before
{Heap before GC invocations=86 (full 3):
 PSYoungGen      total 17920K, used 17600K [0x00000000d5580000, 0x00000000d6b80000, 0x0000000100000000)
  eden space 17408K, 100% used [0x00000000d5580000,0x00000000d6680000,0x00000000d6680000)
  from space 512K, 37% used [0x00000000d6b00000,0x00000000d6b30000,0x00000000d6b80000)
  to   space 1024K, 0% used [0x00000000d6980000,0x00000000d6980000,0x00000000d6a80000)
 ParOldGen       total 104448K, used 104071K [0x0000000080000000, 0x0000000086600000, 0x00000000d5580000)
  object space 104448K, 99% used [0x0000000080000000,0x00000000865a1ce0,0x0000000086600000)
 Metaspace       used 86130K, committed 87936K, reserved 1179648K
  class space    used 10117K, committed 10944K, reserved 1048576K
}
Event: 493.086 GC heap after
{Heap after GC invocations=86 (full 3):
 PSYoungGen      total 18432K, used 953K [0x00000000d5580000, 0x00000000d6b80000, 0x0000000100000000)
  eden space 17408K, 0% used [0x00000000d5580000,0x00000000d5580000,0x00000000d6680000)
  from space 1024K, 93% used [0x00000000d6980000,0x00000000d6a6e600,0x00000000d6a80000)
  to   space 1024K, 0% used [0x00000000d6a80000,0x00000000d6a80000,0x00000000d6b80000)
 ParOldGen       total 104448K, used 104111K [0x0000000080000000, 0x0000000086600000, 0x00000000d5580000)
  object space 104448K, 99% used [0x0000000080000000,0x00000000865abce0,0x0000000086600000)
 Metaspace       used 86130K, committed 87936K, reserved 1179648K
  class space    used 10117K, committed 10944K, reserved 1048576K
}
Event: 493.253 GC heap before
{Heap before GC invocations=87 (full 3):
 PSYoungGen      total 18432K, used 18361K [0x00000000d5580000, 0x00000000d6b80000, 0x0000000100000000)
  eden space 17408K, 100% used [0x00000000d5580000,0x00000000d6680000,0x00000000d6680000)
  from space 1024K, 93% used [0x00000000d6980000,0x00000000d6a6e600,0x00000000d6a80000)
  to   space 1024K, 0% used [0x00000000d6a80000,0x00000000d6a80000,0x00000000d6b80000)
 ParOldGen       total 104448K, used 104111K [0x0000000080000000, 0x0000000086600000, 0x00000000d5580000)
  object space 104448K, 99% used [0x0000000080000000,0x00000000865abce0,0x0000000086600000)
 Metaspace       used 86141K, committed 87936K, reserved 1179648K
  class space    used 10117K, committed 10944K, reserved 1048576K
}
Event: 493.257 GC heap after
{Heap after GC invocations=87 (full 3):
 PSYoungGen      total 17920K, used 256K [0x00000000d5580000, 0x00000000d6b00000, 0x0000000100000000)
  eden space 17408K, 0% used [0x00000000d5580000,0x00000000d5580000,0x00000000d6680000)
  from space 512K, 50% used [0x00000000d6a80000,0x00000000d6ac0000,0x00000000d6b00000)
  to   space 512K, 0% used [0x00000000d6a00000,0x00000000d6a00000,0x00000000d6a80000)
 ParOldGen       total 105472K, used 105423K [0x0000000080000000, 0x0000000086700000, 0x00000000d5580000)
  object space 105472K, 99% used [0x0000000080000000,0x00000000866f3c90,0x0000000086700000)
 Metaspace       used 86141K, committed 87936K, reserved 1179648K
  class space    used 10117K, committed 10944K, reserved 1048576K
}
Event: 502.203 GC heap before
{Heap before GC invocations=88 (full 3):
 PSYoungGen      total 17920K, used 17664K [0x00000000d5580000, 0x00000000d6b00000, 0x0000000100000000)
  eden space 17408K, 100% used [0x00000000d5580000,0x00000000d6680000,0x00000000d6680000)
  from space 512K, 50% used [0x00000000d6a80000,0x00000000d6ac0000,0x00000000d6b00000)
  to   space 512K, 0% used [0x00000000d6a00000,0x00000000d6a00000,0x00000000d6a80000)
 ParOldGen       total 105472K, used 105423K [0x0000000080000000, 0x0000000086700000, 0x00000000d5580000)
  object space 105472K, 99% used [0x0000000080000000,0x00000000866f3c90,0x0000000086700000)
 Metaspace       used 86216K, committed 88000K, reserved 1179648K
  class space    used 10118K, committed 10944K, reserved 1048576K
}
Event: 502.205 GC heap after
{Heap after GC invocations=88 (full 3):
 PSYoungGen      total 17920K, used 492K [0x00000000d5580000, 0x00000000d6b00000, 0x0000000100000000)
  eden space 17408K, 0% used [0x00000000d5580000,0x00000000d5580000,0x00000000d6680000)
  from space 512K, 96% used [0x00000000d6a00000,0x00000000d6a7b360,0x00000000d6a80000)
  to   space 512K, 0% used [0x00000000d6a80000,0x00000000d6a80000,0x00000000d6b00000)
 ParOldGen       total 105984K, used 105763K [0x0000000080000000, 0x0000000086780000, 0x00000000d5580000)
  object space 105984K, 99% used [0x0000000080000000,0x0000000086748ff0,0x0000000086780000)
 Metaspace       used 86216K, committed 88000K, reserved 1179648K
  class space    used 10118K, committed 10944K, reserved 1048576K
}
Event: 502.821 GC heap before
{Heap before GC invocations=89 (full 3):
 PSYoungGen      total 17920K, used 17900K [0x00000000d5580000, 0x00000000d6b00000, 0x0000000100000000)
  eden space 17408K, 100% used [0x00000000d5580000,0x00000000d6680000,0x00000000d6680000)
  from space 512K, 96% used [0x00000000d6a00000,0x00000000d6a7b360,0x00000000d6a80000)
  to   space 512K, 0% used [0x00000000d6a80000,0x00000000d6a80000,0x00000000d6b00000)
 ParOldGen       total 105984K, used 105763K [0x0000000080000000, 0x0000000086780000, 0x00000000d5580000)
  object space 105984K, 99% used [0x0000000080000000,0x0000000086748ff0,0x0000000086780000)
 Metaspace       used 86318K, committed 88064K, reserved 1179648K
  class space    used 10119K, committed 10944K, reserved 1048576K
}
Event: 502.828 GC heap after
{Heap after GC invocations=89 (full 3):
 PSYoungGen      total 17920K, used 492K [0x00000000d5580000, 0x00000000d6e80000, 0x0000000100000000)
  eden space 17408K, 0% used [0x00000000d5580000,0x00000000d5580000,0x00000000d6680000)
  from space 512K, 96% used [0x00000000d6a80000,0x00000000d6afb350,0x00000000d6b00000)
  to   space 4096K, 0% used [0x00000000d6680000,0x00000000d6680000,0x00000000d6a80000)
 ParOldGen       total 109056K, used 108645K [0x0000000080000000, 0x0000000086a80000, 0x00000000d5580000)
  object space 109056K, 99% used [0x0000000080000000,0x0000000086a19780,0x0000000086a80000)
 Metaspace       used 86318K, committed 88064K, reserved 1179648K
  class space    used 10119K, committed 10944K, reserved 1048576K
}
Event: 503.396 GC heap before
{Heap before GC invocations=90 (full 3):
 PSYoungGen      total 17920K, used 17900K [0x00000000d5580000, 0x00000000d6e80000, 0x0000000100000000)
  eden space 17408K, 100% used [0x00000000d5580000,0x00000000d6680000,0x00000000d6680000)
  from space 512K, 96% used [0x00000000d6a80000,0x00000000d6afb350,0x00000000d6b00000)
  to   space 4096K, 0% used [0x00000000d6680000,0x00000000d6680000,0x00000000d6a80000)
 ParOldGen       total 109056K, used 108645K [0x0000000080000000, 0x0000000086a80000, 0x00000000d5580000)
  object space 109056K, 99% used [0x0000000080000000,0x0000000086a19780,0x0000000086a80000)
 Metaspace       used 86441K, committed 88192K, reserved 1179648K
  class space    used 10119K, committed 10944K, reserved 1048576K
}
Event: 503.407 GC heap after
{Heap after GC invocations=90 (full 3):
 PSYoungGen      total 21504K, used 4076K [0x00000000d5580000, 0x00000000d7480000, 0x0000000100000000)
  eden space 17408K, 0% used [0x00000000d5580000,0x00000000d5580000,0x00000000d6680000)
  from space 4096K, 99% used [0x00000000d6680000,0x00000000d6a7b360,0x00000000d6a80000)
  to   space 7168K, 0% used [0x00000000d6d80000,0x00000000d6d80000,0x00000000d7480000)
 ParOldGen       total 111104K, used 110670K [0x0000000080000000, 0x0000000086c80000, 0x00000000d5580000)
  object space 111104K, 99% used [0x0000000080000000,0x0000000086c13b10,0x0000000086c80000)
 Metaspace       used 86441K, committed 88192K, reserved 1179648K
  class space    used 10119K, committed 10944K, reserved 1048576K
}

Dll operation events (15 events):
Event: 0.054 Loaded shared library c:\Users\Admin\.antigravity\extensions\redhat.java-1.54.0-win32-x64\jre\21.0.10-win32-x86_64\bin\java.dll
Event: 1.380 Loaded shared library c:\Users\Admin\.antigravity\extensions\redhat.java-1.54.0-win32-x64\jre\21.0.10-win32-x86_64\bin\zip.dll
Event: 1.828 Loaded shared library C:\Users\Admin\.antigravity\extensions\redhat.java-1.54.0-win32-x64\jre\21.0.10-win32-x86_64\bin\instrument.dll
Event: 1.890 Loaded shared library C:\Users\Admin\.antigravity\extensions\redhat.java-1.54.0-win32-x64\jre\21.0.10-win32-x86_64\bin\net.dll
Event: 1.906 Loaded shared library C:\Users\Admin\.antigravity\extensions\redhat.java-1.54.0-win32-x64\jre\21.0.10-win32-x86_64\bin\nio.dll
Event: 1.972 Loaded shared library C:\Users\Admin\.antigravity\extensions\redhat.java-1.54.0-win32-x64\jre\21.0.10-win32-x86_64\bin\zip.dll
Event: 2.584 Loaded shared library C:\Users\Admin\.antigravity\extensions\redhat.java-1.54.0-win32-x64\jre\21.0.10-win32-x86_64\bin\jimage.dll
Event: 3.931 Loaded shared library c:\Users\Admin\.antigravity\extensions\redhat.java-1.54.0-win32-x64\jre\21.0.10-win32-x86_64\bin\verify.dll
Event: 37.548 Loaded shared library C:\Users\Admin\AppData\Roaming\Antigravity\User\globalStorage\redhat.java\1.54.0\config_win\org.eclipse.equinox.launcher\org.eclipse.equinox.launcher.win32.win32.x86_64_1.3.0.v20260203-2149\eclipse_11919.dll
Event: 86.535 Loaded shared library C:\Users\Admin\AppData\Local\Temp\jna-63116079\jna6879948024491285258.dll
Event: 103.540 Loaded shared library D:\gradle-cache\native\c067742578af261105cb4f569cf0c3c89f3d7b1fecec35dd04571415982c5e48\windows-amd64\native-platform.dll
Event: 133.505 Loaded shared library C:\Users\Admin\.antigravity\extensions\redhat.java-1.54.0-win32-x64\jre\21.0.10-win32-x86_64\bin\management.dll
Event: 133.682 Loaded shared library C:\Users\Admin\.antigravity\extensions\redhat.java-1.54.0-win32-x64\jre\21.0.10-win32-x86_64\bin\management_ext.dll
Event: 149.788 Loaded shared library C:\Users\Admin\.antigravity\extensions\redhat.java-1.54.0-win32-x64\jre\21.0.10-win32-x86_64\bin\extnet.dll
Event: 161.167 Loaded shared library C:\Users\Admin\.antigravity\extensions\redhat.java-1.54.0-win32-x64\jre\21.0.10-win32-x86_64\bin\sunmscapi.dll

Deoptimization events (20 events):
Event: 503.411 Thread 0x0000012e093fca80 DEOPT PACKING pc=0x0000012e28973210 sp=0x000000066abfe100
Event: 503.411 Thread 0x0000012e093fca80 DEOPT UNPACKING pc=0x0000012e27983aa2 sp=0x000000066abfe068 mode 2
Event: 504.188 Thread 0x0000012e093fca80 DEOPT PACKING pc=0x0000012e21ba3191 sp=0x000000066abfe710
Event: 504.188 Thread 0x0000012e093fca80 DEOPT UNPACKING pc=0x0000012e27984242 sp=0x000000066abfdc20 mode 0
Event: 504.320 Thread 0x0000012e093fca80 DEOPT PACKING pc=0x0000012e21bab32b sp=0x000000066abfe710
Event: 504.320 Thread 0x0000012e093fca80 DEOPT UNPACKING pc=0x0000012e27984242 sp=0x000000066abfdbf8 mode 0
Event: 504.323 Thread 0x0000012e093fbd60 DEOPT PACKING pc=0x0000012e2173b332 sp=0x000000066b2fe470
Event: 504.323 Thread 0x0000012e093fbd60 DEOPT UNPACKING pc=0x0000012e27984242 sp=0x000000066b2fd9e8 mode 0
Event: 504.323 Thread 0x0000012e093fbd60 DEOPT PACKING pc=0x0000012e21f084e8 sp=0x000000066b2fe310
Event: 504.323 Thread 0x0000012e093fbd60 DEOPT UNPACKING pc=0x0000012e27984242 sp=0x000000066b2fd820 mode 0
Event: 504.358 Thread 0x0000012e093fbd60 DEOPT PACKING pc=0x0000012e220a7b4b sp=0x000000066b2fe980
Event: 504.358 Thread 0x0000012e093fbd60 DEOPT UNPACKING pc=0x0000012e27984242 sp=0x000000066b2fdee0 mode 0
Event: 504.368 Thread 0x0000012e093fbd60 DEOPT PACKING pc=0x0000012e220a7b4b sp=0x000000066b2fea10
Event: 504.368 Thread 0x0000012e093fbd60 DEOPT UNPACKING pc=0x0000012e27984242 sp=0x000000066b2fdf70 mode 0
Event: 504.380 Thread 0x0000012e093fbd60 DEOPT PACKING pc=0x0000012e220a7a7e sp=0x000000066b2fea10
Event: 504.380 Thread 0x0000012e093fbd60 DEOPT UNPACKING pc=0x0000012e27984242 sp=0x000000066b2fdf68 mode 0
Event: 504.389 Thread 0x0000012e093fbd60 DEOPT PACKING pc=0x0000012e220a7aa9 sp=0x000000066b2fea10
Event: 504.389 Thread 0x0000012e093fbd60 DEOPT UNPACKING pc=0x0000012e27984242 sp=0x000000066b2fdf60 mode 0
Event: 504.398 Thread 0x0000012e093fbd60 DEOPT PACKING pc=0x0000012e220a7a7e sp=0x000000066b2fea10
Event: 504.398 Thread 0x0000012e093fbd60 DEOPT UNPACKING pc=0x0000012e27984242 sp=0x000000066b2fdf68 mode 0

Classes loaded (20 events):
Event: 281.875 Loading class java/util/concurrent/ConcurrentHashMap$TreeNode
Event: 281.875 Loading class java/util/concurrent/ConcurrentHashMap$TreeNode done
Event: 281.878 Loading class java/util/concurrent/ConcurrentHashMap$TreeBin
Event: 281.880 Loading class java/util/concurrent/ConcurrentHashMap$TreeBin done
Event: 284.376 Loading class jdk/internal/ref/CleanerImpl$InnocuousThreadFactory
Event: 284.378 Loading class jdk/internal/ref/CleanerImpl$InnocuousThreadFactory done
Event: 285.936 Loading class java/util/regex/Pattern$Behind
Event: 285.936 Loading class java/util/regex/Pattern$Behind done
Event: 285.939 Loading class java/util/regex/Pattern$Neg
Event: 285.948 Loading class java/util/regex/Pattern$Neg done
Event: 389.799 Loading class java/util/stream/Nodes$CollectorTask$OfRef
Event: 389.799 Loading class java/util/stream/Nodes$CollectorTask
Event: 389.800 Loading class java/util/stream/Nodes$CollectorTask done
Event: 389.800 Loading class java/util/stream/Nodes$CollectorTask$OfRef done
Event: 389.800 Loading class java/util/function/LongFunction
Event: 389.800 Loading class java/util/function/LongFunction done
Event: 389.800 Loading class java/util/stream/Nodes$ConcNode
Event: 389.800 Loading class java/util/stream/Nodes$AbstractConcNode
Event: 389.801 Loading class java/util/stream/Nodes$AbstractConcNode done
Event: 389.801 Loading class java/util/stream/Nodes$ConcNode done

Classes unloaded (11 events):
Event: 87.760 Thread 0x0000012e1d172550 Unloading class 0x0000012e351a5000 'java/lang/invoke/LambdaForm$MH+0x0000012e351a5000'
Event: 87.760 Thread 0x0000012e1d172550 Unloading class 0x0000012e351a4c00 'java/lang/invoke/LambdaForm$MH+0x0000012e351a4c00'
Event: 87.760 Thread 0x0000012e1d172550 Unloading class 0x0000012e351a4800 'java/lang/invoke/LambdaForm$MH+0x0000012e351a4800'
Event: 87.760 Thread 0x0000012e1d172550 Unloading class 0x0000012e351a4400 'java/lang/invoke/LambdaForm$MH+0x0000012e351a4400'
Event: 87.760 Thread 0x0000012e1d172550 Unloading class 0x0000012e351a4000 'java/lang/invoke/LambdaForm$BMH+0x0000012e351a4000'
Event: 87.760 Thread 0x0000012e1d172550 Unloading class 0x0000012e351a3c00 'java/lang/invoke/LambdaForm$DMH+0x0000012e351a3c00'
Event: 87.760 Thread 0x0000012e1d172550 Unloading class 0x0000012e351a2800 'java/lang/invoke/LambdaForm$DMH+0x0000012e351a2800'
Event: 91.846 Thread 0x0000012e1d172550 Unloading class 0x0000012e352f9400 'java/lang/invoke/LambdaForm$MH+0x0000012e352f9400'
Event: 91.846 Thread 0x0000012e1d172550 Unloading class 0x0000012e352f8c00 'java/lang/invoke/LambdaForm$MH+0x0000012e352f8c00'
Event: 91.846 Thread 0x0000012e1d172550 Unloading class 0x0000012e352f8400 'java/lang/invoke/LambdaForm$DMH+0x0000012e352f8400'
Event: 91.846 Thread 0x0000012e1d172550 Unloading class 0x0000012e352f7800 'java/lang/invoke/LambdaForm$MH+0x0000012e352f7800'

Classes redefined (0 events):
No events

Internal exceptions (20 events):
Event: 280.069 Thread 0x0000012e7b5962f0 Exception <a 'java/lang/NoSuchMethodError'{0x00000000d57d1520}: 'void java.lang.invoke.DirectMethodHandle$Holder.invokeVirtual(java.lang.Object, java.lang.Object, java.lang.Object, java.lang.Object, java.lang.Object)'> (0x00000000d57d1520) 
thrown [s\src\hotspot\share\interpreter\linkResolver.cpp, line 773]
Event: 280.071 Thread 0x0000012e093fff00 Exception <a 'java/lang/NoSuchMethodError'{0x00000000d577acc8}: 'void java.lang.invoke.DirectMethodHandle$Holder.invokeVirtual(java.lang.Object, java.lang.Object, java.lang.Object, java.lang.Object, java.lang.Object)'> (0x00000000d577acc8) 
thrown [s\src\hotspot\share\interpreter\linkResolver.cpp, line 773]
Event: 281.149 Thread 0x0000012e093fff00 Exception <a 'java/lang/NoSuchMethodError'{0x00000000d630e6c8}: 'java.lang.Object java.lang.invoke.DirectMethodHandle$Holder.invokeStatic(java.lang.Object, java.lang.Object, int, java.lang.Object)'> (0x00000000d630e6c8) 
thrown [s\src\hotspot\share\interpreter\linkResolver.cpp, line 773]
Event: 281.835 Thread 0x0000012e7b5962f0 Implicit null exception at 0x0000012e28777d23 to 0x0000012e2877a904
Event: 281.840 Thread 0x0000012e7b5962f0 Implicit null exception at 0x0000012e28777158 to 0x0000012e287771d8
Event: 282.768 Thread 0x0000012e7b5962f0 Exception <a 'java/io/IOException'{0x00000000d5735510}> (0x00000000d5735510) 
thrown [s\src\hotspot\share\prims\jni.cpp, line 520]
Event: 284.399 Thread 0x0000012e7d7a4270 Exception <a 'java/lang/IncompatibleClassChangeError'{0x00000000d5e15b98}: Found class java.lang.Object, but interface was expected> (0x00000000d5e15b98) 
thrown [s\src\hotspot\share\interpreter\linkResolver.cpp, line 840]
Event: 284.516 Thread 0x0000012e09400c20 Exception <a 'java/lang/ArrayIndexOutOfBoundsException'{0x00000000d5789bf8}: Index 137235 out of bounds for length 137234> (0x00000000d5789bf8) 
thrown [s\src\hotspot\share\interpreter\interpreterRuntime.cpp, line 439]
Event: 287.026 Thread 0x0000012e09402660 Exception <a 'java/lang/NoSuchMethodError'{0x00000000d61a9260}: 'int java.lang.invoke.DirectMethodHandle$Holder.invokeVirtual(java.lang.Object, java.lang.Object, java.lang.Object, int)'> (0x00000000d61a9260) 
thrown [s\src\hotspot\share\interpreter\linkResolver.cpp, line 773]
Event: 287.462 Thread 0x0000012e09402660 Implicit null exception at 0x0000012e288872d1 to 0x0000012e28887b20
Event: 389.816 Thread 0x0000012e7b593500 Exception <a 'sun/nio/fs/WindowsException'{0x00000000d5e8b968}> (0x00000000d5e8b968) 
thrown [s\src\hotspot\share\prims\jni.cpp, line 520]
Event: 389.816 Thread 0x0000012e7b593500 Exception <a 'sun/nio/fs/WindowsException'{0x00000000d5e8c310}> (0x00000000d5e8c310) 
thrown [s\src\hotspot\share\prims\jni.cpp, line 520]
Event: 389.864 Thread 0x0000012e7b593500 Exception <a 'java/io/IOException'{0x00000000d5fe9600}> (0x00000000d5fe9600) 
thrown [s\src\hotspot\share\prims\jni.cpp, line 520]
Event: 389.864 Thread 0x0000012e7b593500 Exception <a 'java/io/IOException'{0x00000000d5fe9928}> (0x00000000d5fe9928) 
thrown [s\src\hotspot\share\prims\jni.cpp, line 520]
Event: 389.864 Thread 0x0000012e7b593500 Exception <a 'java/io/IOException'{0x00000000d5fe9c50}> (0x00000000d5fe9c50) 
thrown [s\src\hotspot\share\prims\jni.cpp, line 520]
Event: 389.864 Thread 0x0000012e7b593500 Exception <a 'java/io/IOException'{0x00000000d5fe9f78}> (0x00000000d5fe9f78) 
thrown [s\src\hotspot\share\prims\jni.cpp, line 520]
Event: 389.876 Thread 0x0000012e7b593500 Exception <a 'java/io/IOException'{0x00000000d6005c18}> (0x00000000d6005c18) 
thrown [s\src\hotspot\share\prims\jni.cpp, line 520]
Event: 488.421 Thread 0x0000012e7d7a4270 Exception <a 'java/lang/IncompatibleClassChangeError'{0x00000000d55ff118}: Found class java.lang.Object, but interface was expected> (0x00000000d55ff118) 
thrown [s\src\hotspot\share\interpreter\linkResolver.cpp, line 840]
Event: 488.435 Thread 0x0000012e093ff870 Exception <a 'java/lang/NoSuchMethodError'{0x00000000d5656858}: 'java.lang.Object java.lang.invoke.DirectMethodHandle$Holder.invokeSpecial(java.lang.Object, java.lang.Object, java.lang.Object, java.lang.Object, int, java.lang.Object, java.lang.Object)'> (0x00000000d5656858) 
thrown [s\src\hotspot\share\interpreter\linkResolver.cpp, line 773]
Event: 502.200 Thread 0x0000012e7d7a5cb0 Exception <a 'java/io/IOException'{0x00000000d6562698}> (0x00000000d6562698) 
thrown [s\src\hotspot\share\prims\jni.cpp, line 520]

ZGC Phase Switch (0 events):
No events

VM Operations (20 events):
Event: 492.648 Executing safepoint VM operation: ParallelGCFailedAllocation (Allocation Failure)
Event: 492.653 Executing safepoint VM operation: ParallelGCFailedAllocation (Allocation Failure) done
Event: 492.885 Executing safepoint VM operation: ParallelGCFailedAllocation (Allocation Failure)
Event: 492.888 Executing safepoint VM operation: ParallelGCFailedAllocation (Allocation Failure) done
Event: 493.003 Executing safepoint VM operation: ICBufferFull
Event: 493.004 Executing safepoint VM operation: ICBufferFull done
Event: 493.082 Executing safepoint VM operation: ParallelGCFailedAllocation (Allocation Failure)
Event: 493.086 Executing safepoint VM operation: ParallelGCFailedAllocation (Allocation Failure) done
Event: 493.253 Executing safepoint VM operation: ParallelGCFailedAllocation (Allocation Failure)
Event: 493.257 Executing safepoint VM operation: ParallelGCFailedAllocation (Allocation Failure) done
Event: 494.257 Executing safepoint VM operation: Cleanup
Event: 494.257 Executing safepoint VM operation: Cleanup done
Event: 502.202 Executing safepoint VM operation: ParallelGCFailedAllocation (Allocation Failure)
Event: 502.205 Executing safepoint VM operation: ParallelGCFailedAllocation (Allocation Failure) done
Event: 502.821 Executing safepoint VM operation: ParallelGCFailedAllocation (Allocation Failure)
Event: 502.829 Executing safepoint VM operation: ParallelGCFailedAllocation (Allocation Failure) done
Event: 503.396 Executing safepoint VM operation: ParallelGCFailedAllocation (Allocation Failure)
Event: 503.407 Executing safepoint VM operation: ParallelGCFailedAllocation (Allocation Failure) done
Event: 504.408 Executing safepoint VM operation: Cleanup
Event: 504.408 Executing safepoint VM operation: Cleanup done

Memory protections (0 events):
No events

Nmethod flushes (20 events):
Event: 140.390 Thread 0x0000012e1d172550 flushing  nmethod 0x0000012e20dfd910
Event: 140.390 Thread 0x0000012e1d172550 flushing  nmethod 0x0000012e20e15610
Event: 140.390 Thread 0x0000012e1d172550 flushing  nmethod 0x0000012e20e16390
Event: 140.390 Thread 0x0000012e1d172550 flushing  nmethod 0x0000012e20e18790
Event: 140.390 Thread 0x0000012e1d172550 flushing  nmethod 0x0000012e20e18c90
Event: 140.390 Thread 0x0000012e1d172550 flushing  nmethod 0x0000012e20e19210
Event: 140.390 Thread 0x0000012e1d172550 flushing  nmethod 0x0000012e20e1aa90
Event: 140.390 Thread 0x0000012e1d172550 flushing  nmethod 0x0000012e20e1af90
Event: 140.390 Thread 0x0000012e1d172550 flushing  nmethod 0x0000012e20e1bc90
Event: 140.390 Thread 0x0000012e1d172550 flushing  nmethod 0x0000012e20e23390
Event: 140.390 Thread 0x0000012e1d172550 flushing  nmethod 0x0000012e20e25c90
Event: 140.390 Thread 0x0000012e1d172550 flushing  nmethod 0x0000012e20e26390
Event: 140.390 Thread 0x0000012e1d172550 flushing  nmethod 0x0000012e20e26990
Event: 140.390 Thread 0x0000012e1d172550 flushing  nmethod 0x0000012e20e63690
Event: 140.390 Thread 0x0000012e1d172550 flushing  nmethod 0x0000012e20e63a90
Event: 140.390 Thread 0x0000012e1d172550 flushing  nmethod 0x0000012e20e64390
Event: 140.390 Thread 0x0000012e1d172550 flushing  nmethod 0x0000012e20e64e90
Event: 140.390 Thread 0x0000012e1d172550 flushing  nmethod 0x0000012e20e65990
Event: 140.390 Thread 0x0000012e1d172550 flushing  nmethod 0x0000012e20e66710
Event: 140.390 Thread 0x0000012e1d172550 flushing  nmethod 0x0000012e20e68190

Events (20 events):
Event: 389.818 Thread 0x0000012e7b593500 Thread added: 0x0000012e7b5948b0
Event: 389.821 Thread 0x0000012e7b5948b0 Thread exited: 0x0000012e7b5948b0
Event: 389.830 Thread 0x0000012e1d17b840 Thread added: 0x0000012e7b89cf10
Event: 389.830 Thread 0x0000012e1d17b840 Thread added: 0x0000012e7b8a20d0
Event: 394.924 Thread 0x0000012e7b8a20d0 Thread exited: 0x0000012e7b8a20d0
Event: 399.915 Thread 0x0000012e7b89cf10 Thread exited: 0x0000012e7b89cf10
Event: 408.829 Thread 0x0000012e09400c20 Thread exited: 0x0000012e09400c20
Event: 468.829 Thread 0x0000012e093fff00 Thread exited: 0x0000012e093fff00
Event: 487.256 Thread 0x0000012e7648fb30 Thread added: 0x0000012e7b89f120
Event: 487.419 Thread 0x0000012e7648fb30 Thread added: 0x0000012e7b89cf10
Event: 488.429 Thread 0x0000012e7b89cf10 Thread exited: 0x0000012e7b89cf10
Event: 489.059 Thread 0x0000012e7b89f120 Thread exited: 0x0000012e7b89f120
Event: 489.101 Thread 0x0000012e7648fb30 Thread added: 0x0000012e7b8a20d0
Event: 489.222 Thread 0x0000012e7648fb30 Thread added: 0x0000012e7b8a27a0
Event: 492.101 Thread 0x0000012e7b8a27a0 Thread exited: 0x0000012e7b8a27a0
Event: 492.193 Thread 0x0000012e7648fb30 Thread added: 0x0000012e7b8a27a0
Event: 498.428 Thread 0x0000012e7b8a27a0 Thread exited: 0x0000012e7b8a27a0
Event: 498.428 Thread 0x0000012e7b8a20d0 Thread exited: 0x0000012e7b8a20d0
Event: 502.216 Thread 0x0000012e7648fb30 Thread added: 0x0000012e7b8a20d0
Event: 502.235 Thread 0x0000012e7648fb30 Thread added: 0x0000012e7b8a27a0


Dynamic libraries:
0x00007ff712e30000 - 0x00007ff712e3e000 	c:\Users\Admin\.antigravity\extensions\redhat.java-1.54.0-win32-x64\jre\21.0.10-win32-x86_64\bin\java.exe
0x00007ff955b40000 - 0x00007ff955da7000 	C:\WINDOWS\SYSTEM32\ntdll.dll
0x00007ff954250000 - 0x00007ff954319000 	C:\WINDOWS\System32\KERNEL32.DLL
0x00007ff953110000 - 0x00007ff953504000 	C:\WINDOWS\System32\KERNELBASE.dll
0x00007ff953750000 - 0x00007ff95389b000 	C:\WINDOWS\System32\ucrtbase.dll
0x00007ff91e860000 - 0x00007ff91e878000 	c:\Users\Admin\.antigravity\extensions\redhat.java-1.54.0-win32-x64\jre\21.0.10-win32-x86_64\bin\jli.dll
0x00007ff9543e0000 - 0x00007ff9545a5000 	C:\WINDOWS\System32\USER32.dll
0x00007ff9538a0000 - 0x00007ff9538c7000 	C:\WINDOWS\System32\win32u.dll
0x00007ff954bc0000 - 0x00007ff954beb000 	C:\WINDOWS\System32\GDI32.dll
0x00007ff952c80000 - 0x00007ff952dab000 	C:\WINDOWS\System32\gdi32full.dll
0x00007ff953060000 - 0x00007ff953103000 	C:\WINDOWS\System32\msvcp_win.dll
0x00007ff941330000 - 0x00007ff9415c3000 	C:\WINDOWS\WinSxS\amd64_microsoft.windows.common-controls_6595b64144ccf1df_6.0.26100.8115_none_3e075c82e3354f9c\COMCTL32.dll
0x00007ff91ee70000 - 0x00007ff91ee8e000 	c:\Users\Admin\.antigravity\extensions\redhat.java-1.54.0-win32-x64\jre\21.0.10-win32-x86_64\bin\VCRUNTIME140.dll
0x00007ff9548d0000 - 0x00007ff954979000 	C:\WINDOWS\System32\msvcrt.dll
0x00007ff955510000 - 0x00007ff955542000 	C:\WINDOWS\System32\IMM32.DLL
0x00007ff932e90000 - 0x00007ff932e9c000 	c:\Users\Admin\.antigravity\extensions\redhat.java-1.54.0-win32-x64\jre\21.0.10-win32-x86_64\bin\vcruntime140_1.dll
0x00007ff8e83a0000 - 0x00007ff8e842d000 	c:\Users\Admin\.antigravity\extensions\redhat.java-1.54.0-win32-x64\jre\21.0.10-win32-x86_64\bin\msvcp140.dll
0x00007ff8bd240000 - 0x00007ff8bdfe1000 	c:\Users\Admin\.antigravity\extensions\redhat.java-1.54.0-win32-x64\jre\21.0.10-win32-x86_64\bin\server\jvm.dll
0x00007ff954bf0000 - 0x00007ff954ca6000 	C:\WINDOWS\System32\ADVAPI32.dll
0x00007ff954b10000 - 0x00007ff954bb7000 	C:\WINDOWS\System32\sechost.dll
0x00007ff954980000 - 0x00007ff954a98000 	C:\WINDOWS\System32\RPCRT4.dll
0x00007ff955550000 - 0x00007ff9555d0000 	C:\WINDOWS\System32\WS2_32.dll
0x00007ff952270000 - 0x00007ff9522ce000 	C:\WINDOWS\SYSTEM32\POWRPROF.dll
0x00007ff941670000 - 0x00007ff9416a6000 	C:\WINDOWS\SYSTEM32\WINMM.dll
0x00007ff9506f0000 - 0x00007ff9506fb000 	C:\WINDOWS\SYSTEM32\VERSION.dll
0x00007ff952250000 - 0x00007ff952264000 	C:\WINDOWS\SYSTEM32\UMPDC.dll
0x00007ff951160000 - 0x00007ff95117b000 	C:\WINDOWS\SYSTEM32\kernel.appcore.dll
0x00007ff932d70000 - 0x00007ff932d7a000 	c:\Users\Admin\.antigravity\extensions\redhat.java-1.54.0-win32-x64\jre\21.0.10-win32-x86_64\bin\jimage.dll
0x00007ff94d5d0000 - 0x00007ff94d812000 	C:\WINDOWS\SYSTEM32\DBGHELP.DLL
0x00007ff9555e0000 - 0x00007ff955962000 	C:\WINDOWS\System32\combase.dll
0x00007ff955430000 - 0x00007ff955508000 	C:\WINDOWS\System32\OLEAUT32.dll
0x00007ff942370000 - 0x00007ff9423ab000 	C:\WINDOWS\SYSTEM32\dbgcore.DLL
0x00007ff952f20000 - 0x00007ff952fc5000 	C:\WINDOWS\System32\bcryptPrimitives.dll
0x00007ff9202d0000 - 0x00007ff9202df000 	c:\Users\Admin\.antigravity\extensions\redhat.java-1.54.0-win32-x64\jre\21.0.10-win32-x86_64\bin\instrument.dll
0x00007ff915540000 - 0x00007ff915560000 	c:\Users\Admin\.antigravity\extensions\redhat.java-1.54.0-win32-x64\jre\21.0.10-win32-x86_64\bin\java.dll
0x00007ff953a30000 - 0x00007ff954197000 	C:\WINDOWS\System32\SHELL32.dll
0x00007ff952db0000 - 0x00007ff952f1a000 	C:\WINDOWS\System32\wintypes.dll
0x00007ff952410000 - 0x00007ff952c78000 	C:\WINDOWS\System32\windows.storage.dll
0x00007ff954cb0000 - 0x00007ff954da8000 	C:\WINDOWS\System32\SHCORE.dll
0x00007ff954aa0000 - 0x00007ff954b06000 	C:\WINDOWS\System32\shlwapi.dll
0x00007ff952330000 - 0x00007ff952359000 	C:\WINDOWS\SYSTEM32\profapi.dll
0x00007ff914da0000 - 0x00007ff914db8000 	c:\Users\Admin\.antigravity\extensions\redhat.java-1.54.0-win32-x64\jre\21.0.10-win32-x86_64\bin\zip.dll
0x00007ff932c10000 - 0x00007ff932c20000 	C:\Users\Admin\.antigravity\extensions\redhat.java-1.54.0-win32-x64\jre\21.0.10-win32-x86_64\bin\net.dll
0x00007ff947850000 - 0x00007ff94797d000 	C:\WINDOWS\SYSTEM32\WINHTTP.dll
0x00007ff9516b0000 - 0x00007ff95171c000 	C:\WINDOWS\system32\mswsock.dll
0x00007ff913e70000 - 0x00007ff913e86000 	C:\Users\Admin\.antigravity\extensions\redhat.java-1.54.0-win32-x64\jre\21.0.10-win32-x86_64\bin\nio.dll
0x00007ff920090000 - 0x00007ff9200a0000 	c:\Users\Admin\.antigravity\extensions\redhat.java-1.54.0-win32-x64\jre\21.0.10-win32-x86_64\bin\verify.dll
0x00007ff8f5830000 - 0x00007ff8f5875000 	C:\Users\Admin\AppData\Roaming\Antigravity\User\globalStorage\redhat.java\1.54.0\config_win\org.eclipse.equinox.launcher\org.eclipse.equinox.launcher.win32.win32.x86_64_1.3.0.v20260203-2149\eclipse_11919.dll
0x00007ff954db0000 - 0x00007ff954f47000 	C:\WINDOWS\System32\ole32.dll
0x00007ff951ab0000 - 0x00007ff951acb000 	C:\WINDOWS\SYSTEM32\CRYPTSP.dll
0x00007ff9510c0000 - 0x00007ff9510f9000 	C:\WINDOWS\system32\rsaenh.dll
0x00007ff951760000 - 0x00007ff951793000 	C:\WINDOWS\SYSTEM32\USERENV.dll
0x00007ff952300000 - 0x00007ff95232a000 	C:\WINDOWS\SYSTEM32\bcrypt.dll
0x00007ff951910000 - 0x00007ff95191c000 	C:\WINDOWS\SYSTEM32\CRYPTBASE.dll
0x00007ff950b90000 - 0x00007ff950bc2000 	C:\WINDOWS\SYSTEM32\IPHLPAPI.DLL
0x00007ff955af0000 - 0x00007ff955afa000 	C:\WINDOWS\System32\NSI.dll
0x00007ff8ee110000 - 0x00007ff8ee159000 	C:\Users\Admin\AppData\Local\Temp\jna-63116079\jna6879948024491285258.dll
0x00007ff9541a0000 - 0x00007ff9541a8000 	C:\WINDOWS\System32\PSAPI.DLL
0x00007ff94cdc0000 - 0x00007ff94cddd000 	C:\WINDOWS\SYSTEM32\dhcpcsvc6.DLL
0x00007ff94cd10000 - 0x00007ff94cd35000 	C:\WINDOWS\SYSTEM32\dhcpcsvc.DLL
0x00007ff913790000 - 0x00007ff9137b7000 	D:\gradle-cache\native\c067742578af261105cb4f569cf0c3c89f3d7b1fecec35dd04571415982c5e48\windows-amd64\native-platform.dll
0x00007ff91fca0000 - 0x00007ff91fcaa000 	C:\Users\Admin\.antigravity\extensions\redhat.java-1.54.0-win32-x64\jre\21.0.10-win32-x86_64\bin\management.dll
0x00007ff91ef00000 - 0x00007ff91ef0c000 	C:\Users\Admin\.antigravity\extensions\redhat.java-1.54.0-win32-x64\jre\21.0.10-win32-x86_64\bin\management_ext.dll
0x00007ff923520000 - 0x00007ff923529000 	C:\Users\Admin\.antigravity\extensions\redhat.java-1.54.0-win32-x64\jre\21.0.10-win32-x86_64\bin\extnet.dll
0x00007ff93d580000 - 0x00007ff93d58e000 	C:\Users\Admin\.antigravity\extensions\redhat.java-1.54.0-win32-x64\jre\21.0.10-win32-x86_64\bin\sunmscapi.dll
0x00007ff9535d0000 - 0x00007ff953747000 	C:\WINDOWS\System32\CRYPT32.dll
0x00007ff951c10000 - 0x00007ff951c40000 	C:\WINDOWS\SYSTEM32\ncrypt.dll
0x00007ff951bc0000 - 0x00007ff951bff000 	C:\WINDOWS\SYSTEM32\NTASN1.dll
0x00007ff8e5960000 - 0x00007ff8e5968000 	C:\WINDOWS\system32\wshunix.dll

JVMTI agents:
c:\Users\Admin\.antigravity\extensions\redhat.java-1.54.0-win32-x64\lombok\lombok-1.18.39-4050.jar path:c:\Users\Admin\.antigravity\extensions\redhat.java-1.54.0-win32-x64\jre\21.0.10-win32-x86_64\bin\instrument.dll, loaded, initialized, instrumentlib options:none

dbghelp: loaded successfully - version: 4.0.5 - missing functions: none
symbol engine: initialized successfully - sym options: 0x614 - pdb path: .;c:\Users\Admin\.antigravity\extensions\redhat.java-1.54.0-win32-x64\jre\21.0.10-win32-x86_64\bin;C:\WINDOWS\SYSTEM32;C:\WINDOWS\WinSxS\amd64_microsoft.windows.common-controls_6595b64144ccf1df_6.0.26100.8115_none_3e075c82e3354f9c;c:\Users\Admin\.antigravity\extensions\redhat.java-1.54.0-win32-x64\jre\21.0.10-win32-x86_64\bin\server;C:\Users\Admin\AppData\Roaming\Antigravity\User\globalStorage\redhat.java\1.54.0\config_win\org.eclipse.equinox.launcher\org.eclipse.equinox.launcher.win32.win32.x86_64_1.3.0.v20260203-2149;C:\Users\Admin\AppData\Local\Temp\jna-63116079;D:\gradle-cache\native\c067742578af261105cb4f569cf0c3c89f3d7b1fecec35dd04571415982c5e48\windows-amd64

VM Arguments:
jvm_args: --add-modules=ALL-SYSTEM --add-opens=java.base/java.util=ALL-UNNAMED --add-opens=java.base/java.lang=ALL-UNNAMED --add-opens=java.base/sun.nio.fs=ALL-UNNAMED -Declipse.application=org.eclipse.jdt.ls.core.id1 -Dosgi.bundles.defaultStartLevel=4 -Declipse.product=org.eclipse.jdt.ls.core.product -Djava.import.generatesMetadataFilesAtProjectRoot=false -DDetectVMInstallationsJob.disabled=true -Dfile.encoding=utf8 -XX:+UseParallelGC -XX:GCTimeRatio=4 -XX:AdaptiveSizePolicyWeight=90 -Dsun.zip.disableMemoryMapping=true -Xmx2G -Xms100m -Xlog:disable -javaagent:c:\Users\Admin\.antigravity\extensions\redhat.java-1.54.0-win32-x64\lombok\lombok-1.18.39-4050.jar -XX:+HeapDumpOnOutOfMemoryError -XX:HeapDumpPath=c:\Users\Admin\AppData\Roaming\Antigravity\User\workspaceStorage\dffee3d69171cb4c4b6eecd46c920398\redhat.java -Daether.dependencyCollector.impl=bf 
java_command: c:\Users\Admin\.antigravity\extensions\redhat.java-1.54.0-win32-x64\server\plugins\org.eclipse.equinox.launcher_1.7.100.v20251111-0406.jar -configuration c:\Users\Admin\AppData\Roaming\Antigravity\User\globalStorage\redhat.java\1.54.0\config_win -data c:\Users\Admin\AppData\Roaming\Antigravity\User\workspaceStorage\dffee3d69171cb4c4b6eecd46c920398\redhat.java\jdt_ws --pipe=\\.\pipe\lsp-e64aef786d5e9571675a0ec2441d3f33-sock
java_class_path (initial): c:\Users\Admin\.antigravity\extensions\redhat.java-1.54.0-win32-x64\server\plugins\org.eclipse.equinox.launcher_1.7.100.v20251111-0406.jar
Launcher Type: SUN_STANDARD

[Global flags]
    uintx AdaptiveSizePolicyWeight                 = 90                                        {product} {command line}
     intx CICompilerCount                          = 4                                         {product} {ergonomic}
    uintx GCTimeRatio                              = 4                                         {product} {command line}
     bool HeapDumpOnOutOfMemoryError               = true                                   {manageable} {command line}
    ccstr HeapDumpPath                             = c:\Users\Admin\AppData\Roaming\Antigravity\User\workspaceStorage\dffee3d69171cb4c4b6eecd46c920398\redhat.java         {manageable} {command line}
   size_t InitialHeapSize                          = 104857600                                 {product} {command line}
   size_t MaxHeapSize                              = 2147483648                                {product} {command line}
   size_t MaxNewSize                               = 715653120                                 {product} {ergonomic}
   size_t MinHeapDeltaBytes                        = 524288                                    {product} {ergonomic}
   size_t MinHeapSize                              = 104857600                                 {product} {command line}
   size_t NewSize                                  = 34603008                                  {product} {ergonomic}
    uintx NonNMethodCodeHeapSize                   = 5839372                                {pd product} {ergonomic}
    uintx NonProfiledCodeHeapSize                  = 122909434                              {pd product} {ergonomic}
   size_t OldSize                                  = 70254592                                  {product} {ergonomic}
    uintx ProfiledCodeHeapSize                     = 122909434                              {pd product} {ergonomic}
    uintx ReservedCodeCacheSize                    = 251658240                              {pd product} {ergonomic}
     bool SegmentedCodeCache                       = true                                      {product} {ergonomic}
   size_t SoftMaxHeapSize                          = 2147483648                             {manageable} {ergonomic}
     bool UseCompressedOops                        = true                           {product lp64_product} {ergonomic}
     bool UseLargePagesIndividualAllocation        = false                                  {pd product} {ergonomic}
     bool UseParallelGC                            = true                                      {product} {command line}

Logging:
Log output configuration:
 #0: stdout all=off uptime,level,tags foldmultilines=false
 #1: stderr all=off uptime,level,tags foldmultilines=false

Release file:
JAVA_VERSION="21.0.10" 
MODULES="java.base java.compiler java.datatransfer java.xml java.prefs java.desktop java.instrument java.logging java.management java.security.sasl java.naming java.rmi java.management.rmi java.net.http java.scripting java.security.jgss java.transaction.xa java.sql java.sql.rowset java.xml.crypto java.se java.smartcardio jdk.accessibility jdk.internal.jvmstat jdk.attach jdk.charsets jdk.internal.opt jdk.zipfs jdk.compiler jdk.crypto.ec jdk.crypto.cryptoki jdk.crypto.mscapi jdk.dynalink jdk.internal.ed jdk.editpad jdk.hotspot.agent jdk.httpserver jdk.internal.le jdk.internal.vm.ci jdk.internal.vm.compiler jdk.internal.vm.compiler.management jdk.jartool jdk.javadoc jdk.jcmd jdk.management jdk.management.agent jdk.jconsole jdk.jdeps jdk.jdwp.agent jdk.jdi jdk.jfr jdk.jshell jdk.jsobject jdk.jstatd jdk.localedata jdk.management.jfr jdk.naming.dns jdk.naming.rmi jdk.net jdk.nio.mapmode jdk.random jdk.sctp jdk.security.auth jdk.security.jgss jdk.unsupported jdk.unsupported.desktop jdk.xml.dom" 

Environment Variables:
JAVA_HOME=C:\Program Files\OpenLogic\jdk-17.0.14.7-hotspot
PATH=C:\Program Files\OpenLogic\jdk-17.0.14.7-hotspot\bin;C:\Python313\Scripts\;C:\Python313\;C:\Program Files\OpenLogic\jdk-22.0.2.9-hotspot\bin;C:\Python312\Scripts\;C:\Python312\;C:\WINDOWS\system32;C:\WINDOWS;C:\WINDOWS\System32\Wbem;C:\WINDOWS\System32\WindowsPowerShell\v1.0\;C:\WINDOWS\System32\OpenSSH\;D:\Flutter\flutter_windows_3.24.3-stable\flutter\bin;C:\ProgramData\chocolatey\bin;C:\Users\Admin\AppData\Local\Android\Sdk;C:\Users\Admin\AppData\Local\Android\Sdk\tools\bin;C:\Program Files\Git\cmd;C:\Users\Admin\AppData\Local\Android\Sdk\tools;C:\xampp\php;C:\ProgramData\ComposerSetup\bin;C:\Program Files\TortoiseSVN\bin;C:\Users\Admin\AppData\Local\nvm;C:\Program Files\nodejs;C:\Users\Admin\AppData\Local\Android\Sdk\platform-tools;C:\Users\Admin\AppData\Local\jdk-11.0.2\bin;C:\Users\Admin\AppData\Local\Microsoft\WindowsApps;C:\Users\Admin\AppData\Local\Programs\Microsoft VS Code\bin;D:\Flutter\flutter_windows_3.24.3-stable\flutter\bin;C:\Users\Admin\AppData\Local\Microsoft\WinGet\Packages\Schniz.fnm_Microsoft.Winget.Source_8wekyb3d8bbwe;C:\Users\Admin\AppData\Local\Android\Sdk;C:\Users\Admin\AppData\Local\Android\Sdk\tools\bin;C:\Users\Admin\AppData\Local\Android\Sdk\tools;C:\Users\Admin\AppData\Roaming\Composer\vendor\bin;C:\Program Files\PostgreSQL\17\bin;C:\Users\Admin\AppData\Roaming\npm;C:\Program Files\OpenLogic\jdk-17.0.14.7-hotspot\bin;C:\Users\Admin\AppData\Local\nvm;C:\Program Files\nodejs;C:\Users\Admin\AppData\Local\Programs\Antigravity\bin
USERNAME=Admin
OS=Windows_NT
PROCESSOR_IDENTIFIER=Intel64 Family 6 Model 142 Stepping 12, GenuineIntel
TMP=C:\Users\Admin\AppData\Local\Temp
TEMP=C:\Users\Admin\AppData\Local\Temp




Periodic native trim disabled

---------------  S Y S T E M  ---------------

OS:
 Windows 11 , 64 bit Build 26100 (10.0.26100.8246)
OS uptime: 1 days 2:06 hours
Hyper-V role detected

CPU: total 8 (initial active 8) (4 cores per cpu, 2 threads per core) family 6 model 142 stepping 12 microcode 0xf8, cx8, cmov, fxsr, ht, mmx, 3dnowpref, sse, sse2, sse3, ssse3, sse4.1, sse4.2, popcnt, lzcnt, tsc, tscinvbit, avx, avx2, aes, erms, clmul, bmi1, bmi2, adx, fma, vzeroupper, clflush, clflushopt, hv, rdtscp, f16c
Processor Information for the first 8 processors :
  Max Mhz: 2208, Current Mhz: 1706, Mhz Limit: 1700

Memory: 4k page, system-wide physical 16087M (1895M free)
TotalPageFile size 18560M (AvailPageFile size 2M)
current process WorkingSet (physical memory assigned to process): 431M, peak: 431M
current process commit charge ("private bytes"): 510M, peak: 1765M

vm_info: OpenJDK 64-Bit Server VM (21.0.10+7-LTS) for windows-amd64 JRE (21.0.10+7-LTS), built on 2026-01-20T00:00:00Z by "admin" with MS VC++ 17.12 (VS2022)

END.
